#
# There is insufficient memory for the Java Runtime Environment to continue.
# Native memory allocation (mmap) failed to map 35651584 bytes for G1 virtual space
# Possible reasons:
#   The system is out of physical RAM or swap space
#   The process is running with CompressedOops enabled, and the Java Heap may be blocking the growth of the native heap
# Possible solutions:
#   Reduce memory load on the system
#   Increase physical memory or swap space
#   Check if swap backing store is full
#   Decrease Java heap size (-Xmx/-Xms)
#   Decrease number of Java threads
#   Decrease Java thread stack sizes (-Xss)
#   Set larger code cache with -XX:ReservedCodeCacheSize=
#   JVM is running with Unscaled Compressed Oops mode in which the Java heap is
#     placed in the first 4GB address space. The Java Heap base address is the
#     maximum limit for the native heap growth. Please use -XX:HeapBaseMinAddress
#     to set the Java Heap base and to place the Java Heap above 4GB virtual address.
# This output file may be truncated or incomplete.
#
#  Out of Memory Error (os_windows.cpp:3771), pid=10308, tid=10536
#
# JRE version: OpenJDK Runtime Environment JBR-17.0.7+7-1000.2-nomod (17.0.7+7) (build 17.0.7+7-b1000.2)
# Java VM: OpenJDK 64-Bit Server VM JBR-17.0.7+7-1000.2-nomod (17.0.7+7-b1000.2, mixed mode, tiered, compressed oops, compressed class ptrs, g1 gc, windows-amd64)
# No core dump will be written. Minidumps are not enabled by default on client versions of Windows
#

---------------  S U M M A R Y ------------

Command Line: --add-opens=java.base/java.util=ALL-UNNAMED --add-opens=java.base/java.lang=ALL-UNNAMED --add-opens=java.base/java.lang.invoke=ALL-UNNAMED --add-opens=java.prefs/java.util.prefs=ALL-UNNAMED --add-opens=java.base/java.nio.charset=ALL-UNNAMED --add-opens=java.base/java.net=ALL-UNNAMED --add-opens=java.base/java.util.concurrent.atomic=ALL-UNNAMED -Xmx2048m -Dfile.encoding=UTF-8 -Duser.country=KR -Duser.language=ko -Duser.variant org.gradle.launcher.daemon.bootstrap.GradleDaemon 8.0

Host: Intel(R) Core(TM) i5-10210U CPU @ 1.60GHz, 8 cores, 7G,  Windows 10 , 64 bit Build 19041 (10.0.19041.3570)
Time: Sun Oct 22 00:09:11 2023  Windows 10 , 64 bit Build 19041 (10.0.19041.3570) elapsed time: 10.823409 seconds (0d 0h 0m 10s)

---------------  T H R E A D  ---------------

Current thread (0x000001dd7fa60360):  VMThread "VM Thread" [stack: 0x0000004c94f00000,0x0000004c95000000] [id=10536]

Stack: [0x0000004c94f00000,0x0000004c95000000]
Native frames: (J=compiled Java code, j=interpreted, Vv=VM code, C=native code)
V  [jvm.dll+0x683b4a]  os::platform_print_native_stack+0xca  (os_windows_x86.cpp:235)
V  [jvm.dll+0x843004]  VMError::report+0xc34  (vmError.cpp:744)
V  [jvm.dll+0x84491e]  VMError::report_and_die+0x78e  (vmError.cpp:1585)
V  [jvm.dll+0x844f83]  VMError::report_and_die+0x43  (vmError.cpp:1371)
V  [jvm.dll+0x24ad2f]  report_vm_out_of_memory+0x8f  (debug.cpp:321)
V  [jvm.dll+0x680a19]  os::pd_commit_memory_or_exit+0xc9  (os_windows.cpp:3779)
V  [jvm.dll+0x6750ea]  os::commit_memory_or_exit+0x2a  (os.cpp:1754)
V  [jvm.dll+0x30b3cb]  G1PageBasedVirtualSpace::commit+0x19b  (g1PageBasedVirtualSpace.cpp:204)
V  [jvm.dll+0x312876]  G1RegionsLargerThanCommitSizeMapper::commit_regions+0x96  (g1RegionToSpaceMapper.cpp:100)
V  [jvm.dll+0x36221e]  HeapRegionManager::expand_any+0xee  (heapRegionManager.cpp:363)
V  [jvm.dll+0x36244f]  HeapRegionManager::expand_by+0x7f  (heapRegionManager.cpp:380)
V  [jvm.dll+0x2e14a8]  G1CollectedHeap::expand+0xb8  (g1CollectedHeap.cpp:1298)
V  [jvm.dll+0x2df684]  G1CollectedHeap::do_collection_pause_at_safepoint_helper+0x9e4  (g1CollectedHeap.cpp:3049)
V  [jvm.dll+0x2dec8c]  G1CollectedHeap::do_collection_pause_at_safepoint+0x5c  (g1CollectedHeap.cpp:2912)
V  [jvm.dll+0x32382b]  VM_G1CollectForAllocation::doit+0x6b  (g1VMOperations.cpp:146)
V  [jvm.dll+0x84964b]  VM_Operation::evaluate+0xfb  (vmOperations.cpp:73)
V  [jvm.dll+0x84a384]  VMThread::evaluate_operation+0xe4  (vmThread.cpp:270)
V  [jvm.dll+0x84a89d]  VMThread::inner_execute+0x1ad  (vmThread.cpp:418)
V  [jvm.dll+0x84ac74]  VMThread::loop+0x254  (vmThread.cpp:482)
V  [jvm.dll+0x84ad40]  VMThread::run+0x70  (vmThread.cpp:167)
V  [jvm.dll+0x7f2a1a]  Thread::call_run+0x8a  (thread.cpp:404)
V  [jvm.dll+0x682985]  thread_native_entry+0x75  (os_windows.cpp:548)
C  [ucrtbase.dll+0x21bb2]
C  [KERNEL32.DLL+0x17344]
C  [ntdll.dll+0x526b1]

VM_Operation (0x0000004c978fdfe0): G1CollectForAllocation, mode: safepoint, requested by thread 0x000001dd1512d670


---------------  P R O C E S S  ---------------

Threads class SMR info:
_java_thread_list=0x000001dd18459f80, length=43, elements={
0x000001dd72959f10, 0x000001dd7fa62e20, 0x000001dd7fa638e0, 0x000001dd13024010,
0x000001dd13048410, 0x000001dd13048cd0, 0x000001dd13049590, 0x000001dd1304c190,
0x000001dd1304eaa0, 0x000001dd1304fb80, 0x000001dd131c1bc0, 0x000001dd1321c6e0,
0x000001dd151a7640, 0x000001dd15a483f0, 0x000001dd15a48e30, 0x000001dd1517bae0,
0x000001dd1517bfb0, 0x000001dd15634630, 0x000001dd13d56ac0, 0x000001dd14ce7030,
0x000001dd1519c7a0, 0x000001dd14e89880, 0x000001dd14e88ee0, 0x000001dd14e88a10,
0x000001dd14e893b0, 0x000001dd14e88540, 0x000001dd1689a990, 0x000001dd1512b4c0,
0x000001dd1512be60, 0x000001dd1512c800, 0x000001dd1512b990, 0x000001dd15126c90,
0x000001dd1512d670, 0x000001dd1512c330, 0x000001dd15129310, 0x000001dd151297e0,
0x000001dd15129cb0, 0x000001dd1512a180, 0x000001dd1512d1a0, 0x000001dd1512ccd0,
0x000001dd15127160, 0x000001dd1512a650, 0x000001dd15127630
}

Java Threads: ( => current thread )
  0x000001dd72959f10 JavaThread "main" [_thread_blocked, id=17464, stack(0x0000004c94900000,0x0000004c94a00000)]
  0x000001dd7fa62e20 JavaThread "Reference Handler" daemon [_thread_blocked, id=11940, stack(0x0000004c95000000,0x0000004c95100000)]
  0x000001dd7fa638e0 JavaThread "Finalizer" daemon [_thread_blocked, id=7900, stack(0x0000004c95100000,0x0000004c95200000)]
  0x000001dd13024010 JavaThread "Signal Dispatcher" daemon [_thread_blocked, id=18712, stack(0x0000004c95200000,0x0000004c95300000)]
  0x000001dd13048410 JavaThread "Attach Listener" daemon [_thread_blocked, id=13512, stack(0x0000004c95300000,0x0000004c95400000)]
  0x000001dd13048cd0 JavaThread "Service Thread" daemon [_thread_blocked, id=20860, stack(0x0000004c95400000,0x0000004c95500000)]
  0x000001dd13049590 JavaThread "Monitor Deflation Thread" daemon [_thread_blocked, id=20512, stack(0x0000004c95500000,0x0000004c95600000)]
  0x000001dd1304c190 JavaThread "C2 CompilerThread0" daemon [_thread_blocked, id=22292, stack(0x0000004c95600000,0x0000004c95700000)]
  0x000001dd1304eaa0 JavaThread "C1 CompilerThread0" daemon [_thread_blocked, id=11540, stack(0x0000004c95700000,0x0000004c95800000)]
  0x000001dd1304fb80 JavaThread "Sweeper thread" daemon [_thread_blocked, id=5600, stack(0x0000004c95800000,0x0000004c95900000)]
  0x000001dd131c1bc0 JavaThread "Common-Cleaner" daemon [_thread_blocked, id=12956, stack(0x0000004c95900000,0x0000004c95a00000)]
  0x000001dd1321c6e0 JavaThread "Notification Thread" daemon [_thread_blocked, id=15828, stack(0x0000004c95a00000,0x0000004c95b00000)]
  0x000001dd151a7640 JavaThread "Daemon health stats" [_thread_blocked, id=10584, stack(0x0000004c96100000,0x0000004c96200000)]
  0x000001dd15a483f0 JavaThread "Incoming local TCP Connector on port 52151" [_thread_in_native, id=10864, stack(0x0000004c95c00000,0x0000004c95d00000)]
  0x000001dd15a48e30 JavaThread "Daemon periodic checks" [_thread_blocked, id=17268, stack(0x0000004c96200000,0x0000004c96300000)]
  0x000001dd1517bae0 JavaThread "Daemon" [_thread_blocked, id=11920, stack(0x0000004c96300000,0x0000004c96400000)]
  0x000001dd1517bfb0 JavaThread "Handler for socket connection from /127.0.0.1:52151 to /127.0.0.1:52152" [_thread_in_native, id=13888, stack(0x0000004c96400000,0x0000004c96500000)]
  0x000001dd15634630 JavaThread "C2 CompilerThread1" daemon [_thread_in_native, id=20852, stack(0x0000004c96500000,0x0000004c96600000)]
  0x000001dd13d56ac0 JavaThread "Cancel handler" [_thread_blocked, id=20712, stack(0x0000004c96600000,0x0000004c96700000)]
  0x000001dd14ce7030 JavaThread "Daemon worker" [_thread_blocked, id=20960, stack(0x0000004c96700000,0x0000004c96800000)]
  0x000001dd1519c7a0 JavaThread "Asynchronous log dispatcher for DefaultDaemonConnection: socket connection from /127.0.0.1:52151 to /127.0.0.1:52152" [_thread_blocked, id=4924, stack(0x0000004c96800000,0x0000004c96900000)]
  0x000001dd14e89880 JavaThread "Stdin handler" [_thread_blocked, id=8744, stack(0x0000004c96900000,0x0000004c96a00000)]
  0x000001dd14e88ee0 JavaThread "Daemon client event forwarder" [_thread_blocked, id=22356, stack(0x0000004c96a00000,0x0000004c96b00000)]
  0x000001dd14e88a10 JavaThread "Cache worker for journal cache (C:\Users\sttung\.gradle\caches\journal-1)" [_thread_blocked, id=3160, stack(0x0000004c96f00000,0x0000004c97000000)]
  0x000001dd14e893b0 JavaThread "File lock request listener" [_thread_in_native, id=21412, stack(0x0000004c97000000,0x0000004c97100000)]
  0x000001dd14e88540 JavaThread "Cache worker for file hash cache (C:\Users\sttung\.gradle\caches\8.0\fileHashes)" [_thread_blocked, id=15736, stack(0x0000004c97100000,0x0000004c97200000)]
  0x000001dd1689a990 JavaThread "C2 CompilerThread2" daemon [_thread_blocked, id=20504, stack(0x0000004c97200000,0x0000004c97300000)]
  0x000001dd1512b4c0 JavaThread "File watcher server" daemon [_thread_in_native, id=8692, stack(0x0000004c97300000,0x0000004c97400000)]
  0x000001dd1512be60 JavaThread "File watcher consumer" daemon [_thread_blocked, id=1636, stack(0x0000004c97400000,0x0000004c97500000)]
  0x000001dd1512c800 JavaThread "jar transforms" [_thread_blocked, id=7516, stack(0x0000004c97500000,0x0000004c97600000)]
  0x000001dd1512b990 JavaThread "jar transforms Thread 2" [_thread_blocked, id=16788, stack(0x0000004c97600000,0x0000004c97700000)]
  0x000001dd15126c90 JavaThread "jar transforms Thread 3" [_thread_blocked, id=18480, stack(0x0000004c97700000,0x0000004c97800000)]
  0x000001dd1512d670 JavaThread "jar transforms Thread 4" [_thread_blocked, id=23008, stack(0x0000004c97800000,0x0000004c97900000)]
  0x000001dd1512c330 JavaThread "jar transforms Thread 5" [_thread_blocked, id=4480, stack(0x0000004c97900000,0x0000004c97a00000)]
  0x000001dd15129310 JavaThread "jar transforms Thread 6" [_thread_blocked, id=23204, stack(0x0000004c97a00000,0x0000004c97b00000)]
  0x000001dd151297e0 JavaThread "jar transforms Thread 7" [_thread_blocked, id=11072, stack(0x0000004c97b00000,0x0000004c97c00000)]
  0x000001dd15129cb0 JavaThread "jar transforms Thread 8" [_thread_blocked, id=18636, stack(0x0000004c97c00000,0x0000004c97d00000)]
  0x000001dd1512a180 JavaThread "Cache worker for checksums cache (C:\Users\sttung\AndroidStudioProjects\Kle-Kle\.gradle\8.0\checksums)" [_thread_blocked, id=18348, stack(0x0000004c97d00000,0x0000004c97e00000)]
  0x000001dd1512d1a0 JavaThread "Cache worker for cache directory md-rule (C:\Users\sttung\.gradle\caches\8.0\md-rule)" [_thread_blocked, id=17772, stack(0x0000004c97e00000,0x0000004c97f00000)]
  0x000001dd1512ccd0 JavaThread "Cache worker for file content cache (C:\Users\sttung\.gradle\caches\8.0\fileContent)" [_thread_blocked, id=17180, stack(0x0000004c97f00000,0x0000004c98000000)]
  0x000001dd15127160 JavaThread "Cache worker for file hash cache (C:\Users\sttung\AndroidStudioProjects\Kle-Kle\.gradle\8.0\fileHashes)" [_thread_blocked, id=14984, stack(0x0000004c98000000,0x0000004c98100000)]
  0x000001dd1512a650 JavaThread "Cache worker for cache directory md-supplier (C:\Users\sttung\.gradle\caches\8.0\md-supplier)" [_thread_blocked, id=412, stack(0x0000004c98100000,0x0000004c98200000)]
  0x000001dd15127630 JavaThread "Cache worker for execution history cache (C:\Users\sttung\.gradle\caches\8.0\executionHistory)" [_thread_blocked, id=1472, stack(0x0000004c98200000,0x0000004c98300000)]

Other Threads:
=>0x000001dd7fa60360 VMThread "VM Thread" [stack: 0x0000004c94f00000,0x0000004c95000000] [id=10536]
  0x000001dd729ddb60 WatcherThread [stack: 0x0000004c95b00000,0x0000004c95c00000] [id=22572]
  0x000001dd729b70f0 GCTaskThread "GC Thread#0" [stack: 0x0000004c94a00000,0x0000004c94b00000] [id=8272]
  0x000001dd13a19ea0 GCTaskThread "GC Thread#1" [stack: 0x0000004c95e00000,0x0000004c95f00000] [id=20100]
  0x000001dd13a1b6d0 GCTaskThread "GC Thread#2" [stack: 0x0000004c95f00000,0x0000004c96000000] [id=16224]
  0x000001dd13a1b420 GCTaskThread "GC Thread#3" [stack: 0x0000004c96000000,0x0000004c96100000] [id=20892]
  0x000001dd13a1a6b0 GCTaskThread "GC Thread#4" [stack: 0x0000004c95d00000,0x0000004c95e00000] [id=15648]
  0x000001dd13a1b170 GCTaskThread "GC Thread#5" [stack: 0x0000004c96b00000,0x0000004c96c00000] [id=23292]
  0x000001dd13a1a960 GCTaskThread "GC Thread#6" [stack: 0x0000004c96c00000,0x0000004c96d00000] [id=8476]
  0x000001dd13a1ac10 GCTaskThread "GC Thread#7" [stack: 0x0000004c96d00000,0x0000004c96e00000] [id=12016]
  0x000001dd729c7f40 ConcurrentGCThread "G1 Main Marker" [stack: 0x0000004c94b00000,0x0000004c94c00000] [id=13172]
  0x000001dd729c9000 ConcurrentGCThread "G1 Conc#0" [stack: 0x0000004c94c00000,0x0000004c94d00000] [id=21088]
  0x000001dd14c81de0 ConcurrentGCThread "G1 Conc#1" [stack: 0x0000004c96e00000,0x0000004c96f00000] [id=10304]
  0x000001dd7f8c30d0 ConcurrentGCThread "G1 Refine#0" [stack: 0x0000004c94d00000,0x0000004c94e00000] [id=10604]
  0x000001dd7f8c3900 ConcurrentGCThread "G1 Service" [stack: 0x0000004c94e00000,0x0000004c94f00000] [id=8412]

Threads with active compile tasks:
C2 CompilerThread0    11066 4612       4       org.gradle.internal.classpath.InstrumentingBackwardsCompatibilityVisitor$BackwardCompatibilityMethodVisitor::visitFieldInsn (24 bytes)
C2 CompilerThread1    11066 4728       4       org.objectweb.asm.ClassReader::readCode (5109 bytes)
C2 CompilerThread2    11067 4674       4       org.apache.commons.compress.archivers.zip.StreamCompressor::writeCounted (30 bytes)

VM state: at safepoint (normal execution)

VM Mutex/Monitor currently owned by a thread:  ([mutex/lock_event])
[0x000001dd729552f0] Threads_lock - owner thread: 0x000001dd7fa60360
[0x000001dd72956190] Heap_lock - owner thread: 0x000001dd1512d670

Heap address: 0x0000000080000000, size: 2048 MB, Compressed Oops mode: 32-bit

CDS archive(s) not mapped
Compressed class space mapped at: 0x0000000100000000-0x0000000140000000, reserved size: 1073741824
Narrow klass base: 0x0000000000000000, Narrow klass shift: 3, Narrow klass range: 0x140000000

GC Precious Log:
 CPUs: 8 total, 8 available
 Memory: 7971M
 Large Page Support: Disabled
 NUMA Support: Disabled
 Compressed Oops: Enabled (32-bit)
 Heap Region Size: 1M
 Heap Min Capacity: 8M
 Heap Initial Capacity: 126M
 Heap Max Capacity: 2G
 Pre-touch: Disabled
 Parallel Workers: 8
 Concurrent Workers: 2
 Concurrent Refinement Workers: 8
 Periodic GC: Disabled

Heap:
 garbage-first heap   total 172032K, used 87960K [0x0000000080000000, 0x0000000100000000)
  region size 1024K, 2 young (2048K), 2 survivors (2048K)
 Metaspace       used 46943K, committed 47360K, reserved 1114112K
  class space    used 6196K, committed 6400K, reserved 1048576K

Heap Regions: E=young(eden), S=young(survivor), O=old, HS=humongous(starts), HC=humongous(continues), CS=collection set, F=free, OA=open archive, CA=closed archive, TAMS=top-at-mark-start (previous, next)
|   0|0x0000000080000000, 0x0000000080100000, 0x0000000080100000|100%|HS|  |TAMS 0x0000000080100000, 0x0000000080100000| Complete 
|   1|0x0000000080100000, 0x0000000080200000, 0x0000000080200000|100%|HC|  |TAMS 0x0000000080200000, 0x0000000080200000| Complete 
|   2|0x0000000080200000, 0x0000000080300000, 0x0000000080300000|100%|HC|  |TAMS 0x0000000080300000, 0x0000000080300000| Complete 
|   3|0x0000000080300000, 0x0000000080400000, 0x0000000080400000|100%|HC|  |TAMS 0x0000000080400000, 0x0000000080400000| Complete 
|   4|0x0000000080400000, 0x0000000080500000, 0x0000000080500000|100%| O|  |TAMS 0x0000000080500000, 0x0000000080500000| Untracked 
|   5|0x0000000080500000, 0x0000000080600000, 0x0000000080600000|100%| O|  |TAMS 0x0000000080600000, 0x0000000080600000| Untracked 
|   6|0x0000000080600000, 0x0000000080700000, 0x0000000080700000|100%| O|  |TAMS 0x0000000080700000, 0x0000000080700000| Untracked 
|   7|0x0000000080700000, 0x0000000080800000, 0x0000000080800000|100%| O|  |TAMS 0x0000000080800000, 0x0000000080800000| Untracked 
|   8|0x0000000080800000, 0x0000000080900000, 0x0000000080900000|100%| O|  |TAMS 0x0000000080900000, 0x0000000080900000| Untracked 
|   9|0x0000000080900000, 0x0000000080a00000, 0x0000000080a00000|100%| O|  |TAMS 0x0000000080a00000, 0x0000000080a00000| Untracked 
|  10|0x0000000080a00000, 0x0000000080b00000, 0x0000000080b00000|100%| O|  |TAMS 0x0000000080b00000, 0x0000000080b00000| Untracked 
|  11|0x0000000080b00000, 0x0000000080bb5000, 0x0000000080c00000| 70%| O|  |TAMS 0x0000000080bb5000, 0x0000000080bb5000| Untracked 
|  12|0x0000000080c00000, 0x0000000080d00000, 0x0000000080d00000|100%| O|  |TAMS 0x0000000080d00000, 0x0000000080d00000| Untracked 
|  13|0x0000000080d00000, 0x0000000080e00000, 0x0000000080e00000|100%| O|  |TAMS 0x0000000080e00000, 0x0000000080e00000| Untracked 
|  14|0x0000000080e00000, 0x0000000080f00000, 0x0000000080f00000|100%| O|  |TAMS 0x0000000080f00000, 0x0000000080f00000| Untracked 
|  15|0x0000000080f00000, 0x0000000081000000, 0x0000000081000000|100%| O|  |TAMS 0x0000000081000000, 0x0000000081000000| Untracked 
|  16|0x0000000081000000, 0x0000000081100000, 0x0000000081100000|100%| O|  |TAMS 0x0000000081100000, 0x0000000081100000| Untracked 
|  17|0x0000000081100000, 0x0000000081200000, 0x0000000081200000|100%| O|  |TAMS 0x0000000081200000, 0x0000000081200000| Untracked 
|  18|0x0000000081200000, 0x0000000081300000, 0x0000000081300000|100%| O|  |TAMS 0x0000000081300000, 0x0000000081300000| Untracked 
|  19|0x0000000081300000, 0x0000000081400000, 0x0000000081400000|100%|HS|  |TAMS 0x0000000081400000, 0x0000000081400000| Complete 
|  20|0x0000000081400000, 0x0000000081500000, 0x0000000081500000|100%|HC|  |TAMS 0x0000000081500000, 0x0000000081500000| Complete 
|  21|0x0000000081500000, 0x0000000081600000, 0x0000000081600000|100%|HS|  |TAMS 0x0000000081600000, 0x0000000081600000| Complete 
|  22|0x0000000081600000, 0x0000000081700000, 0x0000000081700000|100%|HC|  |TAMS 0x0000000081700000, 0x0000000081700000| Complete 
|  23|0x0000000081700000, 0x0000000081800000, 0x0000000081800000|100%|HC|  |TAMS 0x0000000081800000, 0x0000000081800000| Complete 
|  24|0x0000000081800000, 0x0000000081900000, 0x0000000081900000|100%|HS|  |TAMS 0x0000000081900000, 0x0000000081900000| Complete 
|  25|0x0000000081900000, 0x0000000081a00000, 0x0000000081a00000|100%|HC|  |TAMS 0x0000000081a00000, 0x0000000081a00000| Complete 
|  26|0x0000000081a00000, 0x0000000081b00000, 0x0000000081b00000|100%| O|  |TAMS 0x0000000081b00000, 0x0000000081b00000| Untracked 
|  27|0x0000000081b00000, 0x0000000081c00000, 0x0000000081c00000|100%|HS|  |TAMS 0x0000000081c00000, 0x0000000081c00000| Complete 
|  28|0x0000000081c00000, 0x0000000081d00000, 0x0000000081d00000|100%|HC|  |TAMS 0x0000000081d00000, 0x0000000081d00000| Complete 
|  29|0x0000000081d00000, 0x0000000081e00000, 0x0000000081e00000|100%|HC|  |TAMS 0x0000000081e00000, 0x0000000081e00000| Complete 
|  30|0x0000000081e00000, 0x0000000081f00000, 0x0000000081f00000|100%|HS|  |TAMS 0x0000000081f00000, 0x0000000081f00000| Complete 
|  31|0x0000000081f00000, 0x0000000082000000, 0x0000000082000000|100%|HC|  |TAMS 0x0000000082000000, 0x0000000082000000| Complete 
|  32|0x0000000082000000, 0x0000000082100000, 0x0000000082100000|100%| O|  |TAMS 0x0000000082100000, 0x0000000082100000| Untracked 
|  33|0x0000000082100000, 0x0000000082200000, 0x0000000082200000|100%| O|  |TAMS 0x0000000082200000, 0x0000000082200000| Untracked 
|  34|0x0000000082200000, 0x0000000082300000, 0x0000000082300000|100%| O|  |TAMS 0x0000000082300000, 0x0000000082300000| Untracked 
|  35|0x0000000082300000, 0x0000000082400000, 0x0000000082400000|100%| O|  |TAMS 0x0000000082400000, 0x0000000082400000| Untracked 
|  36|0x0000000082400000, 0x0000000082500000, 0x0000000082500000|100%| O|  |TAMS 0x0000000082500000, 0x0000000082500000| Untracked 
|  37|0x0000000082500000, 0x0000000082600000, 0x0000000082600000|100%|HS|  |TAMS 0x0000000082600000, 0x0000000082600000| Complete 
|  38|0x0000000082600000, 0x0000000082700000, 0x0000000082700000|100%|HC|  |TAMS 0x0000000082700000, 0x0000000082700000| Complete 
|  39|0x0000000082700000, 0x0000000082800000, 0x0000000082800000|100%|HC|  |TAMS 0x0000000082800000, 0x0000000082800000| Complete 
|  40|0x0000000082800000, 0x0000000082900000, 0x0000000082900000|100%|HC|  |TAMS 0x0000000082900000, 0x0000000082900000| Complete 
|  41|0x0000000082900000, 0x0000000082a00000, 0x0000000082a00000|100%|HC|  |TAMS 0x0000000082a00000, 0x0000000082a00000| Complete 
|  42|0x0000000082a00000, 0x0000000082b00000, 0x0000000082b00000|100%| O|  |TAMS 0x0000000082b00000, 0x0000000082b00000| Untracked 
|  43|0x0000000082b00000, 0x0000000082c00000, 0x0000000082c00000|100%| O|  |TAMS 0x0000000082c00000, 0x0000000082c00000| Untracked 
|  44|0x0000000082c00000, 0x0000000082d00000, 0x0000000082d00000|100%| O|  |TAMS 0x0000000082d00000, 0x0000000082d00000| Untracked 
|  45|0x0000000082d00000, 0x0000000082e00000, 0x0000000082e00000|100%| O|  |TAMS 0x0000000082e00000, 0x0000000082e00000| Untracked 
|  46|0x0000000082e00000, 0x0000000082f00000, 0x0000000082f00000|100%|HS|  |TAMS 0x0000000082f00000, 0x0000000082f00000| Complete 
|  47|0x0000000082f00000, 0x0000000083000000, 0x0000000083000000|100%|HC|  |TAMS 0x0000000083000000, 0x0000000083000000| Complete 
|  48|0x0000000083000000, 0x0000000083100000, 0x0000000083100000|100%|HC|  |TAMS 0x0000000083100000, 0x0000000083100000| Complete 
|  49|0x0000000083100000, 0x0000000083200000, 0x0000000083200000|100%|HC|  |TAMS 0x0000000083200000, 0x0000000083200000| Complete 
|  50|0x0000000083200000, 0x0000000083300000, 0x0000000083300000|100%|HC|  |TAMS 0x0000000083300000, 0x0000000083300000| Complete 
|  51|0x0000000083300000, 0x0000000083400000, 0x0000000083400000|100%|HC|  |TAMS 0x0000000083400000, 0x0000000083400000| Complete 
|  52|0x0000000083400000, 0x0000000083500000, 0x0000000083500000|100%|HC|  |TAMS 0x0000000083500000, 0x0000000083500000| Complete 
|  53|0x0000000083500000, 0x0000000083600000, 0x0000000083600000|100%|HC|  |TAMS 0x0000000083600000, 0x0000000083600000| Complete 
|  54|0x0000000083600000, 0x0000000083700000, 0x0000000083700000|100%|HC|  |TAMS 0x0000000083700000, 0x0000000083700000| Complete 
|  55|0x0000000083700000, 0x0000000083800000, 0x0000000083800000|100%|HC|  |TAMS 0x0000000083800000, 0x0000000083800000| Complete 
|  56|0x0000000083800000, 0x0000000083900000, 0x0000000083900000|100%| O|  |TAMS 0x0000000083900000, 0x0000000083900000| Untracked 
|  57|0x0000000083900000, 0x0000000083a00000, 0x0000000083a00000|100%| O|  |TAMS 0x0000000083a00000, 0x0000000083a00000| Untracked 
|  58|0x0000000083a00000, 0x0000000083b00000, 0x0000000083b00000|100%| O|  |TAMS 0x0000000083b00000, 0x0000000083b00000| Untracked 
|  59|0x0000000083b00000, 0x0000000083c00000, 0x0000000083c00000|100%| O|  |TAMS 0x0000000083c00000, 0x0000000083c00000| Untracked 
|  60|0x0000000083c00000, 0x0000000083d00000, 0x0000000083d00000|100%| O|  |TAMS 0x0000000083d00000, 0x0000000083d00000| Untracked 
|  61|0x0000000083d00000, 0x0000000083e00000, 0x0000000083e00000|100%| O|  |TAMS 0x0000000083e00000, 0x0000000083e00000| Untracked 
|  62|0x0000000083e00000, 0x0000000083f00000, 0x0000000083f00000|100%| O|  |TAMS 0x0000000083f00000, 0x0000000083f00000| Untracked 
|  63|0x0000000083f00000, 0x0000000084000000, 0x0000000084000000|100%| O|  |TAMS 0x0000000084000000, 0x0000000084000000| Untracked 
|  64|0x0000000084000000, 0x0000000084100000, 0x0000000084100000|100%|HS|  |TAMS 0x0000000084100000, 0x0000000084100000| Complete 
|  65|0x0000000084100000, 0x0000000084200000, 0x0000000084200000|100%|HC|  |TAMS 0x0000000084200000, 0x0000000084200000| Complete 
|  66|0x0000000084200000, 0x0000000084300000, 0x0000000084300000|100%|HC|  |TAMS 0x0000000084300000, 0x0000000084300000| Complete 
|  67|0x0000000084300000, 0x0000000084400000, 0x0000000084400000|100%|HC|  |TAMS 0x0000000084400000, 0x0000000084400000| Complete 
|  68|0x0000000084400000, 0x0000000084500000, 0x0000000084500000|100%|HC|  |TAMS 0x0000000084500000, 0x0000000084500000| Complete 
|  69|0x0000000084500000, 0x0000000084600000, 0x0000000084600000|100%|HS|  |TAMS 0x0000000084600000, 0x0000000084600000| Complete 
|  70|0x0000000084600000, 0x0000000084700000, 0x0000000084700000|100%|HC|  |TAMS 0x0000000084700000, 0x0000000084700000| Complete 
|  71|0x0000000084700000, 0x0000000084800000, 0x0000000084800000|100%| O|  |TAMS 0x0000000084800000, 0x0000000084800000| Untracked 
|  72|0x0000000084800000, 0x0000000084900000, 0x0000000084900000|100%| O|  |TAMS 0x0000000084900000, 0x0000000084900000| Untracked 
|  73|0x0000000084900000, 0x0000000084a00000, 0x0000000084a00000|100%| O|  |TAMS 0x0000000084a00000, 0x0000000084a00000| Untracked 
|  74|0x0000000084a00000, 0x0000000084b00000, 0x0000000084b00000|100%| O|  |TAMS 0x0000000084b00000, 0x0000000084b00000| Untracked 
|  75|0x0000000084b00000, 0x0000000084c00000, 0x0000000084c00000|100%| O|  |TAMS 0x0000000084c00000, 0x0000000084c00000| Untracked 
|  76|0x0000000084c00000, 0x0000000084d00000, 0x0000000084d00000|100%| O|  |TAMS 0x0000000084cb1800, 0x0000000084d00000| Untracked 
|  77|0x0000000084d00000, 0x0000000084e00000, 0x0000000084e00000|100%| O|  |TAMS 0x0000000084d00000, 0x0000000084e00000| Untracked 
|  78|0x0000000084e00000, 0x0000000084f00000, 0x0000000084f00000|100%| O|  |TAMS 0x0000000084e00000, 0x0000000084f00000| Untracked 
|  79|0x0000000084f00000, 0x0000000085000000, 0x0000000085000000|100%| O|  |TAMS 0x0000000084f00000, 0x0000000085000000| Untracked 
|  80|0x0000000085000000, 0x0000000085100000, 0x0000000085100000|100%| O|  |TAMS 0x0000000085000000, 0x0000000085100000| Untracked 
|  81|0x0000000085100000, 0x0000000085200000, 0x0000000085200000|100%| O|  |TAMS 0x0000000085100000, 0x0000000085149200| Untracked 
|  82|0x0000000085200000, 0x0000000085300000, 0x0000000085300000|100%| O|  |TAMS 0x0000000085200000, 0x0000000085200000| Untracked 
|  83|0x0000000085300000, 0x0000000085400000, 0x0000000085400000|100%| O|  |TAMS 0x0000000085300000, 0x0000000085300000| Untracked 
|  84|0x0000000085400000, 0x000000008549a600, 0x0000000085500000| 60%| O|  |TAMS 0x0000000085400000, 0x0000000085400000| Untracked 
|  85|0x0000000085500000, 0x0000000085500000, 0x0000000085600000|  0%| F|  |TAMS 0x0000000085500000, 0x0000000085500000| Untracked 
|  86|0x0000000085600000, 0x0000000085600000, 0x0000000085700000|  0%| F|  |TAMS 0x0000000085600000, 0x0000000085600000| Untracked 
|  87|0x0000000085700000, 0x0000000085700000, 0x0000000085800000|  0%| F|  |TAMS 0x0000000085700000, 0x0000000085700000| Untracked 
|  88|0x0000000085800000, 0x0000000085800000, 0x0000000085900000|  0%| F|  |TAMS 0x0000000085800000, 0x0000000085800000| Untracked 
|  89|0x0000000085900000, 0x0000000085900000, 0x0000000085a00000|  0%| F|  |TAMS 0x0000000085900000, 0x0000000085900000| Untracked 
|  90|0x0000000085a00000, 0x0000000085a00000, 0x0000000085b00000|  0%| F|  |TAMS 0x0000000085a00000, 0x0000000085a00000| Untracked 
|  91|0x0000000085b00000, 0x0000000085b00000, 0x0000000085c00000|  0%| F|  |TAMS 0x0000000085b00000, 0x0000000085b00000| Untracked 
|  92|0x0000000085c00000, 0x0000000085c00000, 0x0000000085d00000|  0%| F|  |TAMS 0x0000000085c00000, 0x0000000085c00000| Untracked 
|  93|0x0000000085d00000, 0x0000000085d00000, 0x0000000085e00000|  0%| F|  |TAMS 0x0000000085d00000, 0x0000000085d00000| Untracked 
|  94|0x0000000085e00000, 0x0000000085e00000, 0x0000000085f00000|  0%| F|  |TAMS 0x0000000085e00000, 0x0000000085e00000| Untracked 
|  95|0x0000000085f00000, 0x0000000085f00000, 0x0000000086000000|  0%| F|  |TAMS 0x0000000085f00000, 0x0000000085f00000| Untracked 
|  96|0x0000000086000000, 0x0000000086000000, 0x0000000086100000|  0%| F|  |TAMS 0x0000000086000000, 0x0000000086000000| Untracked 
|  97|0x0000000086100000, 0x0000000086100000, 0x0000000086200000|  0%| F|  |TAMS 0x0000000086100000, 0x0000000086100000| Untracked 
|  98|0x0000000086200000, 0x0000000086200000, 0x0000000086300000|  0%| F|  |TAMS 0x0000000086200000, 0x0000000086200000| Untracked 
|  99|0x0000000086300000, 0x0000000086300000, 0x0000000086400000|  0%| F|  |TAMS 0x0000000086300000, 0x0000000086300000| Untracked 
| 100|0x0000000086400000, 0x0000000086400000, 0x0000000086500000|  0%| F|  |TAMS 0x0000000086400000, 0x0000000086400000| Untracked 
| 101|0x0000000086500000, 0x0000000086500000, 0x0000000086600000|  0%| F|  |TAMS 0x0000000086500000, 0x0000000086500000| Untracked 
| 102|0x0000000086600000, 0x0000000086600000, 0x0000000086700000|  0%| F|  |TAMS 0x0000000086600000, 0x0000000086600000| Untracked 
| 103|0x0000000086700000, 0x0000000086700000, 0x0000000086800000|  0%| F|  |TAMS 0x0000000086700000, 0x0000000086700000| Untracked 
| 104|0x0000000086800000, 0x0000000086800000, 0x0000000086900000|  0%| F|  |TAMS 0x0000000086800000, 0x0000000086800000| Untracked 
| 105|0x0000000086900000, 0x0000000086900000, 0x0000000086a00000|  0%| F|  |TAMS 0x0000000086900000, 0x0000000086900000| Untracked 
| 106|0x0000000086a00000, 0x0000000086a00000, 0x0000000086b00000|  0%| F|  |TAMS 0x0000000086a00000, 0x0000000086a00000| Untracked 
| 107|0x0000000086b00000, 0x0000000086b00000, 0x0000000086c00000|  0%| F|  |TAMS 0x0000000086b00000, 0x0000000086b00000| Untracked 
| 108|0x0000000086c00000, 0x0000000086c96c60, 0x0000000086d00000| 58%| S|CS|TAMS 0x0000000086c00000, 0x0000000086c00000| Complete 
| 109|0x0000000086d00000, 0x0000000086e00000, 0x0000000086e00000|100%| S|CS|TAMS 0x0000000086d00000, 0x0000000086d00000| Complete 
| 110|0x0000000086e00000, 0x0000000086e00000, 0x0000000086f00000|  0%| F|  |TAMS 0x0000000086e00000, 0x0000000086e00000| Untracked 
| 111|0x0000000086f00000, 0x0000000086f00000, 0x0000000087000000|  0%| F|  |TAMS 0x0000000086f00000, 0x0000000086f00000| Untracked 
| 112|0x0000000087000000, 0x0000000087000000, 0x0000000087100000|  0%| F|  |TAMS 0x0000000087000000, 0x0000000087000000| Untracked 
| 113|0x0000000087100000, 0x0000000087100000, 0x0000000087200000|  0%| F|  |TAMS 0x0000000087100000, 0x0000000087100000| Untracked 
| 114|0x0000000087200000, 0x0000000087200000, 0x0000000087300000|  0%| F|  |TAMS 0x0000000087200000, 0x0000000087200000| Untracked 
| 115|0x0000000087300000, 0x0000000087300000, 0x0000000087400000|  0%| F|  |TAMS 0x0000000087300000, 0x0000000087300000| Untracked 
| 116|0x0000000087400000, 0x0000000087400000, 0x0000000087500000|  0%| F|  |TAMS 0x0000000087400000, 0x0000000087400000| Untracked 
| 117|0x0000000087500000, 0x0000000087500000, 0x0000000087600000|  0%| F|  |TAMS 0x0000000087500000, 0x0000000087500000| Untracked 
| 118|0x0000000087600000, 0x0000000087600000, 0x0000000087700000|  0%| F|  |TAMS 0x0000000087600000, 0x0000000087600000| Untracked 
| 119|0x0000000087700000, 0x0000000087700000, 0x0000000087800000|  0%| F|  |TAMS 0x0000000087700000, 0x0000000087700000| Untracked 
| 120|0x0000000087800000, 0x0000000087800000, 0x0000000087900000|  0%| F|  |TAMS 0x0000000087800000, 0x0000000087800000| Untracked 
| 121|0x0000000087900000, 0x0000000087900000, 0x0000000087a00000|  0%| F|  |TAMS 0x0000000087900000, 0x0000000087900000| Untracked 
| 122|0x0000000087a00000, 0x0000000087a00000, 0x0000000087b00000|  0%| F|  |TAMS 0x0000000087a00000, 0x0000000087a00000| Untracked 
| 123|0x0000000087b00000, 0x0000000087b00000, 0x0000000087c00000|  0%| F|  |TAMS 0x0000000087b00000, 0x0000000087b00000| Untracked 
| 124|0x0000000087c00000, 0x0000000087c00000, 0x0000000087d00000|  0%| F|  |TAMS 0x0000000087c00000, 0x0000000087c00000| Untracked 
| 125|0x0000000087d00000, 0x0000000087d00000, 0x0000000087e00000|  0%| F|  |TAMS 0x0000000087d00000, 0x0000000087d00000| Untracked 
| 126|0x0000000087e00000, 0x0000000087e00000, 0x0000000087f00000|  0%| F|  |TAMS 0x0000000087e00000, 0x0000000087e00000| Untracked 
| 127|0x0000000087f00000, 0x0000000087f00000, 0x0000000088000000|  0%| F|  |TAMS 0x0000000087f00000, 0x0000000087f00000| Untracked 
| 128|0x0000000088000000, 0x0000000088000000, 0x0000000088100000|  0%| F|  |TAMS 0x0000000088000000, 0x0000000088000000| Untracked 
| 129|0x0000000088100000, 0x0000000088100000, 0x0000000088200000|  0%| F|  |TAMS 0x0000000088100000, 0x0000000088100000| Untracked 
| 130|0x0000000088200000, 0x0000000088200000, 0x0000000088300000|  0%| F|  |TAMS 0x0000000088200000, 0x0000000088200000| Untracked 
| 131|0x0000000088300000, 0x0000000088300000, 0x0000000088400000|  0%| F|  |TAMS 0x0000000088300000, 0x0000000088300000| Untracked 
| 132|0x0000000088400000, 0x0000000088400000, 0x0000000088500000|  0%| F|  |TAMS 0x0000000088400000, 0x0000000088400000| Untracked 
| 133|0x0000000088500000, 0x0000000088500000, 0x0000000088600000|  0%| F|  |TAMS 0x0000000088500000, 0x0000000088500000| Untracked 
| 134|0x0000000088600000, 0x0000000088600000, 0x0000000088700000|  0%| F|  |TAMS 0x0000000088600000, 0x0000000088600000| Untracked 
| 135|0x0000000088700000, 0x0000000088700000, 0x0000000088800000|  0%| F|  |TAMS 0x0000000088700000, 0x0000000088700000| Untracked 
| 136|0x0000000088800000, 0x0000000088800000, 0x0000000088900000|  0%| F|  |TAMS 0x0000000088800000, 0x0000000088800000| Untracked 
| 137|0x0000000088900000, 0x0000000088900000, 0x0000000088a00000|  0%| F|  |TAMS 0x0000000088900000, 0x0000000088900000| Untracked 
| 138|0x0000000088a00000, 0x0000000088a00000, 0x0000000088b00000|  0%| F|  |TAMS 0x0000000088a00000, 0x0000000088a00000| Untracked 
| 139|0x0000000088b00000, 0x0000000088b00000, 0x0000000088c00000|  0%| F|  |TAMS 0x0000000088b00000, 0x0000000088b00000| Untracked 
| 140|0x0000000088c00000, 0x0000000088c00000, 0x0000000088d00000|  0%| F|  |TAMS 0x0000000088c00000, 0x0000000088c00000| Untracked 
| 141|0x0000000088d00000, 0x0000000088d00000, 0x0000000088e00000|  0%| F|  |TAMS 0x0000000088d00000, 0x0000000088d00000| Untracked 
| 142|0x0000000088e00000, 0x0000000088e00000, 0x0000000088f00000|  0%| F|  |TAMS 0x0000000088e00000, 0x0000000088e00000| Untracked 
| 143|0x0000000088f00000, 0x0000000088f00000, 0x0000000089000000|  0%| F|  |TAMS 0x0000000088f00000, 0x0000000088f00000| Untracked 
| 144|0x0000000089000000, 0x0000000089000000, 0x0000000089100000|  0%| F|  |TAMS 0x0000000089000000, 0x0000000089000000| Untracked 
| 145|0x0000000089100000, 0x0000000089100000, 0x0000000089200000|  0%| F|  |TAMS 0x0000000089100000, 0x0000000089100000| Untracked 
| 146|0x0000000089200000, 0x0000000089200000, 0x0000000089300000|  0%| F|  |TAMS 0x0000000089200000, 0x0000000089200000| Untracked 
| 147|0x0000000089300000, 0x0000000089300000, 0x0000000089400000|  0%| F|  |TAMS 0x0000000089300000, 0x0000000089300000| Untracked 
| 148|0x0000000089400000, 0x0000000089400000, 0x0000000089500000|  0%| F|  |TAMS 0x0000000089400000, 0x0000000089400000| Untracked 
| 149|0x0000000089500000, 0x0000000089500000, 0x0000000089600000|  0%| F|  |TAMS 0x0000000089500000, 0x0000000089500000| Untracked 
| 150|0x0000000089600000, 0x0000000089600000, 0x0000000089700000|  0%| F|  |TAMS 0x0000000089600000, 0x0000000089600000| Untracked 
| 151|0x0000000089700000, 0x0000000089700000, 0x0000000089800000|  0%| F|  |TAMS 0x0000000089700000, 0x0000000089700000| Untracked 
| 152|0x0000000089800000, 0x0000000089800000, 0x0000000089900000|  0%| F|  |TAMS 0x0000000089800000, 0x0000000089800000| Untracked 
| 153|0x0000000089900000, 0x0000000089900000, 0x0000000089a00000|  0%| F|  |TAMS 0x0000000089900000, 0x0000000089900000| Untracked 
| 154|0x0000000089a00000, 0x0000000089a00000, 0x0000000089b00000|  0%| F|  |TAMS 0x0000000089a00000, 0x0000000089a00000| Untracked 
| 155|0x0000000089b00000, 0x0000000089b00000, 0x0000000089c00000|  0%| F|  |TAMS 0x0000000089b00000, 0x0000000089b00000| Untracked 
| 156|0x0000000089c00000, 0x0000000089c00000, 0x0000000089d00000|  0%| F|  |TAMS 0x0000000089c00000, 0x0000000089c00000| Untracked 
| 157|0x0000000089d00000, 0x0000000089d00000, 0x0000000089e00000|  0%| F|  |TAMS 0x0000000089d00000, 0x0000000089d00000| Untracked 
| 158|0x0000000089e00000, 0x0000000089e00000, 0x0000000089f00000|  0%| F|  |TAMS 0x0000000089e00000, 0x0000000089e00000| Untracked 
| 159|0x0000000089f00000, 0x0000000089f00000, 0x000000008a000000|  0%| F|  |TAMS 0x0000000089f00000, 0x0000000089f00000| Untracked 
| 160|0x000000008a000000, 0x000000008a000000, 0x000000008a100000|  0%| F|  |TAMS 0x000000008a000000, 0x000000008a000000| Untracked 
| 161|0x000000008a100000, 0x000000008a100000, 0x000000008a200000|  0%| F|  |TAMS 0x000000008a100000, 0x000000008a100000| Untracked 
| 162|0x000000008a200000, 0x000000008a200000, 0x000000008a300000|  0%| F|  |TAMS 0x000000008a200000, 0x000000008a200000| Untracked 
| 163|0x000000008a300000, 0x000000008a300000, 0x000000008a400000|  0%| F|  |TAMS 0x000000008a300000, 0x000000008a300000| Untracked 
| 164|0x000000008a400000, 0x000000008a400000, 0x000000008a500000|  0%| F|  |TAMS 0x000000008a400000, 0x000000008a400000| Untracked 
| 165|0x000000008a500000, 0x000000008a500000, 0x000000008a600000|  0%| F|  |TAMS 0x000000008a500000, 0x000000008a500000| Untracked 
| 166|0x000000008a600000, 0x000000008a600000, 0x000000008a700000|  0%| F|  |TAMS 0x000000008a600000, 0x000000008a600000| Untracked 
| 167|0x000000008a700000, 0x000000008a700000, 0x000000008a800000|  0%| F|  |TAMS 0x000000008a700000, 0x000000008a700000| Untracked 

Card table byte_map: [0x000001dd78780000,0x000001dd78b80000] _byte_map_base: 0x000001dd78380000

Marking Bits (Prev, Next): (CMBitMap*) 0x000001dd729b7610, (CMBitMap*) 0x000001dd729b7650
 Prev Bits: [0x000001dd78f80000, 0x000001dd7af80000)
 Next Bits: [0x000001dd7af80000, 0x000001dd7cf80000)

Polling page: 0x000001dd72a30000

Metaspace:

Usage:
  Non-class:     39.79 MB used.
      Class:      6.05 MB used.
       Both:     45.84 MB used.

Virtual space:
  Non-class space:       64.00 MB reserved,      40.00 MB ( 62%) committed,  1 nodes.
      Class space:        1.00 GB reserved,       6.25 MB ( <1%) committed,  1 nodes.
             Both:        1.06 GB reserved,      46.25 MB (  4%) committed. 

Chunk freelists:
   Non-Class:  7.81 MB
       Class:  9.61 MB
        Both:  17.42 MB

MaxMetaspaceSize: unlimited
CompressedClassSpaceSize: 1.00 GB
Initial GC threshold: 21.00 MB
Current GC threshold: 77.12 MB
CDS: off
MetaspaceReclaimPolicy: balanced
 - commit_granule_bytes: 65536.
 - commit_granule_words: 8192.
 - virtual_space_node_default_size: 8388608.
 - enlarge_chunks_in_place: 1.
 - new_chunks_are_fully_committed: 0.
 - uncommit_free_chunks: 1.
 - use_allocation_guard: 0.
 - handle_deallocations: 1.


Internal statistics:

num_allocs_failed_limit: 3.
num_arena_births: 418.
num_arena_deaths: 0.
num_vsnodes_births: 2.
num_vsnodes_deaths: 0.
num_space_committed: 740.
num_space_uncommitted: 0.
num_chunks_returned_to_freelist: 3.
num_chunks_taken_from_freelist: 1854.
num_chunk_merges: 3.
num_chunk_splits: 1198.
num_chunks_enlarged: 826.
num_inconsistent_stats: 0.

CodeHeap 'non-profiled nmethods': size=120000Kb used=2805Kb max_used=3267Kb free=117195Kb
 bounds [0x000001dd07ad0000, 0x000001dd07e20000, 0x000001dd0f000000]
CodeHeap 'profiled nmethods': size=120000Kb used=7777Kb max_used=9732Kb free=112222Kb
 bounds [0x000001dd00000000, 0x000001dd00990000, 0x000001dd07530000]
CodeHeap 'non-nmethods': size=5760Kb used=2298Kb max_used=2403Kb free=3461Kb
 bounds [0x000001dd07530000, 0x000001dd077a0000, 0x000001dd07ad0000]
 total_blobs=4747 nmethods=3939 adapters=719
 compilation: enabled
              stopped_count=0, restarted_count=0
 full_count=0

Compilation events (20 events):
Event: 10.677 Thread 0x000001dd1304c190 nmethod 4740 0x000001dd07af7e90 code [0x000001dd07af8040, 0x000001dd07af83a8]
Event: 10.677 Thread 0x000001dd1304c190 4608       4       org.objectweb.asm.MethodWriter::visitFieldInsn (258 bytes)
Event: 10.698 Thread 0x000001dd1304c190 nmethod 4608 0x000001dd07c76790 code [0x000001dd07c76940, 0x000001dd07c772b8]
Event: 10.698 Thread 0x000001dd1304c190 4609       4       org.objectweb.asm.SymbolTable::addConstantFieldref (10 bytes)
Event: 10.700 Thread 0x000001dd1304c190 nmethod 4609 0x000001dd07c76490 code [0x000001dd07c76620, 0x000001dd07c766c8]
Event: 10.700 Thread 0x000001dd1304c190 4612       4       org.gradle.internal.classpath.InstrumentingBackwardsCompatibilityVisitor$BackwardCompatibilityMethodVisitor::visitFieldInsn (24 bytes)
Event: 10.708 Thread 0x000001dd1304eaa0 4743       3       org.objectweb.asm.ClassReader::accept (1412 bytes)
Event: 10.725 Thread 0x000001dd1304eaa0 nmethod 4743 0x000001dd00895810 code [0x000001dd00896380, 0x000001dd0089d688]
Event: 10.725 Thread 0x000001dd1304eaa0 4744       2       org.objectweb.asm.Context::<init> (5 bytes)
Event: 10.725 Thread 0x000001dd1304eaa0 nmethod 4744 0x000001dd00557a90 code [0x000001dd00557c20, 0x000001dd00557d18]
Event: 10.757 Thread 0x000001dd1689a990 nmethod 4456 0x000001dd07b02410 code [0x000001dd07b02760, 0x000001dd07b05a40]
Event: 10.757 Thread 0x000001dd1689a990 4745       4       org.objectweb.asm.SymbolTable::addConstantIntegerOrFloat (100 bytes)
Event: 10.801 Thread 0x000001dd1689a990 nmethod 4745 0x000001dd07c1b310 code [0x000001dd07c1b4e0, 0x000001dd07c1c218]
Event: 10.801 Thread 0x000001dd1689a990 4677       4       java.nio.ByteBuffer::limit (8 bytes)
Event: 10.802 Thread 0x000001dd1689a990 nmethod 4677 0x000001dd07b6c390 code [0x000001dd07b6c500, 0x000001dd07b6c5f8]
Event: 10.802 Thread 0x000001dd1689a990 4679       4       java.nio.ByteBuffer::limit (6 bytes)
Event: 10.803 Thread 0x000001dd1689a990 nmethod 4679 0x000001dd07aea790 code [0x000001dd07aea920, 0x000001dd07aeaa38]
Event: 10.803 Thread 0x000001dd1689a990 4670  s    4       java.io.BufferedOutputStream::write (67 bytes)
Event: 10.811 Thread 0x000001dd1689a990 nmethod 4670 0x000001dd07c8bd90 code [0x000001dd07c8bf60, 0x000001dd07c8c628]
Event: 10.811 Thread 0x000001dd1689a990 4674       4       org.apache.commons.compress.archivers.zip.StreamCompressor::writeCounted (30 bytes)

GC Heap History (20 events):
Event: 7.842 GC heap after
{Heap after GC invocations=31 (full 0):
 garbage-first heap   total 143360K, used 73421K [0x0000000080000000, 0x0000000100000000)
  region size 1024K, 2 young (2048K), 2 survivors (2048K)
 Metaspace       used 46932K, committed 47360K, reserved 1114112K
  class space    used 6195K, committed 6400K, reserved 1048576K
}
Event: 8.041 GC heap before
{Heap before GC invocations=32 (full 0):
 garbage-first heap   total 143360K, used 121549K [0x0000000080000000, 0x0000000100000000)
  region size 1024K, 49 young (50176K), 2 survivors (2048K)
 Metaspace       used 46933K, committed 47360K, reserved 1114112K
  class space    used 6195K, committed 6400K, reserved 1048576K
}
Event: 8.044 GC heap after
{Heap after GC invocations=33 (full 0):
 garbage-first heap   total 143360K, used 73833K [0x0000000080000000, 0x0000000100000000)
  region size 1024K, 2 young (2048K), 2 survivors (2048K)
 Metaspace       used 46933K, committed 47360K, reserved 1114112K
  class space    used 6195K, committed 6400K, reserved 1048576K
}
Event: 8.227 GC heap before
{Heap before GC invocations=33 (full 0):
 garbage-first heap   total 143360K, used 121961K [0x0000000080000000, 0x0000000100000000)
  region size 1024K, 50 young (51200K), 2 survivors (2048K)
 Metaspace       used 46936K, committed 47360K, reserved 1114112K
  class space    used 6196K, committed 6400K, reserved 1048576K
}
Event: 8.230 GC heap after
{Heap after GC invocations=34 (full 0):
 garbage-first heap   total 172032K, used 74440K [0x0000000080000000, 0x0000000100000000)
  region size 1024K, 3 young (3072K), 3 survivors (3072K)
 Metaspace       used 46936K, committed 47360K, reserved 1114112K
  class space    used 6196K, committed 6400K, reserved 1048576K
}
Event: 8.571 GC heap before
{Heap before GC invocations=35 (full 0):
 garbage-first heap   total 172032K, used 148168K [0x0000000080000000, 0x0000000100000000)
  region size 1024K, 75 young (76800K), 3 survivors (3072K)
 Metaspace       used 46936K, committed 47360K, reserved 1114112K
  class space    used 6196K, committed 6400K, reserved 1048576K
}
Event: 8.574 GC heap after
{Heap after GC invocations=36 (full 0):
 garbage-first heap   total 172032K, used 74897K [0x0000000080000000, 0x0000000100000000)
  region size 1024K, 3 young (3072K), 3 survivors (3072K)
 Metaspace       used 46936K, committed 47360K, reserved 1114112K
  class space    used 6196K, committed 6400K, reserved 1048576K
}
Event: 8.852 GC heap before
{Heap before GC invocations=36 (full 0):
 garbage-first heap   total 172032K, used 148625K [0x0000000080000000, 0x0000000100000000)
  region size 1024K, 75 young (76800K), 3 survivors (3072K)
 Metaspace       used 46937K, committed 47360K, reserved 1114112K
  class space    used 6196K, committed 6400K, reserved 1048576K
}
Event: 8.855 GC heap after
{Heap after GC invocations=37 (full 0):
 garbage-first heap   total 172032K, used 75573K [0x0000000080000000, 0x0000000100000000)
  region size 1024K, 4 young (4096K), 4 survivors (4096K)
 Metaspace       used 46937K, committed 47360K, reserved 1114112K
  class space    used 6196K, committed 6400K, reserved 1048576K
}
Event: 9.209 GC heap before
{Heap before GC invocations=37 (full 0):
 garbage-first heap   total 172032K, used 151349K [0x0000000080000000, 0x0000000100000000)
  region size 1024K, 76 young (77824K), 4 survivors (4096K)
 Metaspace       used 46938K, committed 47360K, reserved 1114112K
  class space    used 6196K, committed 6400K, reserved 1048576K
}
Event: 9.216 GC heap after
{Heap after GC invocations=38 (full 0):
 garbage-first heap   total 172032K, used 78555K [0x0000000080000000, 0x0000000100000000)
  region size 1024K, 7 young (7168K), 7 survivors (7168K)
 Metaspace       used 46938K, committed 47360K, reserved 1114112K
  class space    used 6196K, committed 6400K, reserved 1048576K
}
Event: 9.573 GC heap before
{Heap before GC invocations=38 (full 0):
 garbage-first heap   total 172032K, used 146139K [0x0000000080000000, 0x0000000100000000)
  region size 1024K, 73 young (74752K), 7 survivors (7168K)
 Metaspace       used 46942K, committed 47360K, reserved 1114112K
  class space    used 6196K, committed 6400K, reserved 1048576K
}
Event: 9.584 GC heap after
{Heap after GC invocations=39 (full 0):
 garbage-first heap   total 172032K, used 83341K [0x0000000080000000, 0x0000000100000000)
  region size 1024K, 10 young (10240K), 10 survivors (10240K)
 Metaspace       used 46942K, committed 47360K, reserved 1114112K
  class space    used 6196K, committed 6400K, reserved 1048576K
}
Event: 9.890 GC heap before
{Heap before GC invocations=39 (full 0):
 garbage-first heap   total 172032K, used 143757K [0x0000000080000000, 0x0000000100000000)
  region size 1024K, 69 young (70656K), 10 survivors (10240K)
 Metaspace       used 46942K, committed 47360K, reserved 1114112K
  class space    used 6196K, committed 6400K, reserved 1048576K
}
Event: 9.904 GC heap after
{Heap after GC invocations=40 (full 0):
 garbage-first heap   total 172032K, used 86636K [0x0000000080000000, 0x0000000100000000)
  region size 1024K, 9 young (9216K), 9 survivors (9216K)
 Metaspace       used 46942K, committed 47360K, reserved 1114112K
  class space    used 6196K, committed 6400K, reserved 1048576K
}
Event: 10.180 GC heap before
{Heap before GC invocations=40 (full 0):
 garbage-first heap   total 172032K, used 142956K [0x0000000080000000, 0x0000000100000000)
  region size 1024K, 65 young (66560K), 9 survivors (9216K)
 Metaspace       used 46943K, committed 47360K, reserved 1114112K
  class space    used 6196K, committed 6400K, reserved 1048576K
}
Event: 10.188 GC heap after
{Heap after GC invocations=41 (full 0):
 garbage-first heap   total 172032K, used 87794K [0x0000000080000000, 0x0000000100000000)
  region size 1024K, 5 young (5120K), 5 survivors (5120K)
 Metaspace       used 46943K, committed 47360K, reserved 1114112K
  class space    used 6196K, committed 6400K, reserved 1048576K
}
Event: 10.515 GC heap before
{Heap before GC invocations=42 (full 0):
 garbage-first heap   total 172032K, used 146162K [0x0000000080000000, 0x0000000100000000)
  region size 1024K, 62 young (63488K), 5 survivors (5120K)
 Metaspace       used 46943K, committed 47360K, reserved 1114112K
  class space    used 6196K, committed 6400K, reserved 1048576K
}
Event: 10.521 GC heap after
{Heap after GC invocations=43 (full 0):
 garbage-first heap   total 172032K, used 87829K [0x0000000080000000, 0x0000000100000000)
  region size 1024K, 5 young (5120K), 5 survivors (5120K)
 Metaspace       used 46943K, committed 47360K, reserved 1114112K
  class space    used 6196K, committed 6400K, reserved 1048576K
}
Event: 10.812 GC heap before
{Heap before GC invocations=43 (full 0):
 garbage-first heap   total 172032K, used 147221K [0x0000000080000000, 0x0000000100000000)
  region size 1024K, 63 young (64512K), 5 survivors (5120K)
 Metaspace       used 46943K, committed 47360K, reserved 1114112K
  class space    used 6196K, committed 6400K, reserved 1048576K
}

Dll operation events (3 events):
Event: 0.009 Loaded shared library C:\Users\sttung\.jdks\jbr-17.0.7\bin\java.dll
Event: 0.034 Loaded shared library C:\Users\sttung\.jdks\jbr-17.0.7\bin\jsvml.dll
Event: 0.412 Loaded shared library C:\Users\sttung\.jdks\jbr-17.0.7\bin\verify.dll

Deoptimization events (20 events):
Event: 10.719 Thread 0x000001dd1512c330 DEOPT PACKING pc=0x000001dd008538c2 sp=0x0000004c979fe310
Event: 10.719 Thread 0x000001dd1512c330 DEOPT UNPACKING pc=0x000001dd07587143 sp=0x0000004c979fda20 mode 0
Event: 10.730 Thread 0x000001dd1512c330 DEOPT PACKING pc=0x000001dd008538c2 sp=0x0000004c979fe1b0
Event: 10.730 Thread 0x000001dd1512c330 DEOPT UNPACKING pc=0x000001dd07587143 sp=0x0000004c979fd8c0 mode 0
Event: 10.736 Thread 0x000001dd1512c330 DEOPT PACKING pc=0x000001dd008538c2 sp=0x0000004c979fe1b0
Event: 10.736 Thread 0x000001dd1512c330 DEOPT UNPACKING pc=0x000001dd07587143 sp=0x0000004c979fd8c0 mode 0
Event: 10.759 Thread 0x000001dd1512d670 DEOPT PACKING pc=0x000001dd00854a2f sp=0x0000004c978fde60
Event: 10.759 Thread 0x000001dd1512d670 DEOPT UNPACKING pc=0x000001dd07587143 sp=0x0000004c978fd570 mode 0
Event: 10.768 Thread 0x000001dd1512d670 DEOPT PACKING pc=0x000001dd008538c2 sp=0x0000004c978fde60
Event: 10.768 Thread 0x000001dd1512d670 DEOPT UNPACKING pc=0x000001dd07587143 sp=0x0000004c978fd570 mode 0
Event: 10.781 Thread 0x000001dd1512d670 DEOPT PACKING pc=0x000001dd00854a2f sp=0x0000004c978fde60
Event: 10.781 Thread 0x000001dd1512d670 DEOPT UNPACKING pc=0x000001dd07587143 sp=0x0000004c978fd570 mode 0
Event: 10.793 Thread 0x000001dd1512c330 DEOPT PACKING pc=0x000001dd00854a2f sp=0x0000004c979fe1b0
Event: 10.793 Thread 0x000001dd1512c330 DEOPT UNPACKING pc=0x000001dd07587143 sp=0x0000004c979fd8c0 mode 0
Event: 10.797 Thread 0x000001dd1512c330 DEOPT PACKING pc=0x000001dd008538c2 sp=0x0000004c979fe1b0
Event: 10.797 Thread 0x000001dd1512c330 DEOPT UNPACKING pc=0x000001dd07587143 sp=0x0000004c979fd8c0 mode 0
Event: 10.802 Thread 0x000001dd1512d670 DEOPT PACKING pc=0x000001dd00854a2f sp=0x0000004c978fde60
Event: 10.802 Thread 0x000001dd1512d670 DEOPT UNPACKING pc=0x000001dd07587143 sp=0x0000004c978fd570 mode 0
Event: 10.808 Thread 0x000001dd1512c330 DEOPT PACKING pc=0x000001dd00854a2f sp=0x0000004c979fe1b0
Event: 10.808 Thread 0x000001dd1512c330 DEOPT UNPACKING pc=0x000001dd07587143 sp=0x0000004c979fd8c0 mode 0

Classes unloaded (0 events):
No events

Classes redefined (0 events):
No events

Internal exceptions (20 events):
Event: 5.692 Thread 0x000001dd14ce7030 Exception <a 'java/lang/ClassNotFoundException'{0x0000000086e30f90}: groovy/lang/Closure$1Customizer> (0x0000000086e30f90) 
thrown [s\src\hotspot\share\classfile\systemDictionary.cpp, line 256]
Event: 5.726 Thread 0x000001dd15129cb0 Exception <a 'sun/nio/fs/WindowsException'{0x0000000086d287e0}> (0x0000000086d287e0) 
thrown [s\src\hotspot\share\prims\jni.cpp, line 517]
Event: 5.786 Thread 0x000001dd15129cb0 Exception <a 'sun/nio/fs/WindowsException'{0x0000000086caf870}> (0x0000000086caf870) 
thrown [s\src\hotspot\share\prims\jni.cpp, line 517]
Event: 5.787 Thread 0x000001dd15129cb0 Exception <a 'sun/nio/fs/WindowsException'{0x0000000086cafa80}> (0x0000000086cafa80) 
thrown [s\src\hotspot\share\prims\jni.cpp, line 517]
Event: 5.838 Thread 0x000001dd14ce7030 Exception <a 'java/lang/ClassNotFoundException'{0x0000000086b02390}: sync_studio_tooling1_du193h6f9os3hj12ol55nmg97BeanInfo> (0x0000000086b02390) 
thrown [s\src\hotspot\share\classfile\systemDictionary.cpp, line 256]
Event: 5.838 Thread 0x000001dd14ce7030 Exception <a 'java/lang/ClassNotFoundException'{0x0000000086b08ca0}: sync_studio_tooling1_du193h6f9os3hj12ol55nmg97Customizer> (0x0000000086b08ca0) 
thrown [s\src\hotspot\share\classfile\systemDictionary.cpp, line 256]
Event: 5.845 Thread 0x000001dd14ce7030 Exception <a 'java/lang/ClassNotFoundException'{0x0000000086b549d8}: org/gradle/internal/metaobject/ConfigureDelegateBeanInfo> (0x0000000086b549d8) 
thrown [s\src\hotspot\share\classfile\systemDictionary.cpp, line 256]
Event: 5.846 Thread 0x000001dd14ce7030 Exception <a 'java/lang/ClassNotFoundException'{0x0000000086b64de8}: org/gradle/internal/metaobject/ConfigureDelegateCustomizer> (0x0000000086b64de8) 
thrown [s\src\hotspot\share\classfile\systemDictionary.cpp, line 256]
Event: 5.855 Thread 0x000001dd14ce7030 Exception <a 'java/lang/ClassNotFoundException'{0x0000000086bb55a0}: org/gradle/api/internal/initialization/DefaultScriptHandlerBeanInfo> (0x0000000086bb55a0) 
thrown [s\src\hotspot\share\classfile\systemDictionary.cpp, line 256]
Event: 5.857 Thread 0x000001dd14ce7030 Exception <a 'java/lang/ClassNotFoundException'{0x0000000086bc5ae0}: org/gradle/api/internal/initialization/DefaultScriptHandlerCustomizer> (0x0000000086bc5ae0) 
thrown [s\src\hotspot\share\classfile\systemDictionary.cpp, line 256]
Event: 5.987 Thread 0x000001dd14ce7030 Implicit null exception at 0x000001dd07c9ba6c to 0x000001dd07c9bb10
Event: 5.993 Thread 0x000001dd14ce7030 Exception <a 'java/lang/ClassNotFoundException'{0x000000008643b870}: org/gradle/api/internal/artifacts/dsl/dependencies/DefaultDependencyHandler_DecoratedBeanInfo> (0x000000008643b870) 
thrown [s\src\hotspot\share\classfile\systemDictionary.cpp, line 256]
Event: 5.995 Thread 0x000001dd14ce7030 Exception <a 'java/lang/ClassNotFoundException'{0x0000000086451398}: org/gradle/api/internal/artifacts/dsl/dependencies/DefaultDependencyHandlerBeanInfo> (0x0000000086451398) 
thrown [s\src\hotspot\share\classfile\systemDictionary.cpp, line 256]
Event: 5.996 Thread 0x000001dd14ce7030 Exception <a 'java/lang/ClassNotFoundException'{0x00000000864663e0}: org/gradle/api/internal/artifacts/dsl/dependencies/DefaultDependencyHandlerCustomizer> (0x00000000864663e0) 
thrown [s\src\hotspot\share\classfile\systemDictionary.cpp, line 256]
Event: 6.001 Thread 0x000001dd14ce7030 Exception <a 'java/lang/ClassNotFoundException'{0x00000000864a5488}: org/gradle/api/internal/artifacts/dsl/dependencies/DefaultDependencyHandler_DecoratedCustomizer> (0x00000000864a5488) 
thrown [s\src\hotspot\share\classfile\systemDictionary.cpp, line 256]
Event: 6.073 Thread 0x000001dd14ce7030 Exception <a 'java/lang/NoSuchMethodError'{0x00000000861ac3d0}: 'java.lang.Object java.lang.invoke.DirectMethodHandle$Holder.newInvokeSpecial(java.lang.Object, int, java.lang.Object)'> (0x00000000861ac3d0) 
thrown [s\src\hotspot\share\interpreter\linkResolver.cpp, line 771]
Event: 6.279 Thread 0x000001dd14ce7030 Exception <a 'java/lang/NoSuchMethodError'{0x00000000853752b0}: 'int java.lang.invoke.DirectMethodHandle$Holder.invokeStatic(java.lang.Object)'> (0x00000000853752b0) 
thrown [s\src\hotspot\share\interpreter\linkResolver.cpp, line 771]
Event: 6.280 Thread 0x000001dd14ce7030 Exception <a 'java/lang/NoSuchMethodError'{0x00000000853796a0}: 'int java.lang.invoke.DirectMethodHandle$Holder.invokeStaticInit(java.lang.Object)'> (0x00000000853796a0) 
thrown [s\src\hotspot\share\interpreter\linkResolver.cpp, line 771]
Event: 6.338 Thread 0x000001dd1512c330 Exception <a 'sun/nio/fs/WindowsException'{0x0000000086dc9c48}> (0x0000000086dc9c48) 
thrown [s\src\hotspot\share\prims\jni.cpp, line 517]
Event: 6.389 Thread 0x000001dd1512d670 Exception <a 'sun/nio/fs/WindowsException'{0x0000000087b30250}> (0x0000000087b30250) 
thrown [s\src\hotspot\share\prims\jni.cpp, line 517]

VM Operations (20 events):
Event: 9.292 Executing VM operation: HandshakeAllThreads done
Event: 9.320 Executing VM operation: HandshakeAllThreads
Event: 9.320 Executing VM operation: HandshakeAllThreads done
Event: 9.440 Executing VM operation: HandshakeAllThreads
Event: 9.440 Executing VM operation: HandshakeAllThreads done
Event: 9.573 Executing VM operation: G1CollectForAllocation
Event: 9.584 Executing VM operation: G1CollectForAllocation done
Event: 9.890 Executing VM operation: G1CollectForAllocation
Event: 9.905 Executing VM operation: G1CollectForAllocation done
Event: 10.180 Executing VM operation: G1CollectForAllocation
Event: 10.189 Executing VM operation: G1CollectForAllocation done
Event: 10.254 Executing VM operation: G1Concurrent
Event: 10.258 Executing VM operation: G1Concurrent done
Event: 10.288 Executing VM operation: G1Concurrent
Event: 10.288 Executing VM operation: G1Concurrent done
Event: 10.515 Executing VM operation: G1CollectForAllocation
Event: 10.522 Executing VM operation: G1CollectForAllocation done
Event: 10.812 Executing VM operation: G1CollectForAllocation
Event: 10.812 Executing VM operation: G1CollectForAllocation done
Event: 10.812 Executing VM operation: G1CollectForAllocation

Events (20 events):
Event: 9.452 Thread 0x000001dd1304fb80 flushing nmethod 0x000001dd008d7110
Event: 9.452 Thread 0x000001dd1304fb80 flushing nmethod 0x000001dd008d8e90
Event: 9.453 Thread 0x000001dd1304fb80 flushing nmethod 0x000001dd008e5710
Event: 9.453 Thread 0x000001dd1304fb80 flushing nmethod 0x000001dd008e6090
Event: 9.453 Thread 0x000001dd1304fb80 flushing nmethod 0x000001dd008e6810
Event: 9.453 Thread 0x000001dd1304fb80 flushing nmethod 0x000001dd008ede10
Event: 9.453 Thread 0x000001dd1304fb80 flushing nmethod 0x000001dd008efa10
Event: 9.453 Thread 0x000001dd1304fb80 flushing nmethod 0x000001dd008f1310
Event: 9.453 Thread 0x000001dd1304fb80 flushing nmethod 0x000001dd008f8810
Event: 9.453 Thread 0x000001dd1304fb80 flushing nmethod 0x000001dd008fbf10
Event: 9.453 Thread 0x000001dd1304fb80 flushing nmethod 0x000001dd00906610
Event: 9.453 Thread 0x000001dd1304fb80 flushing nmethod 0x000001dd0090a290
Event: 9.453 Thread 0x000001dd1304fb80 flushing nmethod 0x000001dd0092b590
Event: 9.453 Thread 0x000001dd1304fb80 flushing nmethod 0x000001dd00939010
Event: 9.453 Thread 0x000001dd1304fb80 flushing nmethod 0x000001dd0093ec90
Event: 9.453 Thread 0x000001dd1304fb80 flushing nmethod 0x000001dd00940210
Event: 9.453 Thread 0x000001dd1304fb80 flushing nmethod 0x000001dd00956390
Event: 9.453 Thread 0x000001dd1304fb80 flushing nmethod 0x000001dd00962510
Event: 9.453 Thread 0x000001dd1304fb80 flushing nmethod 0x000001dd0096d990
Event: 9.453 Thread 0x000001dd1304fb80 flushing nmethod 0x000001dd0096ee10


Dynamic libraries:
0x00007ff75d430000 - 0x00007ff75d43a000 	C:\Users\sttung\.jdks\jbr-17.0.7\bin\java.exe
0x00007ff978b90000 - 0x00007ff978d87000 	C:\Windows\SYSTEM32\ntdll.dll
0x00007ff9770f0000 - 0x00007ff9771ad000 	C:\Windows\System32\KERNEL32.DLL
0x00007ff976610000 - 0x00007ff976906000 	C:\Windows\System32\KERNELBASE.dll
0x00007ff976510000 - 0x00007ff976610000 	C:\Windows\System32\ucrtbase.dll
0x00007ff971740000 - 0x00007ff971757000 	C:\Users\sttung\.jdks\jbr-17.0.7\bin\jli.dll
0x00007ff957870000 - 0x00007ff95788b000 	C:\Users\sttung\.jdks\jbr-17.0.7\bin\VCRUNTIME140.dll
0x00007ff978210000 - 0x00007ff9783ae000 	C:\Windows\System32\USER32.dll
0x00007ff976440000 - 0x00007ff976462000 	C:\Windows\System32\win32u.dll
0x00007ff9770c0000 - 0x00007ff9770ec000 	C:\Windows\System32\GDI32.dll
0x00007ff95c0f0000 - 0x00007ff95c38a000 	C:\Windows\WinSxS\amd64_microsoft.windows.common-controls_6595b64144ccf1df_6.0.19041.3570_none_60bb2a3971f3e41a\COMCTL32.dll
0x00007ff976320000 - 0x00007ff97643a000 	C:\Windows\System32\gdi32full.dll
0x00007ff9784f0000 - 0x00007ff97858e000 	C:\Windows\System32\msvcrt.dll
0x00007ff976470000 - 0x00007ff97650d000 	C:\Windows\System32\msvcp_win.dll
0x00007ff978590000 - 0x00007ff9785c0000 	C:\Windows\System32\IMM32.DLL
0x00007ff971b10000 - 0x00007ff971b1c000 	C:\Users\sttung\.jdks\jbr-17.0.7\bin\vcruntime140_1.dll
0x00007ff951300000 - 0x00007ff95138d000 	C:\Users\sttung\.jdks\jbr-17.0.7\bin\msvcp140.dll
0x00007ff92c170000 - 0x00007ff92cdf0000 	C:\Users\sttung\.jdks\jbr-17.0.7\bin\server\jvm.dll
0x00007ff978aa0000 - 0x00007ff978b4e000 	C:\Windows\System32\ADVAPI32.dll
0x00007ff977020000 - 0x00007ff9770bc000 	C:\Windows\System32\sechost.dll
0x00007ff9783b0000 - 0x00007ff9784d6000 	C:\Windows\System32\RPCRT4.dll
0x00007ff965740000 - 0x00007ff965767000 	C:\Windows\SYSTEM32\WINMM.dll
0x00007ff96d430000 - 0x00007ff96d43a000 	C:\Windows\SYSTEM32\VERSION.dll
0x00007ff92cdf0000 - 0x00007ff92cdf9000 	C:\Windows\SYSTEM32\WSOCK32.dll
0x00007ff977470000 - 0x00007ff9774db000 	C:\Windows\System32\WS2_32.dll
0x00007ff9742f0000 - 0x00007ff974302000 	C:\Windows\SYSTEM32\kernel.appcore.dll
0x00007ff96fc40000 - 0x00007ff96fc4a000 	C:\Users\sttung\.jdks\jbr-17.0.7\bin\jimage.dll
0x00007ff973f20000 - 0x00007ff974104000 	C:\Windows\SYSTEM32\DBGHELP.DLL
0x00007ff973700000 - 0x00007ff973734000 	C:\Windows\SYSTEM32\dbgcore.DLL
0x00007ff976b60000 - 0x00007ff976be2000 	C:\Windows\System32\bcryptPrimitives.dll
0x00007ff9552e0000 - 0x00007ff955305000 	C:\Users\sttung\.jdks\jbr-17.0.7\bin\java.dll
0x00007ff957850000 - 0x00007ff957868000 	C:\Users\sttung\.jdks\jbr-17.0.7\bin\zip.dll
0x00007ff949870000 - 0x00007ff949947000 	C:\Users\sttung\.jdks\jbr-17.0.7\bin\jsvml.dll
0x00007ff977a00000 - 0x00007ff978144000 	C:\Windows\System32\SHELL32.dll
0x00007ff974310000 - 0x00007ff974aab000 	C:\Windows\SYSTEM32\windows.storage.dll
0x00007ff9785c0000 - 0x00007ff978914000 	C:\Windows\System32\combase.dll
0x00007ff975cb0000 - 0x00007ff975cdd000 	C:\Windows\SYSTEM32\Wldp.dll
0x00007ff977950000 - 0x00007ff9779fd000 	C:\Windows\System32\SHCORE.dll
0x00007ff978930000 - 0x00007ff978985000 	C:\Windows\System32\shlwapi.dll
0x00007ff9761a0000 - 0x00007ff9761c5000 	C:\Windows\SYSTEM32\profapi.dll
0x00007ff9567c0000 - 0x00007ff9567d9000 	C:\Users\sttung\.jdks\jbr-17.0.7\bin\net.dll
0x00007ff973580000 - 0x00007ff97368a000 	C:\Windows\SYSTEM32\WINHTTP.dll
0x00007ff975a10000 - 0x00007ff975a7a000 	C:\Windows\system32\mswsock.dll
0x00007ff956640000 - 0x00007ff956656000 	C:\Users\sttung\.jdks\jbr-17.0.7\bin\nio.dll
0x00007ff96e820000 - 0x00007ff96e830000 	C:\Users\sttung\.jdks\jbr-17.0.7\bin\verify.dll
0x00007ff956a70000 - 0x00007ff956a97000 	C:\Users\sttung\.gradle\native\68d5fa5c4cc2d200863cafc0d521ce42e7d3e7ee720ec0a83991735586a16f82\windows-amd64\native-platform.dll
0x00007ff948910000 - 0x00007ff948a54000 	C:\Users\sttung\.gradle\native\e376f236ea51e6404a007f0833ffe2c6e607c4080706a723a18a27aeea778392\windows-amd64\native-platform-file-events.dll
0x00007ff96c920000 - 0x00007ff96c929000 	C:\Users\sttung\.jdks\jbr-17.0.7\bin\management.dll
0x00007ff96c870000 - 0x00007ff96c87b000 	C:\Users\sttung\.jdks\jbr-17.0.7\bin\management_ext.dll
0x00007ff9784e0000 - 0x00007ff9784e8000 	C:\Windows\System32\PSAPI.DLL
0x00007ff975c10000 - 0x00007ff975c28000 	C:\Windows\SYSTEM32\CRYPTSP.dll
0x00007ff9752b0000 - 0x00007ff9752e4000 	C:\Windows\system32\rsaenh.dll
0x00007ff976960000 - 0x00007ff976987000 	C:\Windows\System32\bcrypt.dll
0x00007ff976160000 - 0x00007ff97618e000 	C:\Windows\SYSTEM32\USERENV.dll
0x00007ff975c00000 - 0x00007ff975c0c000 	C:\Windows\SYSTEM32\CRYPTBASE.dll
0x00007ff9756b0000 - 0x00007ff9756eb000 	C:\Windows\SYSTEM32\IPHLPAPI.DLL
0x00007ff978920000 - 0x00007ff978928000 	C:\Windows\System32\NSI.dll
0x00007ff96d710000 - 0x00007ff96d727000 	C:\Windows\SYSTEM32\dhcpcsvc6.DLL
0x00007ff96e670000 - 0x00007ff96e68d000 	C:\Windows\SYSTEM32\dhcpcsvc.DLL
0x00007ff9756f0000 - 0x00007ff9757ba000 	C:\Windows\SYSTEM32\DNSAPI.dll
0x00007ff96c7c0000 - 0x00007ff96c7ce000 	C:\Users\sttung\.jdks\jbr-17.0.7\bin\sunmscapi.dll
0x00007ff976990000 - 0x00007ff976aed000 	C:\Windows\System32\CRYPT32.dll
0x00007ff975d20000 - 0x00007ff975d47000 	C:\Windows\SYSTEM32\ncrypt.dll
0x00007ff975ce0000 - 0x00007ff975d1b000 	C:\Windows\SYSTEM32\NTASN1.dll
0x00007ff96c0e0000 - 0x00007ff96c0e7000 	C:\Windows\system32\wshunix.dll

dbghelp: loaded successfully - version: 4.0.5 - missing functions: none
symbol engine: initialized successfully - sym options: 0x614 - pdb path: .;C:\Users\sttung\.jdks\jbr-17.0.7\bin;C:\Windows\SYSTEM32;C:\Windows\WinSxS\amd64_microsoft.windows.common-controls_6595b64144ccf1df_6.0.19041.3570_none_60bb2a3971f3e41a;C:\Users\sttung\.jdks\jbr-17.0.7\bin\server;C:\Users\sttung\.gradle\native\68d5fa5c4cc2d200863cafc0d521ce42e7d3e7ee720ec0a83991735586a16f82\windows-amd64;C:\Users\sttung\.gradle\native\e376f236ea51e6404a007f0833ffe2c6e607c4080706a723a18a27aeea778392\windows-amd64

VM Arguments:
jvm_args: --add-opens=java.base/java.util=ALL-UNNAMED --add-opens=java.base/java.lang=ALL-UNNAMED --add-opens=java.base/java.lang.invoke=ALL-UNNAMED --add-opens=java.prefs/java.util.prefs=ALL-UNNAMED --add-opens=java.base/java.nio.charset=ALL-UNNAMED --add-opens=java.base/java.net=ALL-UNNAMED --add-opens=java.base/java.util.concurrent.atomic=ALL-UNNAMED -Xmx2048m -Dfile.encoding=UTF-8 -Duser.country=KR -Duser.language=ko -Duser.variant 
java_command: org.gradle.launcher.daemon.bootstrap.GradleDaemon 8.0
java_class_path (initial): C:\Users\sttung\.gradle\wrapper\dists\gradle-8.0-bin\ca5e32bp14vu59qr306oxotwh\gradle-8.0\lib\gradle-launcher-8.0.jar
Launcher Type: SUN_STANDARD

[Global flags]
     intx CICompilerCount                          = 4                                         {product} {ergonomic}
     uint ConcGCThreads                            = 2                                         {product} {ergonomic}
     uint G1ConcRefinementThreads                  = 8                                         {product} {ergonomic}
   size_t G1HeapRegionSize                         = 1048576                                   {product} {ergonomic}
    uintx GCDrainStackTargetSize                   = 64                                        {product} {ergonomic}
   size_t InitialHeapSize                          = 132120576                                 {product} {ergonomic}
   size_t MarkStackSize                            = 4194304                                   {product} {ergonomic}
   size_t MaxHeapSize                              = 2147483648                                {product} {command line}
   size_t MaxNewSize                               = 1287651328                                {product} {ergonomic}
   size_t MinHeapDeltaBytes                        = 1048576                                   {product} {ergonomic}
   size_t MinHeapSize                              = 8388608                                   {product} {ergonomic}
    uintx NonNMethodCodeHeapSize                   = 5839372                                {pd product} {ergonomic}
    uintx NonProfiledCodeHeapSize                  = 122909434                              {pd product} {ergonomic}
    uintx ProfiledCodeHeapSize                     = 122909434                              {pd product} {ergonomic}
    uintx ReservedCodeCacheSize                    = 251658240                              {pd product} {ergonomic}
     bool SegmentedCodeCache                       = true                                      {product} {ergonomic}
   size_t SoftMaxHeapSize                          = 2147483648                             {manageable} {ergonomic}
     bool UseCompressedClassPointers               = true                           {product lp64_product} {ergonomic}
     bool UseCompressedOops                        = true                           {product lp64_product} {ergonomic}
     bool UseG1GC                                  = true                                      {product} {ergonomic}
     bool UseLargePagesIndividualAllocation        = false                                  {pd product} {ergonomic}

Logging:
Log output configuration:
 #0: stdout all=warning uptime,level,tags
 #1: stderr all=off uptime,level,tags

Environment Variables:
PATH=C:\Program Files\Common Files\Oracle\Java\javapath;C:\Python310\Scripts\;C:\Python310\;C:\Windows\system32;C:\Windows;C:\Windows\System32\Wbem;C:\Windows\System32\WindowsPowerShell\v1.0\;C:\Windows\System32\OpenSSH\;C:\Program Files\Git\cmd;C:\Program Files\nodejs\;C:\ProgramData\chocolatey\bin;C:\Program Files\PuTTY\;C:\Users\sttung\Downloads\opencv\build\x64\vc16\bin;C:\Users\sttung\AppData\Local\Microsoft\WindowsApps;;C:\Users\sttung\AppData\Local\Programs\Microsoft VS Code\bin;C:\Users\sttung\AppData\Roaming\npm
USERNAME=sttung
OS=Windows_NT
PROCESSOR_IDENTIFIER=Intel64 Family 6 Model 142 Stepping 12, GenuineIntel
TMP=C:\Users\sttung\AppData\Local\Temp
TEMP=C:\Users\sttung\AppData\Local\Temp


JNI global refs:
JNI global refs: 28, weak refs: 40

JNI global refs memory usage: 843, weak refs: 841

OOME stack traces (most recent first):
Classloader memory used:
Loader org.gradle.internal.classloader.VisitableURLClassLoader                         : 2719K
Loader bootstrap                                                                       : 2339K
Loader org.gradle.initialization.MixInLegacyTypesClassLoader                           : 644K
Loader jdk.internal.loader.ClassLoaders$PlatformClassLoader                            : 70193B
Loader org.gradle.internal.classloader.VisitableURLClassLoader                         : 46628B
Loader jdk.internal.loader.ClassLoaders$AppClassLoader                                 : 26051B
Loader jdk.internal.reflect.DelegatingClassLoader                                      : 21192B
Loader org.gradle.groovy.scripts.internal.DefaultScriptCompilationHandler$ScriptClassLoader: 3722B
Loader org.codehaus.groovy.runtime.callsite.CallSiteClassLoader                        : 876B

Classes loaded by more than one classloader:
Class org.gradle.api.GradleException                                                  : loaded 3 times (x 80B)
Class org.gradle.util.GradleVersion                                                   : loaded 2 times (x 81B)
Class org.gradle.internal.classpath.ClassPath                                         : loaded 2 times (x 68B)
Class org.gradle.api.internal.classpath.DefaultModuleRegistry                         : loaded 2 times (x 84B)
Class org.gradle.api.Action                                                           : loaded 2 times (x 68B)
Class org.gradle.api.internal.DefaultClassPathProvider                                : loaded 2 times (x 74B)
Class org.gradle.internal.installation.GradleInstallation$1                           : loaded 2 times (x 73B)
Class org.gradle.internal.exceptions.DefaultMultiCauseException                       : loaded 2 times (x 85B)
Class org.gradle.internal.time.MonotonicClock                                         : loaded 2 times (x 75B)
Class org.gradle.internal.classloader.FilteringClassLoader                            : loaded 2 times (x 102B)
Class org.gradle.internal.classpath.DefaultClassPath$ImmutableUniqueList$Builder      : loaded 2 times (x 73B)
Class org.gradle.internal.classloader.ClassLoaderVisitor                              : loaded 2 times (x 74B)
Class org.gradle.internal.time.DefaultCountdownTimer                                  : loaded 2 times (x 86B)
Class org.gradle.internal.service.DefaultServiceLocator                               : loaded 2 times (x 81B)
Class org.gradle.internal.service.UnknownServiceException                             : loaded 2 times (x 81B)
Class org.gradle.internal.classloader.DefaultClassLoaderFactory                       : loaded 2 times (x 80B)
Class org.gradle.internal.classloader.VisitableURLClassLoader$Spec                    : loaded 2 times (x 72B)
Class org.gradle.tooling.model.ProjectModel                                           : loaded 2 times (x 68B)
Class org.gradle.internal.installation.GradleInstallation                             : loaded 2 times (x 73B)
Class org.gradle.api.internal.classpath.ModuleRegistry                                : loaded 2 times (x 68B)
Class org.gradle.api.internal.ClassPathProvider                                       : loaded 2 times (x 68B)
Class org.gradle.internal.classloader.ClasspathUtil$1                                 : loaded 2 times (x 74B)
Class org.gradle.internal.classloader.ClassLoaderFactory                              : loaded 2 times (x 68B)
Class org.gradle.api.internal.classpath.ManifestUtil                                  : loaded 2 times (x 69B)
Class org.gradle.api.specs.Spec                                                       : loaded 2 times (x 68B)
Class org.gradle.internal.IoActions                                                   : loaded 2 times (x 69B)
Class org.gradle.api.internal.classpath.EffectiveClassPath                            : loaded 2 times (x 88B)
Class org.gradle.internal.installation.CurrentGradleInstallation                      : loaded 2 times (x 71B)
Class org.gradle.internal.installation.CurrentGradleInstallationLocator               : loaded 2 times (x 69B)
Class org.gradle.api.internal.classpath.Module                                        : loaded 2 times (x 68B)
Class org.gradle.internal.service.CachingServiceLocator                               : loaded 2 times (x 80B)
Class org.gradle.internal.time.Timer                                                  : loaded 2 times (x 68B)
Class org.gradle.internal.classpath.DefaultClassPath                                  : loaded 2 times (x 88B)
Class org.gradle.internal.time.Time                                                   : loaded 2 times (x 69B)
Class org.gradle.internal.time.TimeSource$1                                           : loaded 2 times (x 75B)
Class org.gradle.internal.classloader.SystemClassLoaderSpec                           : loaded 2 times (x 69B)
Class org.gradle.api.UncheckedIOException                                             : loaded 2 times (x 80B)
Class org.gradle.internal.time.Clock                                                  : loaded 2 times (x 68B)
Class org.gradle.internal.time.CountdownTimer                                         : loaded 2 times (x 68B)
Class org.gradle.internal.classloader.ClasspathUtil                                   : loaded 2 times (x 69B)
Class org.gradle.api.internal.DefaultClassPathRegistry                                : loaded 2 times (x 74B)
Class org.gradle.api.internal.classpath.DefaultModuleRegistry$DefaultModule           : loaded 2 times (x 84B)
Class org.gradle.internal.time.TimeSource                                             : loaded 2 times (x 68B)
Class org.gradle.api.internal.classpath.UnknownModuleException                        : loaded 2 times (x 80B)
Class org.gradle.internal.service.ServiceLookupException                              : loaded 2 times (x 80B)
Class org.gradle.cache.GlobalCache                                                    : loaded 2 times (x 68B)
Class [Lorg.gradle.api.internal.ClassPathProvider;                                    : loaded 2 times (x 67B)
Class org.gradle.internal.operations.MultipleBuildOperationFailures                   : loaded 2 times (x 85B)
Class org.gradle.util.internal.GUtil                                                  : loaded 2 times (x 69B)
Class org.gradle.internal.classloader.ClassLoaderSpec                                 : loaded 2 times (x 69B)
Class org.gradle.internal.classloader.VisitableURLClassLoader                         : loaded 2 times (x 114B)
Class org.gradle.internal.Cast                                                        : loaded 2 times (x 69B)
Class org.gradle.api.internal.ClassPathRegistry                                       : loaded 2 times (x 68B)
Class org.gradle.internal.classloader.ClassLoaderHierarchy                            : loaded 2 times (x 68B)
Class org.gradle.internal.exceptions.MultiCauseException                              : loaded 2 times (x 68B)
Class org.gradle.internal.InternalTransformer                                         : loaded 2 times (x 68B)
Class org.gradle.internal.service.ServiceLocator                                      : loaded 2 times (x 68B)
Class org.gradle.internal.classpath.DefaultClassPath$ImmutableUniqueList              : loaded 2 times (x 159B)
Class org.gradle.internal.time.DefaultTimer                                           : loaded 2 times (x 78B)


---------------  S Y S T E M  ---------------

OS:
 Windows 10 , 64 bit Build 19041 (10.0.19041.3570)
OS uptime: 9 days 23:14 hours

CPU: total 8 (initial active 8) (4 cores per cpu, 2 threads per core) family 6 model 142 stepping 12 microcode 0xc0, cx8, cmov, fxsr, ht, mmx, 3dnowpref, sse, sse2, sse3, ssse3, sse4.1, sse4.2, popcnt, lzcnt, tsc, tscinvbit, avx, avx2, aes, erms, clmul, bmi1, bmi2, adx, fma, vzeroupper, clflush, clflushopt

Memory: 4k page, system-wide physical 7971M (450M free)
TotalPageFile size 32547M (AvailPageFile size 7M)
current process WorkingSet (physical memory assigned to process): 376M, peak: 379M
current process commit charge ("private bytes"): 412M, peak: 432M

vm_info: OpenJDK 64-Bit Server VM (17.0.7+7-b1000.2) for windows-amd64 JRE (17.0.7+7-b1000.2), built on 2023-06-16 by "builduser" with MS VC++ 16.10 / 16.11 (VS2019)

END.
