#
# There is insufficient memory for the Java Runtime Environment to continue.
# Native memory allocation (malloc) failed to allocate 2426000 bytes for Chunk::new
# Possible reasons:
#   The system is out of physical RAM or swap space
#   The process is running with CompressedOops enabled, and the Java Heap may be blocking the growth of the native heap
# Possible solutions:
#   Reduce memory load on the system
#   Increase physical memory or swap space
#   Check if swap backing store is full
#   Decrease Java heap size (-Xmx/-Xms)
#   Decrease number of Java threads
#   Decrease Java thread stack sizes (-Xss)
#   Set larger code cache with -XX:ReservedCodeCacheSize=
#   JVM is running with Unscaled Compressed Oops mode in which the Java heap is
#     placed in the first 4GB address space. The Java Heap base address is the
#     maximum limit for the native heap growth. Please use -XX:HeapBaseMinAddress
#     to set the Java Heap base and to place the Java Heap above 4GB virtual address.
# This output file may be truncated or incomplete.
#
#  Out of Memory Error (arena.cpp:189), pid=1944, tid=14392
#
# JRE version: OpenJDK Runtime Environment JBR-17.0.7+7-1000.2-nomod (17.0.7+7) (build 17.0.7+7-b1000.2)
# Java VM: OpenJDK 64-Bit Server VM JBR-17.0.7+7-1000.2-nomod (17.0.7+7-b1000.2, mixed mode, tiered, compressed oops, compressed class ptrs, g1 gc, windows-amd64)
# No core dump will be written. Minidumps are not enabled by default on client versions of Windows
#

---------------  S U M M A R Y ------------

Command Line: --add-opens=java.base/java.util=ALL-UNNAMED --add-opens=java.base/java.lang=ALL-UNNAMED --add-opens=java.base/java.lang.invoke=ALL-UNNAMED --add-opens=java.prefs/java.util.prefs=ALL-UNNAMED --add-opens=java.base/java.nio.charset=ALL-UNNAMED --add-opens=java.base/java.net=ALL-UNNAMED --add-opens=java.base/java.util.concurrent.atomic=ALL-UNNAMED -Xmx2048m -Dfile.encoding=UTF-8 -Duser.country=KR -Duser.language=ko -Duser.variant org.gradle.launcher.daemon.bootstrap.GradleDaemon 8.0

Host: Intel(R) Core(TM) i5-10210U CPU @ 1.60GHz, 8 cores, 7G,  Windows 10 , 64 bit Build 19041 (10.0.19041.3570)
Time: Sun Oct 22 00:04:48 2023  Windows 10 , 64 bit Build 19041 (10.0.19041.3570) elapsed time: 12.978577 seconds (0d 0h 0m 12s)

---------------  T H R E A D  ---------------

Current thread (0x000002262402ec70):  JavaThread "C2 CompilerThread0" daemon [_thread_in_native, id=14392, stack(0x000000e40ac00000,0x000000e40ad00000)]


Current CompileTask:
C2:  12978 5471       4       org.objectweb.asm.ClassReader::readCode (5109 bytes)

Stack: [0x000000e40ac00000,0x000000e40ad00000]
Native frames: (J=compiled Java code, j=interpreted, Vv=VM code, C=native code)
V  [jvm.dll+0x683b4a]


---------------  P R O C E S S  ---------------

Threads class SMR info:
_java_thread_list=0x00000226242b2490, length=41, elements={
0x0000022605b6ab10, 0x000002261fcde620, 0x000002261fcdfdc0, 0x000002261fced460,
0x000002261fcede20, 0x000002261fcee6e0, 0x000002262402d620, 0x000002262402ec70,
0x0000022624034740, 0x0000022624035040, 0x0000022624210030, 0x0000022624213f40,
0x0000022624cda030, 0x0000022625cdb640, 0x0000022624e32020, 0x0000022625814af0,
0x0000022625814fc0, 0x000002262588e050, 0x0000022625967790, 0x00000226259504d0,
0x0000022625b86070, 0x0000022625b86540, 0x0000022625b89090, 0x0000022625b86a10,
0x0000022625b873b0, 0x0000022625b886f0, 0x0000022625b87d50, 0x0000022625b89560,
0x0000022625b89a30, 0x0000022625b88220, 0x0000022625b88bc0, 0x000002262615e7d0,
0x000002262615eca0, 0x000002262615f170, 0x000002262615f640, 0x000002262615caf0,
0x000002262615bc80, 0x0000022626160e50, 0x000002262615a470, 0x000002262615c620,
0x000002262615d960
}

Java Threads: ( => current thread )
  0x0000022605b6ab10 JavaThread "main" [_thread_blocked, id=13940, stack(0x000000e409f00000,0x000000e40a000000)]
  0x000002261fcde620 JavaThread "Reference Handler" daemon [_thread_blocked, id=5748, stack(0x000000e40a600000,0x000000e40a700000)]
  0x000002261fcdfdc0 JavaThread "Finalizer" daemon [_thread_blocked, id=16972, stack(0x000000e40a700000,0x000000e40a800000)]
  0x000002261fced460 JavaThread "Signal Dispatcher" daemon [_thread_blocked, id=22028, stack(0x000000e40a800000,0x000000e40a900000)]
  0x000002261fcede20 JavaThread "Attach Listener" daemon [_thread_blocked, id=13052, stack(0x000000e40a900000,0x000000e40aa00000)]
  0x000002261fcee6e0 JavaThread "Service Thread" daemon [_thread_blocked, id=5140, stack(0x000000e40aa00000,0x000000e40ab00000)]
  0x000002262402d620 JavaThread "Monitor Deflation Thread" daemon [_thread_blocked, id=8372, stack(0x000000e40ab00000,0x000000e40ac00000)]
=>0x000002262402ec70 JavaThread "C2 CompilerThread0" daemon [_thread_in_native, id=14392, stack(0x000000e40ac00000,0x000000e40ad00000)]
  0x0000022624034740 JavaThread "C1 CompilerThread0" daemon [_thread_blocked, id=8116, stack(0x000000e40ad00000,0x000000e40ae00000)]
  0x0000022624035040 JavaThread "Sweeper thread" daemon [_thread_blocked, id=7216, stack(0x000000e40ae00000,0x000000e40af00000)]
  0x0000022624210030 JavaThread "Common-Cleaner" daemon [_thread_blocked, id=22132, stack(0x000000e40af00000,0x000000e40b000000)]
  0x0000022624213f40 JavaThread "Notification Thread" daemon [_thread_blocked, id=17936, stack(0x000000e40b000000,0x000000e40b100000)]
  0x0000022624cda030 JavaThread "Daemon health stats" [_thread_blocked, id=22676, stack(0x000000e40b600000,0x000000e40b700000)]
  0x0000022625cdb640 JavaThread "Incoming local TCP Connector on port 52005" [_thread_in_native, id=6032, stack(0x000000e40b700000,0x000000e40b800000)]
  0x0000022624e32020 JavaThread "Daemon periodic checks" [_thread_blocked, id=16320, stack(0x000000e40b800000,0x000000e40b900000)]
  0x0000022625814af0 JavaThread "Daemon" [_thread_blocked, id=11168, stack(0x000000e40b900000,0x000000e40ba00000)]
  0x0000022625814fc0 JavaThread "Handler for socket connection from /127.0.0.1:52005 to /127.0.0.1:52006" [_thread_in_native, id=21368, stack(0x000000e40ba00000,0x000000e40bb00000)]
  0x000002262588e050 JavaThread "Cancel handler" [_thread_blocked, id=3920, stack(0x000000e40bb00000,0x000000e40bc00000)]
  0x0000022625967790 JavaThread "Daemon worker" [_thread_blocked, id=1956, stack(0x000000e40bc00000,0x000000e40bd00000)]
  0x00000226259504d0 JavaThread "Asynchronous log dispatcher for DefaultDaemonConnection: socket connection from /127.0.0.1:52005 to /127.0.0.1:52006" [_thread_blocked, id=7116, stack(0x000000e40bd00000,0x000000e40be00000)]
  0x0000022625b86070 JavaThread "Stdin handler" [_thread_blocked, id=22304, stack(0x000000e40be00000,0x000000e40bf00000)]
  0x0000022625b86540 JavaThread "Daemon client event forwarder" [_thread_blocked, id=19800, stack(0x000000e40bf00000,0x000000e40c000000)]
  0x0000022625b89090 JavaThread "Cache worker for journal cache (C:\Users\sttung\.gradle\caches\journal-1)" [_thread_blocked, id=20968, stack(0x000000e40c400000,0x000000e40c500000)]
  0x0000022625b86a10 JavaThread "File lock request listener" [_thread_in_native, id=6960, stack(0x000000e40c500000,0x000000e40c600000)]
  0x0000022625b873b0 JavaThread "Cache worker for file hash cache (C:\Users\sttung\.gradle\caches\8.0\fileHashes)" [_thread_blocked, id=20288, stack(0x000000e40c600000,0x000000e40c700000)]
  0x0000022625b886f0 JavaThread "File watcher server" daemon [_thread_in_native, id=6516, stack(0x000000e40c700000,0x000000e40c800000)]
  0x0000022625b87d50 JavaThread "File watcher consumer" daemon [_thread_blocked, id=21496, stack(0x000000e40c800000,0x000000e40c900000)]
  0x0000022625b89560 JavaThread "jar transforms" [_thread_blocked, id=20588, stack(0x000000e40c900000,0x000000e40ca00000)]
  0x0000022625b89a30 JavaThread "jar transforms Thread 2" [_thread_in_Java, id=5908, stack(0x000000e40ca00000,0x000000e40cb00000)]
  0x0000022625b88220 JavaThread "jar transforms Thread 3" [_thread_blocked, id=6872, stack(0x000000e40cb00000,0x000000e40cc00000)]
  0x0000022625b88bc0 JavaThread "jar transforms Thread 4" [_thread_in_Java, id=13244, stack(0x000000e40cc00000,0x000000e40cd00000)]
  0x000002262615e7d0 JavaThread "jar transforms Thread 5" [_thread_blocked, id=14524, stack(0x000000e40cd00000,0x000000e40ce00000)]
  0x000002262615eca0 JavaThread "jar transforms Thread 6" [_thread_blocked, id=13568, stack(0x000000e40ce00000,0x000000e40cf00000)]
  0x000002262615f170 JavaThread "jar transforms Thread 7" [_thread_blocked, id=1012, stack(0x000000e40cf00000,0x000000e40d000000)]
  0x000002262615f640 JavaThread "jar transforms Thread 8" [_thread_blocked, id=17468, stack(0x000000e40d000000,0x000000e40d100000)]
  0x000002262615caf0 JavaThread "Cache worker for checksums cache (C:\Users\sttung\AndroidStudioProjects\Kle-Kle\.gradle\8.0\checksums)" [_thread_blocked, id=14280, stack(0x000000e40d100000,0x000000e40d200000)]
  0x000002262615bc80 JavaThread "Cache worker for cache directory md-rule (C:\Users\sttung\.gradle\caches\8.0\md-rule)" [_thread_blocked, id=5772, stack(0x000000e40d200000,0x000000e40d300000)]
  0x0000022626160e50 JavaThread "Cache worker for file content cache (C:\Users\sttung\.gradle\caches\8.0\fileContent)" [_thread_blocked, id=13380, stack(0x000000e40d300000,0x000000e40d400000)]
  0x000002262615a470 JavaThread "Cache worker for file hash cache (C:\Users\sttung\AndroidStudioProjects\Kle-Kle\.gradle\8.0\fileHashes)" [_thread_blocked, id=22740, stack(0x000000e40d400000,0x000000e40d500000)]
  0x000002262615c620 JavaThread "Cache worker for cache directory md-supplier (C:\Users\sttung\.gradle\caches\8.0\md-supplier)" [_thread_blocked, id=12904, stack(0x000000e40d500000,0x000000e40d600000)]
  0x000002262615d960 JavaThread "Cache worker for execution history cache (C:\Users\sttung\.gradle\caches\8.0\executionHistory)" [_thread_blocked, id=23508, stack(0x000000e40d600000,0x000000e40d700000)]

Other Threads:
  0x000002261fcbb450 VMThread "VM Thread" [stack: 0x000000e40a500000,0x000000e40a600000] [id=8520]
  0x0000022624214410 WatcherThread [stack: 0x000000e40b100000,0x000000e40b200000] [id=22140]
  0x0000022605bc7cf0 GCTaskThread "GC Thread#0" [stack: 0x000000e40a000000,0x000000e40a100000] [id=6044]
  0x0000022624706c70 GCTaskThread "GC Thread#1" [stack: 0x000000e40b200000,0x000000e40b300000] [id=14360]
  0x0000022624f3c160 GCTaskThread "GC Thread#2" [stack: 0x000000e40b300000,0x000000e40b400000] [id=12440]
  0x0000022624bdacf0 GCTaskThread "GC Thread#3" [stack: 0x000000e40b400000,0x000000e40b500000] [id=17048]
  0x000002262506a260 GCTaskThread "GC Thread#4" [stack: 0x000000e40b500000,0x000000e40b600000] [id=18864]
  0x0000022625bf00e0 GCTaskThread "GC Thread#5" [stack: 0x000000e40c000000,0x000000e40c100000] [id=6244]
  0x0000022625bf0390 GCTaskThread "GC Thread#6" [stack: 0x000000e40c100000,0x000000e40c200000] [id=16844]
  0x0000022625caabd0 GCTaskThread "GC Thread#7" [stack: 0x000000e40c200000,0x000000e40c300000] [id=20720]
  0x0000022605bd8b40 ConcurrentGCThread "G1 Main Marker" [stack: 0x000000e40a100000,0x000000e40a200000] [id=5332]
  0x0000022605bd9c00 ConcurrentGCThread "G1 Conc#0" [stack: 0x000000e40a200000,0x000000e40a300000] [id=20140]
  0x0000022625f26350 ConcurrentGCThread "G1 Conc#1" [stack: 0x000000e40c300000,0x000000e40c400000] [id=21940]
  0x0000022605c3e7c0 ConcurrentGCThread "G1 Refine#0" [stack: 0x000000e40a300000,0x000000e40a400000] [id=19728]
  0x000002261fb12610 ConcurrentGCThread "G1 Service" [stack: 0x000000e40a400000,0x000000e40a500000] [id=21980]

Threads with active compile tasks:
C2 CompilerThread0    13085 5471       4       org.objectweb.asm.ClassReader::readCode (5109 bytes)

VM state: not at safepoint (normal execution)

VM Mutex/Monitor currently owned by a thread: None

Heap address: 0x0000000080000000, size: 2048 MB, Compressed Oops mode: 32-bit

CDS archive(s) not mapped
Compressed class space mapped at: 0x0000000100000000-0x0000000140000000, reserved size: 1073741824
Narrow klass base: 0x0000000000000000, Narrow klass shift: 3, Narrow klass range: 0x140000000

GC Precious Log:
 CPUs: 8 total, 8 available
 Memory: 7971M
 Large Page Support: Disabled
 NUMA Support: Disabled
 Compressed Oops: Enabled (32-bit)
 Heap Region Size: 1M
 Heap Min Capacity: 8M
 Heap Initial Capacity: 126M
 Heap Max Capacity: 2G
 Pre-touch: Disabled
 Parallel Workers: 8
 Concurrent Workers: 2
 Concurrent Refinement Workers: 8
 Periodic GC: Disabled

Heap:
 garbage-first heap   total 204800K, used 148053K [0x0000000080000000, 0x0000000100000000)
  region size 1024K, 76 young (77824K), 12 survivors (12288K)
 Metaspace       used 52351K, committed 52800K, reserved 1114112K
  class space    used 6943K, committed 7168K, reserved 1048576K

Heap Regions: E=young(eden), S=young(survivor), O=old, HS=humongous(starts), HC=humongous(continues), CS=collection set, F=free, OA=open archive, CA=closed archive, TAMS=top-at-mark-start (previous, next)
|   0|0x0000000080000000, 0x0000000080100000, 0x0000000080100000|100%|HS|  |TAMS 0x0000000080100000, 0x0000000080000000| Complete 
|   1|0x0000000080100000, 0x0000000080200000, 0x0000000080200000|100%|HC|  |TAMS 0x0000000080200000, 0x0000000080100000| Complete 
|   2|0x0000000080200000, 0x0000000080300000, 0x0000000080300000|100%|HC|  |TAMS 0x0000000080300000, 0x0000000080200000| Complete 
|   3|0x0000000080300000, 0x0000000080400000, 0x0000000080400000|100%|HC|  |TAMS 0x0000000080400000, 0x0000000080300000| Complete 
|   4|0x0000000080400000, 0x0000000080500000, 0x0000000080500000|100%| O|  |TAMS 0x0000000080500000, 0x0000000080400000| Untracked 
|   5|0x0000000080500000, 0x0000000080600000, 0x0000000080600000|100%| O|  |TAMS 0x0000000080600000, 0x0000000080500000| Untracked 
|   6|0x0000000080600000, 0x0000000080700000, 0x0000000080700000|100%| O|  |TAMS 0x0000000080700000, 0x0000000080600000| Untracked 
|   7|0x0000000080700000, 0x0000000080800000, 0x0000000080800000|100%| O|  |TAMS 0x0000000080800000, 0x0000000080700000| Untracked 
|   8|0x0000000080800000, 0x0000000080900000, 0x0000000080900000|100%| O|  |TAMS 0x0000000080900000, 0x0000000080800000| Untracked 
|   9|0x0000000080900000, 0x0000000080a00000, 0x0000000080a00000|100%| O|  |TAMS 0x0000000080a00000, 0x0000000080900000| Untracked 
|  10|0x0000000080a00000, 0x0000000080b00000, 0x0000000080b00000|100%| O|  |TAMS 0x0000000080b00000, 0x0000000080a00000| Untracked 
|  11|0x0000000080b00000, 0x0000000080c00000, 0x0000000080c00000|100%| O|  |TAMS 0x0000000080c00000, 0x0000000080b00000| Untracked 
|  12|0x0000000080c00000, 0x0000000080d00000, 0x0000000080d00000|100%| O|  |TAMS 0x0000000080d00000, 0x0000000080c00000| Untracked 
|  13|0x0000000080d00000, 0x0000000080e00000, 0x0000000080e00000|100%| O|  |TAMS 0x0000000080e00000, 0x0000000080d00000| Untracked 
|  14|0x0000000080e00000, 0x0000000080f00000, 0x0000000080f00000|100%| O|  |TAMS 0x0000000080f00000, 0x0000000080e00000| Untracked 
|  15|0x0000000080f00000, 0x0000000081000000, 0x0000000081000000|100%| O|  |TAMS 0x0000000081000000, 0x0000000080f00000| Untracked 
|  16|0x0000000081000000, 0x0000000081100000, 0x0000000081100000|100%| O|  |TAMS 0x0000000081100000, 0x0000000081000000| Untracked 
|  17|0x0000000081100000, 0x0000000081200000, 0x0000000081200000|100%| O|  |TAMS 0x0000000081200000, 0x0000000081100000| Untracked 
|  18|0x0000000081200000, 0x0000000081300000, 0x0000000081300000|100%| O|  |TAMS 0x0000000081300000, 0x0000000081200000| Untracked 
|  19|0x0000000081300000, 0x0000000081400000, 0x0000000081400000|100%| O|  |TAMS 0x0000000081400000, 0x0000000081300000| Untracked 
|  20|0x0000000081400000, 0x0000000081500000, 0x0000000081500000|100%| O|  |TAMS 0x0000000081500000, 0x0000000081400000| Untracked 
|  21|0x0000000081500000, 0x0000000081600000, 0x0000000081600000|100%|HS|  |TAMS 0x0000000081600000, 0x0000000081500000| Complete 
|  22|0x0000000081600000, 0x0000000081700000, 0x0000000081700000|100%|HC|  |TAMS 0x0000000081700000, 0x0000000081600000| Complete 
|  23|0x0000000081700000, 0x0000000081800000, 0x0000000081800000|100%|HS|  |TAMS 0x0000000081800000, 0x0000000081700000| Complete 
|  24|0x0000000081800000, 0x0000000081900000, 0x0000000081900000|100%|HC|  |TAMS 0x0000000081900000, 0x0000000081800000| Complete 
|  25|0x0000000081900000, 0x0000000081a00000, 0x0000000081a00000|100%|HC|  |TAMS 0x0000000081a00000, 0x0000000081900000| Complete 
|  26|0x0000000081a00000, 0x0000000081b00000, 0x0000000081b00000|100%|HS|  |TAMS 0x0000000081b00000, 0x0000000081a00000| Complete 
|  27|0x0000000081b00000, 0x0000000081c00000, 0x0000000081c00000|100%|HC|  |TAMS 0x0000000081c00000, 0x0000000081b00000| Complete 
|  28|0x0000000081c00000, 0x0000000081d00000, 0x0000000081d00000|100%|HC|  |TAMS 0x0000000081d00000, 0x0000000081c00000| Complete 
|  29|0x0000000081d00000, 0x0000000081e00000, 0x0000000081e00000|100%|HS|  |TAMS 0x0000000081e00000, 0x0000000081d00000| Complete 
|  30|0x0000000081e00000, 0x0000000081f00000, 0x0000000081f00000|100%|HC|  |TAMS 0x0000000081f00000, 0x0000000081e00000| Complete 
|  31|0x0000000081f00000, 0x0000000082000000, 0x0000000082000000|100%| O|  |TAMS 0x0000000082000000, 0x0000000081f00000| Untracked 
|  32|0x0000000082000000, 0x0000000082000000, 0x0000000082100000|  0%| F|  |TAMS 0x0000000082000000, 0x0000000082000000| Untracked 
|  33|0x0000000082100000, 0x0000000082200000, 0x0000000082200000|100%| O|  |TAMS 0x0000000082200000, 0x0000000082100000| Untracked 
|  34|0x0000000082200000, 0x0000000082300000, 0x0000000082300000|100%|HS|  |TAMS 0x0000000082300000, 0x0000000082200000| Complete 
|  35|0x0000000082300000, 0x0000000082400000, 0x0000000082400000|100%|HC|  |TAMS 0x0000000082400000, 0x0000000082300000| Complete 
|  36|0x0000000082400000, 0x0000000082500000, 0x0000000082500000|100%|HS|  |TAMS 0x0000000082500000, 0x0000000082400000| Complete 
|  37|0x0000000082500000, 0x0000000082600000, 0x0000000082600000|100%|HC|  |TAMS 0x0000000082600000, 0x0000000082500000| Complete 
|  38|0x0000000082600000, 0x0000000082700000, 0x0000000082700000|100%|HC|  |TAMS 0x0000000082700000, 0x0000000082600000| Complete 
|  39|0x0000000082700000, 0x0000000082800000, 0x0000000082800000|100%|HC|  |TAMS 0x0000000082800000, 0x0000000082700000| Complete 
|  40|0x0000000082800000, 0x0000000082900000, 0x0000000082900000|100%|HC|  |TAMS 0x0000000082900000, 0x0000000082800000| Complete 
|  41|0x0000000082900000, 0x0000000082a00000, 0x0000000082a00000|100%| O|  |TAMS 0x0000000082a00000, 0x0000000082900000| Untracked 
|  42|0x0000000082a00000, 0x0000000082b00000, 0x0000000082b00000|100%| O|  |TAMS 0x0000000082b00000, 0x0000000082a00000| Untracked 
|  43|0x0000000082b00000, 0x0000000082c00000, 0x0000000082c00000|100%| O|  |TAMS 0x0000000082c00000, 0x0000000082b00000| Untracked 
|  44|0x0000000082c00000, 0x0000000082d00000, 0x0000000082d00000|100%|HS|  |TAMS 0x0000000082d00000, 0x0000000082c00000| Complete 
|  45|0x0000000082d00000, 0x0000000082e00000, 0x0000000082e00000|100%|HC|  |TAMS 0x0000000082e00000, 0x0000000082d00000| Complete 
|  46|0x0000000082e00000, 0x0000000082f00000, 0x0000000082f00000|100%|HC|  |TAMS 0x0000000082f00000, 0x0000000082e00000| Complete 
|  47|0x0000000082f00000, 0x0000000083000000, 0x0000000083000000|100%|HC|  |TAMS 0x0000000083000000, 0x0000000082f00000| Complete 
|  48|0x0000000083000000, 0x0000000083100000, 0x0000000083100000|100%|HC|  |TAMS 0x0000000083100000, 0x0000000083000000| Complete 
|  49|0x0000000083100000, 0x0000000083200000, 0x0000000083200000|100%|HC|  |TAMS 0x0000000083200000, 0x0000000083100000| Complete 
|  50|0x0000000083200000, 0x0000000083300000, 0x0000000083300000|100%|HC|  |TAMS 0x0000000083300000, 0x0000000083200000| Complete 
|  51|0x0000000083300000, 0x0000000083400000, 0x0000000083400000|100%|HC|  |TAMS 0x0000000083400000, 0x0000000083300000| Complete 
|  52|0x0000000083400000, 0x0000000083500000, 0x0000000083500000|100%|HC|  |TAMS 0x0000000083500000, 0x0000000083400000| Complete 
|  53|0x0000000083500000, 0x0000000083600000, 0x0000000083600000|100%|HC|  |TAMS 0x0000000083600000, 0x0000000083500000| Complete 
|  54|0x0000000083600000, 0x0000000083700000, 0x0000000083700000|100%| O|  |TAMS 0x0000000083700000, 0x0000000083600000| Untracked 
|  55|0x0000000083700000, 0x0000000083800000, 0x0000000083800000|100%| O|  |TAMS 0x0000000083800000, 0x0000000083700000| Untracked 
|  56|0x0000000083800000, 0x000000008381f400, 0x0000000083900000| 12%| O|  |TAMS 0x000000008381f400, 0x0000000083800000| Untracked 
|  57|0x0000000083900000, 0x0000000083a00000, 0x0000000083a00000|100%| O|  |TAMS 0x0000000083a00000, 0x0000000083900000| Untracked 
|  58|0x0000000083a00000, 0x0000000083b00000, 0x0000000083b00000|100%| O|  |TAMS 0x0000000083b00000, 0x0000000083a00000| Untracked 
|  59|0x0000000083b00000, 0x0000000083c00000, 0x0000000083c00000|100%| O|  |TAMS 0x0000000083c00000, 0x0000000083b00000| Untracked 
|  60|0x0000000083c00000, 0x0000000083d00000, 0x0000000083d00000|100%| O|  |TAMS 0x0000000083d00000, 0x0000000083c00000| Untracked 
|  61|0x0000000083d00000, 0x0000000083e00000, 0x0000000083e00000|100%| O|  |TAMS 0x0000000083e00000, 0x0000000083d00000| Untracked 
|  62|0x0000000083e00000, 0x0000000083f00000, 0x0000000083f00000|100%|HS|  |TAMS 0x0000000083f00000, 0x0000000083e00000| Complete 
|  63|0x0000000083f00000, 0x0000000084000000, 0x0000000084000000|100%|HC|  |TAMS 0x0000000084000000, 0x0000000083f00000| Complete 
|  64|0x0000000084000000, 0x0000000084100000, 0x0000000084100000|100%|HC|  |TAMS 0x0000000084100000, 0x0000000084000000| Complete 
|  65|0x0000000084100000, 0x0000000084200000, 0x0000000084200000|100%|HC|  |TAMS 0x0000000084200000, 0x0000000084100000| Complete 
|  66|0x0000000084200000, 0x0000000084300000, 0x0000000084300000|100%|HC|  |TAMS 0x0000000084300000, 0x0000000084200000| Complete 
|  67|0x0000000084300000, 0x0000000084400000, 0x0000000084400000|100%|HS|  |TAMS 0x0000000084400000, 0x0000000084300000| Complete 
|  68|0x0000000084400000, 0x0000000084500000, 0x0000000084500000|100%|HC|  |TAMS 0x0000000084500000, 0x0000000084400000| Complete 
|  69|0x0000000084500000, 0x0000000084600000, 0x0000000084600000|100%| O|  |TAMS 0x0000000084600000, 0x0000000084500000| Untracked 
|  70|0x0000000084600000, 0x0000000084700000, 0x0000000084700000|100%| O|  |TAMS 0x0000000084700000, 0x0000000084600000| Untracked 
|  71|0x0000000084700000, 0x0000000084800000, 0x0000000084800000|100%| O|  |TAMS 0x0000000084800000, 0x0000000084700000| Untracked 
|  72|0x0000000084800000, 0x0000000084898a00, 0x0000000084900000| 59%| O|  |TAMS 0x0000000084898a00, 0x0000000084800000| Untracked 
|  73|0x0000000084900000, 0x0000000084900000, 0x0000000084a00000|  0%| F|  |TAMS 0x0000000084900000, 0x0000000084900000| Untracked 
|  74|0x0000000084a00000, 0x0000000084a00000, 0x0000000084b00000|  0%| F|  |TAMS 0x0000000084a00000, 0x0000000084a00000| Untracked 
|  75|0x0000000084b00000, 0x0000000084b00000, 0x0000000084c00000|  0%| F|  |TAMS 0x0000000084b00000, 0x0000000084b00000| Untracked 
|  76|0x0000000084c00000, 0x0000000084c00000, 0x0000000084d00000|  0%| F|  |TAMS 0x0000000084c00000, 0x0000000084c00000| Untracked 
|  77|0x0000000084d00000, 0x0000000084d00000, 0x0000000084e00000|  0%| F|  |TAMS 0x0000000084d00000, 0x0000000084d00000| Untracked 
|  78|0x0000000084e00000, 0x0000000084e00000, 0x0000000084f00000|  0%| F|  |TAMS 0x0000000084e00000, 0x0000000084e00000| Untracked 
|  79|0x0000000084f00000, 0x0000000084f00000, 0x0000000085000000|  0%| F|  |TAMS 0x0000000084f00000, 0x0000000084f00000| Untracked 
|  80|0x0000000085000000, 0x0000000085000000, 0x0000000085100000|  0%| F|  |TAMS 0x0000000085000000, 0x0000000085000000| Untracked 
|  81|0x0000000085100000, 0x0000000085100000, 0x0000000085200000|  0%| F|  |TAMS 0x0000000085100000, 0x0000000085100000| Untracked 
|  82|0x0000000085200000, 0x0000000085200000, 0x0000000085300000|  0%| F|  |TAMS 0x0000000085200000, 0x0000000085200000| Untracked 
|  83|0x0000000085300000, 0x0000000085300000, 0x0000000085400000|  0%| F|  |TAMS 0x0000000085300000, 0x0000000085300000| Untracked 
|  84|0x0000000085400000, 0x0000000085400000, 0x0000000085500000|  0%| F|  |TAMS 0x0000000085400000, 0x0000000085400000| Untracked 
|  85|0x0000000085500000, 0x0000000085500000, 0x0000000085600000|  0%| F|  |TAMS 0x0000000085500000, 0x0000000085500000| Untracked 
|  86|0x0000000085600000, 0x0000000085600000, 0x0000000085700000|  0%| F|  |TAMS 0x0000000085600000, 0x0000000085600000| Untracked 
|  87|0x0000000085700000, 0x00000000857dd640, 0x0000000085800000| 86%| S|CS|TAMS 0x0000000085700000, 0x0000000085700000| Complete 
|  88|0x0000000085800000, 0x0000000085900000, 0x0000000085900000|100%| S|CS|TAMS 0x0000000085800000, 0x0000000085800000| Complete 
|  89|0x0000000085900000, 0x0000000085a00000, 0x0000000085a00000|100%| S|CS|TAMS 0x0000000085900000, 0x0000000085900000| Complete 
|  90|0x0000000085a00000, 0x0000000085b00000, 0x0000000085b00000|100%| S|CS|TAMS 0x0000000085a00000, 0x0000000085a00000| Complete 
|  91|0x0000000085b00000, 0x0000000085c00000, 0x0000000085c00000|100%| S|CS|TAMS 0x0000000085b00000, 0x0000000085b00000| Complete 
|  92|0x0000000085c00000, 0x0000000085d00000, 0x0000000085d00000|100%| S|CS|TAMS 0x0000000085c00000, 0x0000000085c00000| Complete 
|  93|0x0000000085d00000, 0x0000000085e00000, 0x0000000085e00000|100%| S|CS|TAMS 0x0000000085d00000, 0x0000000085d00000| Complete 
|  94|0x0000000085e00000, 0x0000000085f00000, 0x0000000085f00000|100%| S|CS|TAMS 0x0000000085e00000, 0x0000000085e00000| Complete 
|  95|0x0000000085f00000, 0x0000000086000000, 0x0000000086000000|100%| S|CS|TAMS 0x0000000085f00000, 0x0000000085f00000| Complete 
|  96|0x0000000086000000, 0x0000000086100000, 0x0000000086100000|100%| S|CS|TAMS 0x0000000086000000, 0x0000000086000000| Complete 
|  97|0x0000000086100000, 0x0000000086200000, 0x0000000086200000|100%| S|CS|TAMS 0x0000000086100000, 0x0000000086100000| Complete 
|  98|0x0000000086200000, 0x0000000086300000, 0x0000000086300000|100%| S|CS|TAMS 0x0000000086200000, 0x0000000086200000| Complete 
|  99|0x0000000086300000, 0x0000000086300000, 0x0000000086400000|  0%| F|  |TAMS 0x0000000086300000, 0x0000000086300000| Untracked 
| 100|0x0000000086400000, 0x0000000086400000, 0x0000000086500000|  0%| F|  |TAMS 0x0000000086400000, 0x0000000086400000| Untracked 
| 101|0x0000000086500000, 0x0000000086500000, 0x0000000086600000|  0%| F|  |TAMS 0x0000000086500000, 0x0000000086500000| Untracked 
| 102|0x0000000086600000, 0x0000000086600000, 0x0000000086700000|  0%| F|  |TAMS 0x0000000086600000, 0x0000000086600000| Untracked 
| 103|0x0000000086700000, 0x0000000086700000, 0x0000000086800000|  0%| F|  |TAMS 0x0000000086700000, 0x0000000086700000| Untracked 
| 104|0x0000000086800000, 0x0000000086800000, 0x0000000086900000|  0%| F|  |TAMS 0x0000000086800000, 0x0000000086800000| Untracked 
| 105|0x0000000086900000, 0x0000000086900000, 0x0000000086a00000|  0%| F|  |TAMS 0x0000000086900000, 0x0000000086900000| Untracked 
| 106|0x0000000086a00000, 0x0000000086a00000, 0x0000000086b00000|  0%| F|  |TAMS 0x0000000086a00000, 0x0000000086a00000| Untracked 
| 107|0x0000000086b00000, 0x0000000086b00000, 0x0000000086c00000|  0%| F|  |TAMS 0x0000000086b00000, 0x0000000086b00000| Untracked 
| 108|0x0000000086c00000, 0x0000000086c00000, 0x0000000086d00000|  0%| F|  |TAMS 0x0000000086c00000, 0x0000000086c00000| Untracked 
| 109|0x0000000086d00000, 0x0000000086d00000, 0x0000000086e00000|  0%| F|  |TAMS 0x0000000086d00000, 0x0000000086d00000| Untracked 
| 110|0x0000000086e00000, 0x0000000086e00000, 0x0000000086f00000|  0%| F|  |TAMS 0x0000000086e00000, 0x0000000086e00000| Untracked 
| 111|0x0000000086f00000, 0x0000000086f00000, 0x0000000087000000|  0%| F|  |TAMS 0x0000000086f00000, 0x0000000086f00000| Untracked 
| 112|0x0000000087000000, 0x0000000087000000, 0x0000000087100000|  0%| F|  |TAMS 0x0000000087000000, 0x0000000087000000| Untracked 
| 113|0x0000000087100000, 0x0000000087100000, 0x0000000087200000|  0%| F|  |TAMS 0x0000000087100000, 0x0000000087100000| Untracked 
| 114|0x0000000087200000, 0x0000000087200000, 0x0000000087300000|  0%| F|  |TAMS 0x0000000087200000, 0x0000000087200000| Untracked 
| 115|0x0000000087300000, 0x0000000087300000, 0x0000000087400000|  0%| F|  |TAMS 0x0000000087300000, 0x0000000087300000| Untracked 
| 116|0x0000000087400000, 0x0000000087400000, 0x0000000087500000|  0%| F|  |TAMS 0x0000000087400000, 0x0000000087400000| Untracked 
| 117|0x0000000087500000, 0x0000000087500000, 0x0000000087600000|  0%| F|  |TAMS 0x0000000087500000, 0x0000000087500000| Untracked 
| 118|0x0000000087600000, 0x0000000087600000, 0x0000000087700000|  0%| F|  |TAMS 0x0000000087600000, 0x0000000087600000| Untracked 
| 119|0x0000000087700000, 0x0000000087700000, 0x0000000087800000|  0%| F|  |TAMS 0x0000000087700000, 0x0000000087700000| Untracked 
| 120|0x0000000087800000, 0x0000000087800000, 0x0000000087900000|  0%| F|  |TAMS 0x0000000087800000, 0x0000000087800000| Untracked 
| 121|0x0000000087900000, 0x0000000087900000, 0x0000000087a00000|  0%| F|  |TAMS 0x0000000087900000, 0x0000000087900000| Untracked 
| 122|0x0000000087a00000, 0x0000000087a00000, 0x0000000087b00000|  0%| F|  |TAMS 0x0000000087a00000, 0x0000000087a00000| Untracked 
| 123|0x0000000087b00000, 0x0000000087b00000, 0x0000000087c00000|  0%| F|  |TAMS 0x0000000087b00000, 0x0000000087b00000| Untracked 
| 124|0x0000000087c00000, 0x0000000087c00000, 0x0000000087d00000|  0%| F|  |TAMS 0x0000000087c00000, 0x0000000087c00000| Untracked 
| 125|0x0000000087d00000, 0x0000000087d00000, 0x0000000087e00000|  0%| F|  |TAMS 0x0000000087d00000, 0x0000000087d00000| Untracked 
| 126|0x0000000087e00000, 0x0000000087e00000, 0x0000000087f00000|  0%| F|  |TAMS 0x0000000087e00000, 0x0000000087e00000| Untracked 
| 127|0x0000000087f00000, 0x0000000087f00000, 0x0000000088000000|  0%| F|  |TAMS 0x0000000087f00000, 0x0000000087f00000| Untracked 
| 128|0x0000000088000000, 0x0000000088000000, 0x0000000088100000|  0%| F|  |TAMS 0x0000000088000000, 0x0000000088000000| Untracked 
| 129|0x0000000088100000, 0x0000000088100000, 0x0000000088200000|  0%| F|  |TAMS 0x0000000088100000, 0x0000000088100000| Untracked 
| 130|0x0000000088200000, 0x0000000088200000, 0x0000000088300000|  0%| F|  |TAMS 0x0000000088200000, 0x0000000088200000| Untracked 
| 131|0x0000000088300000, 0x0000000088300000, 0x0000000088400000|  0%| F|  |TAMS 0x0000000088300000, 0x0000000088300000| Untracked 
| 132|0x0000000088400000, 0x0000000088400000, 0x0000000088500000|  0%| F|  |TAMS 0x0000000088400000, 0x0000000088400000| Untracked 
| 133|0x0000000088500000, 0x0000000088500000, 0x0000000088600000|  0%| F|  |TAMS 0x0000000088500000, 0x0000000088500000| Untracked 
| 134|0x0000000088600000, 0x0000000088680800, 0x0000000088700000| 50%| E|  |TAMS 0x0000000088600000, 0x0000000088600000| Complete 
| 135|0x0000000088700000, 0x0000000088800000, 0x0000000088800000|100%| E|CS|TAMS 0x0000000088700000, 0x0000000088700000| Complete 
| 136|0x0000000088800000, 0x0000000088900000, 0x0000000088900000|100%| E|CS|TAMS 0x0000000088800000, 0x0000000088800000| Complete 
| 137|0x0000000088900000, 0x0000000088a00000, 0x0000000088a00000|100%| E|CS|TAMS 0x0000000088900000, 0x0000000088900000| Complete 
| 138|0x0000000088a00000, 0x0000000088b00000, 0x0000000088b00000|100%| E|CS|TAMS 0x0000000088a00000, 0x0000000088a00000| Complete 
| 139|0x0000000088b00000, 0x0000000088c00000, 0x0000000088c00000|100%| E|CS|TAMS 0x0000000088b00000, 0x0000000088b00000| Complete 
| 140|0x0000000088c00000, 0x0000000088d00000, 0x0000000088d00000|100%| E|CS|TAMS 0x0000000088c00000, 0x0000000088c00000| Complete 
| 141|0x0000000088d00000, 0x0000000088e00000, 0x0000000088e00000|100%| E|CS|TAMS 0x0000000088d00000, 0x0000000088d00000| Complete 
| 142|0x0000000088e00000, 0x0000000088f00000, 0x0000000088f00000|100%| E|CS|TAMS 0x0000000088e00000, 0x0000000088e00000| Complete 
| 143|0x0000000088f00000, 0x0000000089000000, 0x0000000089000000|100%| E|CS|TAMS 0x0000000088f00000, 0x0000000088f00000| Complete 
| 144|0x0000000089000000, 0x0000000089100000, 0x0000000089100000|100%| E|CS|TAMS 0x0000000089000000, 0x0000000089000000| Complete 
| 145|0x0000000089100000, 0x0000000089200000, 0x0000000089200000|100%| E|CS|TAMS 0x0000000089100000, 0x0000000089100000| Complete 
| 146|0x0000000089200000, 0x0000000089300000, 0x0000000089300000|100%| E|CS|TAMS 0x0000000089200000, 0x0000000089200000| Complete 
| 147|0x0000000089300000, 0x0000000089400000, 0x0000000089400000|100%| E|CS|TAMS 0x0000000089300000, 0x0000000089300000| Complete 
| 148|0x0000000089400000, 0x0000000089500000, 0x0000000089500000|100%| E|CS|TAMS 0x0000000089400000, 0x0000000089400000| Complete 
| 149|0x0000000089500000, 0x0000000089600000, 0x0000000089600000|100%| E|CS|TAMS 0x0000000089500000, 0x0000000089500000| Complete 
| 150|0x0000000089600000, 0x0000000089700000, 0x0000000089700000|100%| E|CS|TAMS 0x0000000089600000, 0x0000000089600000| Complete 
| 151|0x0000000089700000, 0x0000000089800000, 0x0000000089800000|100%| E|CS|TAMS 0x0000000089700000, 0x0000000089700000| Complete 
| 152|0x0000000089800000, 0x0000000089900000, 0x0000000089900000|100%| E|CS|TAMS 0x0000000089800000, 0x0000000089800000| Complete 
| 153|0x0000000089900000, 0x0000000089a00000, 0x0000000089a00000|100%| E|CS|TAMS 0x0000000089900000, 0x0000000089900000| Complete 
| 154|0x0000000089a00000, 0x0000000089b00000, 0x0000000089b00000|100%| E|CS|TAMS 0x0000000089a00000, 0x0000000089a00000| Complete 
| 155|0x0000000089b00000, 0x0000000089c00000, 0x0000000089c00000|100%| E|CS|TAMS 0x0000000089b00000, 0x0000000089b00000| Complete 
| 156|0x0000000089c00000, 0x0000000089d00000, 0x0000000089d00000|100%| E|CS|TAMS 0x0000000089c00000, 0x0000000089c00000| Complete 
| 157|0x0000000089d00000, 0x0000000089e00000, 0x0000000089e00000|100%| E|CS|TAMS 0x0000000089d00000, 0x0000000089d00000| Complete 
| 158|0x0000000089e00000, 0x0000000089f00000, 0x0000000089f00000|100%| E|CS|TAMS 0x0000000089e00000, 0x0000000089e00000| Complete 
| 159|0x0000000089f00000, 0x000000008a000000, 0x000000008a000000|100%| E|CS|TAMS 0x0000000089f00000, 0x0000000089f00000| Complete 
| 160|0x000000008a000000, 0x000000008a100000, 0x000000008a100000|100%| E|CS|TAMS 0x000000008a000000, 0x000000008a000000| Complete 
| 161|0x000000008a100000, 0x000000008a200000, 0x000000008a200000|100%| E|CS|TAMS 0x000000008a100000, 0x000000008a100000| Complete 
| 162|0x000000008a200000, 0x000000008a300000, 0x000000008a300000|100%| E|CS|TAMS 0x000000008a200000, 0x000000008a200000| Complete 
| 163|0x000000008a300000, 0x000000008a400000, 0x000000008a400000|100%| E|CS|TAMS 0x000000008a300000, 0x000000008a300000| Complete 
| 164|0x000000008a400000, 0x000000008a500000, 0x000000008a500000|100%| E|CS|TAMS 0x000000008a400000, 0x000000008a400000| Complete 
| 165|0x000000008a500000, 0x000000008a600000, 0x000000008a600000|100%| E|CS|TAMS 0x000000008a500000, 0x000000008a500000| Complete 
| 166|0x000000008a600000, 0x000000008a700000, 0x000000008a700000|100%| E|CS|TAMS 0x000000008a600000, 0x000000008a600000| Complete 
| 167|0x000000008a700000, 0x000000008a800000, 0x000000008a800000|100%| E|CS|TAMS 0x000000008a700000, 0x000000008a700000| Complete 
| 168|0x000000008a800000, 0x000000008a900000, 0x000000008a900000|100%| E|CS|TAMS 0x000000008a800000, 0x000000008a800000| Complete 
| 169|0x000000008a900000, 0x000000008aa00000, 0x000000008aa00000|100%| E|CS|TAMS 0x000000008a900000, 0x000000008a900000| Complete 
| 170|0x000000008aa00000, 0x000000008ab00000, 0x000000008ab00000|100%| E|CS|TAMS 0x000000008aa00000, 0x000000008aa00000| Complete 
| 171|0x000000008ab00000, 0x000000008ac00000, 0x000000008ac00000|100%| E|CS|TAMS 0x000000008ab00000, 0x000000008ab00000| Complete 
| 172|0x000000008ac00000, 0x000000008ad00000, 0x000000008ad00000|100%| E|CS|TAMS 0x000000008ac00000, 0x000000008ac00000| Complete 
| 173|0x000000008ad00000, 0x000000008ae00000, 0x000000008ae00000|100%| E|CS|TAMS 0x000000008ad00000, 0x000000008ad00000| Complete 
| 174|0x000000008ae00000, 0x000000008af00000, 0x000000008af00000|100%| E|CS|TAMS 0x000000008ae00000, 0x000000008ae00000| Complete 
| 175|0x000000008af00000, 0x000000008b000000, 0x000000008b000000|100%| E|CS|TAMS 0x000000008af00000, 0x000000008af00000| Complete 
| 176|0x000000008b000000, 0x000000008b100000, 0x000000008b100000|100%| E|CS|TAMS 0x000000008b000000, 0x000000008b000000| Complete 
| 177|0x000000008b100000, 0x000000008b200000, 0x000000008b200000|100%| E|CS|TAMS 0x000000008b100000, 0x000000008b100000| Complete 
| 178|0x000000008b200000, 0x000000008b300000, 0x000000008b300000|100%| E|CS|TAMS 0x000000008b200000, 0x000000008b200000| Complete 
| 179|0x000000008b300000, 0x000000008b400000, 0x000000008b400000|100%| E|CS|TAMS 0x000000008b300000, 0x000000008b300000| Complete 
| 180|0x000000008b400000, 0x000000008b500000, 0x000000008b500000|100%| E|CS|TAMS 0x000000008b400000, 0x000000008b400000| Complete 
| 181|0x000000008b500000, 0x000000008b600000, 0x000000008b600000|100%| E|CS|TAMS 0x000000008b500000, 0x000000008b500000| Complete 
| 182|0x000000008b600000, 0x000000008b700000, 0x000000008b700000|100%| E|CS|TAMS 0x000000008b600000, 0x000000008b600000| Complete 
| 183|0x000000008b700000, 0x000000008b800000, 0x000000008b800000|100%| E|CS|TAMS 0x000000008b700000, 0x000000008b700000| Complete 
| 184|0x000000008b800000, 0x000000008b900000, 0x000000008b900000|100%| E|CS|TAMS 0x000000008b800000, 0x000000008b800000| Complete 
| 185|0x000000008b900000, 0x000000008ba00000, 0x000000008ba00000|100%| E|CS|TAMS 0x000000008b900000, 0x000000008b900000| Complete 
| 186|0x000000008ba00000, 0x000000008bb00000, 0x000000008bb00000|100%| E|CS|TAMS 0x000000008ba00000, 0x000000008ba00000| Complete 
| 187|0x000000008bb00000, 0x000000008bc00000, 0x000000008bc00000|100%| E|CS|TAMS 0x000000008bb00000, 0x000000008bb00000| Complete 
| 188|0x000000008bc00000, 0x000000008bd00000, 0x000000008bd00000|100%| E|CS|TAMS 0x000000008bc00000, 0x000000008bc00000| Complete 
| 189|0x000000008bd00000, 0x000000008be00000, 0x000000008be00000|100%| E|CS|TAMS 0x000000008bd00000, 0x000000008bd00000| Complete 
| 190|0x000000008be00000, 0x000000008bf00000, 0x000000008bf00000|100%| E|CS|TAMS 0x000000008be00000, 0x000000008be00000| Complete 
| 191|0x000000008bf00000, 0x000000008c000000, 0x000000008c000000|100%| E|CS|TAMS 0x000000008bf00000, 0x000000008bf00000| Complete 
| 192|0x000000008c000000, 0x000000008c100000, 0x000000008c100000|100%| E|CS|TAMS 0x000000008c000000, 0x000000008c000000| Complete 
| 193|0x000000008c100000, 0x000000008c200000, 0x000000008c200000|100%| E|CS|TAMS 0x000000008c100000, 0x000000008c100000| Complete 
| 194|0x000000008c200000, 0x000000008c300000, 0x000000008c300000|100%| E|CS|TAMS 0x000000008c200000, 0x000000008c200000| Complete 
| 195|0x000000008c300000, 0x000000008c400000, 0x000000008c400000|100%| E|CS|TAMS 0x000000008c300000, 0x000000008c300000| Complete 
| 196|0x000000008c400000, 0x000000008c500000, 0x000000008c500000|100%| E|CS|TAMS 0x000000008c400000, 0x000000008c400000| Complete 
| 197|0x000000008c500000, 0x000000008c600000, 0x000000008c600000|100%| E|CS|TAMS 0x000000008c500000, 0x000000008c500000| Complete 
| 198|0x000000008c600000, 0x000000008c700000, 0x000000008c700000|100%| E|CS|TAMS 0x000000008c600000, 0x000000008c600000| Complete 
| 216|0x000000008d800000, 0x000000008d900000, 0x000000008d900000|100%| E|CS|TAMS 0x000000008d800000, 0x000000008d800000| Complete 

Card table byte_map: [0x0000022618a70000,0x0000022618e70000] _byte_map_base: 0x0000022618670000

Marking Bits (Prev, Next): (CMBitMap*) 0x0000022605bc8210, (CMBitMap*) 0x0000022605bc8250
 Prev Bits: [0x0000022619270000, 0x000002261b270000)
 Next Bits: [0x000002261b270000, 0x000002261d270000)

Polling page: 0x0000022603af0000

Metaspace:

Usage:
  Non-class:     44.34 MB used.
      Class:      6.78 MB used.
       Both:     51.12 MB used.

Virtual space:
  Non-class space:       64.00 MB reserved,      44.56 MB ( 70%) committed,  1 nodes.
      Class space:        1.00 GB reserved,       7.00 MB ( <1%) committed,  1 nodes.
             Both:        1.06 GB reserved,      51.56 MB (  5%) committed. 

Chunk freelists:
   Non-Class:  2.75 MB
       Class:  9.05 MB
        Both:  11.80 MB

MaxMetaspaceSize: unlimited
CompressedClassSpaceSize: 1.00 GB
Initial GC threshold: 21.00 MB
Current GC threshold: 85.94 MB
CDS: off
MetaspaceReclaimPolicy: balanced
 - commit_granule_bytes: 65536.
 - commit_granule_words: 8192.
 - virtual_space_node_default_size: 8388608.
 - enlarge_chunks_in_place: 1.
 - new_chunks_are_fully_committed: 0.
 - uncommit_free_chunks: 1.
 - use_allocation_guard: 0.
 - handle_deallocations: 1.


Internal statistics:

num_allocs_failed_limit: 3.
num_arena_births: 476.
num_arena_deaths: 40.
num_vsnodes_births: 2.
num_vsnodes_deaths: 0.
num_space_committed: 825.
num_space_uncommitted: 0.
num_chunks_returned_to_freelist: 57.
num_chunks_taken_from_freelist: 2132.
num_chunk_merges: 21.
num_chunk_splits: 1388.
num_chunks_enlarged: 971.
num_inconsistent_stats: 0.

CodeHeap 'non-profiled nmethods': size=120000Kb used=2596Kb max_used=2596Kb free=117403Kb
 bounds [0x0000022610e10000, 0x00000226110a0000, 0x0000022618340000]
CodeHeap 'profiled nmethods': size=120000Kb used=10988Kb max_used=10988Kb free=109011Kb
 bounds [0x0000022609340000, 0x0000022609e00000, 0x0000022610870000]
CodeHeap 'non-nmethods': size=5760Kb used=2316Kb max_used=2401Kb free=3444Kb
 bounds [0x0000022610870000, 0x0000022610ae0000, 0x0000022610e10000]
 total_blobs=6156 nmethods=5323 adapters=745
 compilation: enabled
              stopped_count=0, restarted_count=0
 full_count=0

Compilation events (20 events):
Event: 12.732 Thread 0x0000022624034740 5485 %     3       org.objectweb.asm.SymbolTable::addBootstrapMethod @ 35 (209 bytes)
Event: 12.733 Thread 0x0000022624034740 nmethod 5485% 0x0000022609df0b10 code [0x0000022609df0da0, 0x0000022609df19f8]
Event: 12.733 Thread 0x0000022624034740 5486 %     3       org.objectweb.asm.SymbolTable::addBootstrapMethod @ 54 (144 bytes)
Event: 12.734 Thread 0x0000022624034740 nmethod 5486% 0x0000022609df2010 code [0x0000022609df2200, 0x0000022609df28b8]
Event: 12.737 Thread 0x0000022624034740 5487       3       java.util.HashMap::putVal (300 bytes)
Event: 12.738 Thread 0x0000022624034740 nmethod 5487 0x0000022609df2c10 code [0x0000022609df2ec0, 0x0000022609df4018]
Event: 12.748 Thread 0x0000022624034740 5489       2       org.gradle.internal.classpath.InstrumentingTransformer$InstrumentingVisitor::generateLambdaDeserializeMethod (19 bytes)
Event: 12.749 Thread 0x0000022624034740 nmethod 5489 0x0000022609df4510 code [0x0000022609df46c0, 0x0000022609df4878]
Event: 12.755 Thread 0x0000022624034740 5490 %     3       com.google.common.io.ByteStreams::read @ 50 (93 bytes)
Event: 12.757 Thread 0x0000022624034740 nmethod 5490% 0x0000022609df4990 code [0x0000022609df4ca0, 0x0000022609df6018]
Event: 12.773 Thread 0x0000022624034740 5492       3       org.objectweb.asm.SymbolTable::addBootstrapMethod (209 bytes)
Event: 12.774 Thread 0x0000022624034740 nmethod 5492 0x0000022609df6710 code [0x0000022609df6980, 0x0000022609df7438]
Event: 12.786 Thread 0x0000022624034740 5494       3       org.objectweb.asm.SymbolTable::addBootstrapMethod (144 bytes)
Event: 12.787 Thread 0x0000022624034740 nmethod 5494 0x0000022609df7910 code [0x0000022609df7b00, 0x0000022609df80b8]
Event: 12.856 Thread 0x0000022624034740 5497       3       com.google.common.io.ByteStreams::read (93 bytes)
Event: 12.857 Thread 0x0000022624034740 nmethod 5497 0x0000022609df8410 code [0x0000022609df8720, 0x0000022609df99b8]
Event: 12.915 Thread 0x0000022624034740 5498 %     3       org.gradle.internal.classpath.InstrumentingBackwardsCompatibilityVisitor::fixAsmObjectsForBackwardsCompatibility @ 8 (31 bytes)
Event: 12.916 Thread 0x0000022624034740 nmethod 5498% 0x0000022609dfa090 code [0x0000022609dfa260, 0x0000022609dfa708]
Event: 12.972 Thread 0x0000022624034740 5501 %     3       org.apache.commons.compress.archivers.zip.StreamCompressor::flushDeflater @ 7 (25 bytes)
Event: 12.973 Thread 0x0000022624034740 nmethod 5501% 0x0000022609dfa910 code [0x0000022609dfaae0, 0x0000022609dfb028]

GC Heap History (20 events):
Event: 10.662 GC heap before
{Heap before GC invocations=21 (full 0):
 garbage-first heap   total 204800K, used 87776K [0x0000000080000000, 0x0000000100000000)
  region size 1024K, 21 young (21504K), 7 survivors (7168K)
 Metaspace       used 51960K, committed 52480K, reserved 1114112K
  class space    used 6936K, committed 7168K, reserved 1048576K
}
Event: 10.668 GC heap after
{Heap after GC invocations=22 (full 0):
 garbage-first heap   total 204800K, used 67798K [0x0000000080000000, 0x0000000100000000)
  region size 1024K, 7 young (7168K), 7 survivors (7168K)
 Metaspace       used 51960K, committed 52480K, reserved 1114112K
  class space    used 6936K, committed 7168K, reserved 1048576K
}
Event: 10.978 GC heap before
{Heap before GC invocations=23 (full 0):
 garbage-first heap   total 204800K, used 148694K [0x0000000080000000, 0x0000000100000000)
  region size 1024K, 82 young (83968K), 7 survivors (7168K)
 Metaspace       used 52316K, committed 52800K, reserved 1114112K
  class space    used 6940K, committed 7168K, reserved 1048576K
}
Event: 10.986 GC heap after
{Heap after GC invocations=24 (full 0):
 garbage-first heap   total 204800K, used 74114K [0x0000000080000000, 0x0000000100000000)
  region size 1024K, 9 young (9216K), 9 survivors (9216K)
 Metaspace       used 52316K, committed 52800K, reserved 1114112K
  class space    used 6940K, committed 7168K, reserved 1048576K
}
Event: 11.055 GC heap before
{Heap before GC invocations=25 (full 0):
 garbage-first heap   total 204800K, used 91522K [0x0000000080000000, 0x0000000100000000)
  region size 1024K, 27 young (27648K), 9 survivors (9216K)
 Metaspace       used 52317K, committed 52800K, reserved 1114112K
  class space    used 6940K, committed 7168K, reserved 1048576K
}
Event: 11.064 GC heap after
{Heap after GC invocations=26 (full 0):
 garbage-first heap   total 204800K, used 77692K [0x0000000080000000, 0x0000000100000000)
  region size 1024K, 8 young (8192K), 8 survivors (8192K)
 Metaspace       used 52317K, committed 52800K, reserved 1114112K
  class space    used 6940K, committed 7168K, reserved 1048576K
}
Event: 11.311 GC heap before
{Heap before GC invocations=27 (full 0):
 garbage-first heap   total 204800K, used 156540K [0x0000000080000000, 0x0000000100000000)
  region size 1024K, 84 young (86016K), 8 survivors (8192K)
 Metaspace       used 52321K, committed 52800K, reserved 1114112K
  class space    used 6940K, committed 7168K, reserved 1048576K
}
Event: 11.314 GC heap after
{Heap after GC invocations=28 (full 0):
 garbage-first heap   total 204800K, used 75487K [0x0000000080000000, 0x0000000100000000)
  region size 1024K, 3 young (3072K), 3 survivors (3072K)
 Metaspace       used 52321K, committed 52800K, reserved 1114112K
  class space    used 6940K, committed 7168K, reserved 1048576K
}
Event: 11.590 GC heap before
{Heap before GC invocations=28 (full 0):
 garbage-first heap   total 204800K, used 166623K [0x0000000080000000, 0x0000000100000000)
  region size 1024K, 92 young (94208K), 3 survivors (3072K)
 Metaspace       used 52322K, committed 52800K, reserved 1114112K
  class space    used 6940K, committed 7168K, reserved 1048576K
}
Event: 11.593 GC heap after
{Heap after GC invocations=29 (full 0):
 garbage-first heap   total 204800K, used 75850K [0x0000000080000000, 0x0000000100000000)
  region size 1024K, 4 young (4096K), 4 survivors (4096K)
 Metaspace       used 52322K, committed 52800K, reserved 1114112K
  class space    used 6940K, committed 7168K, reserved 1048576K
}
Event: 11.893 GC heap before
{Heap before GC invocations=30 (full 0):
 garbage-first heap   total 204800K, used 168010K [0x0000000080000000, 0x0000000100000000)
  region size 1024K, 94 young (96256K), 4 survivors (4096K)
 Metaspace       used 52304K, committed 52800K, reserved 1114112K
  class space    used 6934K, committed 7168K, reserved 1048576K
}
Event: 11.896 GC heap after
{Heap after GC invocations=31 (full 0):
 garbage-first heap   total 204800K, used 76616K [0x0000000080000000, 0x0000000100000000)
  region size 1024K, 5 young (5120K), 5 survivors (5120K)
 Metaspace       used 52304K, committed 52800K, reserved 1114112K
  class space    used 6934K, committed 7168K, reserved 1048576K
}
Event: 12.148 GC heap before
{Heap before GC invocations=31 (full 0):
 garbage-first heap   total 204800K, used 170824K [0x0000000080000000, 0x0000000100000000)
  region size 1024K, 97 young (99328K), 5 survivors (5120K)
 Metaspace       used 52308K, committed 52800K, reserved 1114112K
  class space    used 6935K, committed 7168K, reserved 1048576K
}
Event: 12.151 GC heap after
{Heap after GC invocations=32 (full 0):
 garbage-first heap   total 204800K, used 77605K [0x0000000080000000, 0x0000000100000000)
  region size 1024K, 6 young (6144K), 6 survivors (6144K)
 Metaspace       used 52308K, committed 52800K, reserved 1114112K
  class space    used 6935K, committed 7168K, reserved 1048576K
}
Event: 12.395 GC heap before
{Heap before GC invocations=33 (full 0):
 garbage-first heap   total 204800K, used 172837K [0x0000000080000000, 0x0000000100000000)
  region size 1024K, 99 young (101376K), 6 survivors (6144K)
 Metaspace       used 52345K, committed 52800K, reserved 1114112K
  class space    used 6943K, committed 7168K, reserved 1048576K
}
Event: 12.398 GC heap after
{Heap after GC invocations=34 (full 0):
 garbage-first heap   total 204800K, used 78559K [0x0000000080000000, 0x0000000100000000)
  region size 1024K, 6 young (6144K), 6 survivors (6144K)
 Metaspace       used 52345K, committed 52800K, reserved 1114112K
  class space    used 6943K, committed 7168K, reserved 1048576K
}
Event: 12.474 GC heap before
{Heap before GC invocations=34 (full 0):
 garbage-first heap   total 204800K, used 95967K [0x0000000080000000, 0x0000000100000000)
  region size 1024K, 24 young (24576K), 6 survivors (6144K)
 Metaspace       used 52346K, committed 52800K, reserved 1114112K
  class space    used 6943K, committed 7168K, reserved 1048576K
}
Event: 12.479 GC heap after
{Heap after GC invocations=35 (full 0):
 garbage-first heap   total 204800K, used 78532K [0x0000000080000000, 0x0000000100000000)
  region size 1024K, 6 young (6144K), 6 survivors (6144K)
 Metaspace       used 52346K, committed 52800K, reserved 1114112K
  class space    used 6943K, committed 7168K, reserved 1048576K
}
Event: 12.872 GC heap before
{Heap before GC invocations=36 (full 0):
 garbage-first heap   total 204800K, used 177860K [0x0000000080000000, 0x0000000100000000)
  region size 1024K, 101 young (103424K), 6 survivors (6144K)
 Metaspace       used 52351K, committed 52800K, reserved 1114112K
  class space    used 6943K, committed 7168K, reserved 1048576K
}
Event: 12.882 GC heap after
{Heap after GC invocations=37 (full 0):
 garbage-first heap   total 204800K, used 84565K [0x0000000080000000, 0x0000000100000000)
  region size 1024K, 12 young (12288K), 12 survivors (12288K)
 Metaspace       used 52351K, committed 52800K, reserved 1114112K
  class space    used 6943K, committed 7168K, reserved 1048576K
}

Dll operation events (3 events):
Event: 0.008 Loaded shared library C:\Users\sttung\.jdks\jbr-17.0.7\bin\java.dll
Event: 0.032 Loaded shared library C:\Users\sttung\.jdks\jbr-17.0.7\bin\jsvml.dll
Event: 0.424 Loaded shared library C:\Users\sttung\.jdks\jbr-17.0.7\bin\verify.dll

Deoptimization events (20 events):
Event: 12.910 Thread 0x0000022625b88bc0 DEOPT PACKING pc=0x0000022609ca4737 sp=0x000000e40ccfe2b0
Event: 12.910 Thread 0x0000022625b88bc0 DEOPT UNPACKING pc=0x00000226108c7143 sp=0x000000e40ccfd9c0 mode 0
Event: 12.921 Thread 0x0000022625b88bc0 DEOPT PACKING pc=0x0000022609ca4737 sp=0x000000e40ccfe2b0
Event: 12.922 Thread 0x0000022625b88bc0 DEOPT UNPACKING pc=0x00000226108c7143 sp=0x000000e40ccfd9c0 mode 0
Event: 12.925 Thread 0x0000022625b88bc0 DEOPT PACKING pc=0x0000022609ca3efa sp=0x000000e40ccfe2b0
Event: 12.925 Thread 0x0000022625b88bc0 DEOPT UNPACKING pc=0x00000226108c7143 sp=0x000000e40ccfd9c0 mode 0
Event: 12.929 Thread 0x0000022625b88bc0 DEOPT PACKING pc=0x0000022609ca3efa sp=0x000000e40ccfe2b0
Event: 12.929 Thread 0x0000022625b88bc0 DEOPT UNPACKING pc=0x00000226108c7143 sp=0x000000e40ccfd9c0 mode 0
Event: 12.941 Thread 0x0000022625b88bc0 DEOPT PACKING pc=0x0000022609ca3efa sp=0x000000e40ccfe2b0
Event: 12.941 Thread 0x0000022625b88bc0 DEOPT UNPACKING pc=0x00000226108c7143 sp=0x000000e40ccfd9c0 mode 0
Event: 12.945 Thread 0x0000022625b88bc0 DEOPT PACKING pc=0x0000022609ca3efa sp=0x000000e40ccfe2b0
Event: 12.945 Thread 0x0000022625b88bc0 DEOPT UNPACKING pc=0x00000226108c7143 sp=0x000000e40ccfd9c0 mode 0
Event: 12.946 Thread 0x0000022625b88bc0 DEOPT PACKING pc=0x0000022609ca3efa sp=0x000000e40ccfe2b0
Event: 12.946 Thread 0x0000022625b88bc0 DEOPT UNPACKING pc=0x00000226108c7143 sp=0x000000e40ccfd9c0 mode 0
Event: 12.960 Thread 0x0000022625b88bc0 DEOPT PACKING pc=0x0000022609ca3efa sp=0x000000e40ccfe2b0
Event: 12.960 Thread 0x0000022625b88bc0 DEOPT UNPACKING pc=0x00000226108c7143 sp=0x000000e40ccfd9c0 mode 0
Event: 12.964 Thread 0x0000022625b88bc0 DEOPT PACKING pc=0x0000022609ca3efa sp=0x000000e40ccfe2b0
Event: 12.964 Thread 0x0000022625b88bc0 DEOPT UNPACKING pc=0x00000226108c7143 sp=0x000000e40ccfd9c0 mode 0
Event: 12.974 Thread 0x0000022625b88bc0 DEOPT PACKING pc=0x0000022609ca3efa sp=0x000000e40ccfe2b0
Event: 12.974 Thread 0x0000022625b88bc0 DEOPT UNPACKING pc=0x00000226108c7143 sp=0x000000e40ccfd9c0 mode 0

Classes unloaded (20 events):
Event: 8.648 Thread 0x000002261fcbb450 Unloading class 0x0000000100421800 'java/lang/invoke/LambdaForm$MH+0x0000000100421800'
Event: 8.648 Thread 0x000002261fcbb450 Unloading class 0x0000000100421c00 'java/lang/invoke/LambdaForm$MH+0x0000000100421c00'
Event: 8.648 Thread 0x000002261fcbb450 Unloading class 0x0000000100421400 'java/lang/invoke/LambdaForm$DMH+0x0000000100421400'
Event: 8.648 Thread 0x000002261fcbb450 Unloading class 0x0000000100420800 'java/lang/invoke/LambdaForm$DMH+0x0000000100420800'
Event: 8.648 Thread 0x000002261fcbb450 Unloading class 0x0000000100420c00 'java/lang/invoke/LambdaForm$DMH+0x0000000100420c00'
Event: 8.648 Thread 0x000002261fcbb450 Unloading class 0x0000000100420400 'java/lang/invoke/LambdaForm$DMH+0x0000000100420400'
Event: 8.648 Thread 0x000002261fcbb450 Unloading class 0x000000010041b800 'java/lang/invoke/LambdaForm$DMH+0x000000010041b800'
Event: 8.648 Thread 0x000002261fcbb450 Unloading class 0x000000010041bc00 'java/lang/invoke/LambdaForm$DMH+0x000000010041bc00'
Event: 8.648 Thread 0x000002261fcbb450 Unloading class 0x000000010041b000 'java/lang/invoke/LambdaForm$DMH+0x000000010041b000'
Event: 8.648 Thread 0x000002261fcbb450 Unloading class 0x000000010041b400 'java/lang/invoke/LambdaForm$DMH+0x000000010041b400'
Event: 8.648 Thread 0x000002261fcbb450 Unloading class 0x000000010041a800 'java/lang/invoke/LambdaForm$DMH+0x000000010041a800'
Event: 8.648 Thread 0x000002261fcbb450 Unloading class 0x000000010041a400 'java/lang/invoke/LambdaForm$DMH+0x000000010041a400'
Event: 8.648 Thread 0x000002261fcbb450 Unloading class 0x0000000100419400 'java/lang/invoke/LambdaForm$DMH+0x0000000100419400'
Event: 8.648 Thread 0x000002261fcbb450 Unloading class 0x0000000100419800 'java/lang/invoke/LambdaForm$DMH+0x0000000100419800'
Event: 8.648 Thread 0x000002261fcbb450 Unloading class 0x000000010041a000 'java/lang/invoke/LambdaForm$DMH+0x000000010041a000'
Event: 11.633 Thread 0x000002261fcbb450 Unloading class 0x0000000100689968 '_BuildScript_$_run_closure1$_closure2'
Event: 11.633 Thread 0x000002261fcbb450 Unloading class 0x0000000100689558 '_BuildScript_$_run_closure1'
Event: 11.633 Thread 0x000002261fcbb450 Unloading class 0x0000000100689000 '_BuildScript_'
Event: 11.633 Thread 0x000002261fcbb450 Unloading class 0x00000001005fc558 '_BuildScript_$_run_closure1'
Event: 11.633 Thread 0x000002261fcbb450 Unloading class 0x00000001005fc000 '_BuildScript_'

Classes redefined (0 events):
No events

Internal exceptions (20 events):
Event: 10.188 Thread 0x0000022625967790 Exception <a 'java/lang/ClassNotFoundException'{0x000000008b1b9ef0}: org/apache/groovy/parser/antlr4/util/StringUtils$3Customizer> (0x000000008b1b9ef0) 
thrown [s\src\hotspot\share\classfile\systemDictionary.cpp, line 256]
Event: 10.259 Thread 0x000002262615f170 Exception <a 'sun/nio/fs/WindowsException'{0x000000008af25fe8}> (0x000000008af25fe8) 
thrown [s\src\hotspot\share\prims\jni.cpp, line 517]
Event: 10.265 Thread 0x000002262615f170 Exception <a 'sun/nio/fs/WindowsException'{0x000000008af70d88}> (0x000000008af70d88) 
thrown [s\src\hotspot\share\prims\jni.cpp, line 517]
Event: 10.266 Thread 0x000002262615f170 Exception <a 'sun/nio/fs/WindowsException'{0x000000008af70f00}> (0x000000008af70f00) 
thrown [s\src\hotspot\share\prims\jni.cpp, line 517]
Event: 10.308 Thread 0x0000022625967790 Exception <a 'java/lang/ClassNotFoundException'{0x000000008afe66a0}: sync_studio_tooling_bwj92mafwlwu3nybr6j7mw15qBeanInfo> (0x000000008afe66a0) 
thrown [s\src\hotspot\share\classfile\systemDictionary.cpp, line 256]
Event: 10.308 Thread 0x0000022625967790 Exception <a 'java/lang/ClassNotFoundException'{0x000000008afed310}: sync_studio_tooling_bwj92mafwlwu3nybr6j7mw15qCustomizer> (0x000000008afed310) 
thrown [s\src\hotspot\share\classfile\systemDictionary.cpp, line 256]
Event: 10.313 Thread 0x0000022625967790 Exception <a 'java/lang/ClassNotFoundException'{0x000000008ae3bdc0}: org/gradle/internal/metaobject/ConfigureDelegateBeanInfo> (0x000000008ae3bdc0) 
thrown [s\src\hotspot\share\classfile\systemDictionary.cpp, line 256]
Event: 10.313 Thread 0x0000022625967790 Exception <a 'java/lang/ClassNotFoundException'{0x000000008ae4d328}: org/gradle/internal/metaobject/ConfigureDelegateCustomizer> (0x000000008ae4d328) 
thrown [s\src\hotspot\share\classfile\systemDictionary.cpp, line 256]
Event: 10.318 Thread 0x0000022625967790 Exception <a 'java/lang/ClassNotFoundException'{0x000000008ae964f8}: org/gradle/api/internal/initialization/DefaultScriptHandlerBeanInfo> (0x000000008ae964f8) 
thrown [s\src\hotspot\share\classfile\systemDictionary.cpp, line 256]
Event: 10.319 Thread 0x0000022625967790 Exception <a 'java/lang/ClassNotFoundException'{0x000000008aea7e58}: org/gradle/api/internal/initialization/DefaultScriptHandlerCustomizer> (0x000000008aea7e58) 
thrown [s\src\hotspot\share\classfile\systemDictionary.cpp, line 256]
Event: 10.400 Thread 0x0000022625967790 Implicit null exception at 0x000002261101eaec to 0x000002261101eba0
Event: 10.404 Thread 0x0000022625967790 Exception <a 'java/lang/ClassNotFoundException'{0x000000008a7401f0}: org/gradle/api/internal/artifacts/dsl/dependencies/DefaultDependencyHandler_DecoratedBeanInfo> (0x000000008a7401f0) 
thrown [s\src\hotspot\share\classfile\systemDictionary.cpp, line 256]
Event: 10.405 Thread 0x0000022625967790 Exception <a 'java/lang/ClassNotFoundException'{0x000000008a7580b8}: org/gradle/api/internal/artifacts/dsl/dependencies/DefaultDependencyHandlerBeanInfo> (0x000000008a7580b8) 
thrown [s\src\hotspot\share\classfile\systemDictionary.cpp, line 256]
Event: 10.405 Thread 0x0000022625967790 Exception <a 'java/lang/ClassNotFoundException'{0x000000008a76f4a0}: org/gradle/api/internal/artifacts/dsl/dependencies/DefaultDependencyHandlerCustomizer> (0x000000008a76f4a0) 
thrown [s\src\hotspot\share\classfile\systemDictionary.cpp, line 256]
Event: 10.408 Thread 0x0000022625967790 Exception <a 'java/lang/ClassNotFoundException'{0x000000008a7b0ad0}: org/gradle/api/internal/artifacts/dsl/dependencies/DefaultDependencyHandler_DecoratedCustomizer> (0x000000008a7b0ad0) 
thrown [s\src\hotspot\share\classfile\systemDictionary.cpp, line 256]
Event: 10.437 Thread 0x0000022625967790 Exception <a 'java/lang/NoSuchMethodError'{0x0000000089ee4f78}: 'java.lang.Object java.lang.invoke.DirectMethodHandle$Holder.newInvokeSpecial(java.lang.Object, int, java.lang.Object)'> (0x0000000089ee4f78) 
thrown [s\src\hotspot\share\interpreter\linkResolver.cpp, line 771]
Event: 10.592 Thread 0x0000022625967790 Exception <a 'java/lang/NoSuchMethodError'{0x00000000894c5198}: 'int java.lang.invoke.DirectMethodHandle$Holder.invokeStatic(java.lang.Object)'> (0x00000000894c5198) 
thrown [s\src\hotspot\share\interpreter\linkResolver.cpp, line 771]
Event: 10.593 Thread 0x0000022625967790 Exception <a 'java/lang/NoSuchMethodError'{0x00000000894c9588}: 'int java.lang.invoke.DirectMethodHandle$Holder.invokeStaticInit(java.lang.Object)'> (0x00000000894c9588) 
thrown [s\src\hotspot\share\interpreter\linkResolver.cpp, line 771]
Event: 10.644 Thread 0x0000022625b88bc0 Exception <a 'sun/nio/fs/WindowsException'{0x000000008c24a5e8}> (0x000000008c24a5e8) 
thrown [s\src\hotspot\share\prims\jni.cpp, line 517]
Event: 10.661 Thread 0x0000022625b89a30 Exception <a 'sun/nio/fs/WindowsException'{0x000000008ba9e300}> (0x000000008ba9e300) 
thrown [s\src\hotspot\share\prims\jni.cpp, line 517]

VM Operations (20 events):
Event: 11.893 Executing VM operation: G1CollectForAllocation
Event: 11.896 Executing VM operation: G1CollectForAllocation done
Event: 12.147 Executing VM operation: G1CollectForAllocation
Event: 12.151 Executing VM operation: G1CollectForAllocation done
Event: 12.182 Executing VM operation: G1Concurrent
Event: 12.185 Executing VM operation: G1Concurrent done
Event: 12.201 Executing VM operation: G1Concurrent
Event: 12.201 Executing VM operation: G1Concurrent done
Event: 12.204 Executing VM operation: HandshakeAllThreads
Event: 12.204 Executing VM operation: HandshakeAllThreads done
Event: 12.394 Executing VM operation: G1CollectForAllocation
Event: 12.398 Executing VM operation: G1CollectForAllocation done
Event: 12.474 Executing VM operation: G1TryInitiateConcMark
Event: 12.479 Executing VM operation: G1TryInitiateConcMark done
Event: 12.520 Executing VM operation: G1Concurrent
Event: 12.522 Executing VM operation: G1Concurrent done
Event: 12.544 Executing VM operation: G1Concurrent
Event: 12.544 Executing VM operation: G1Concurrent done
Event: 12.871 Executing VM operation: G1CollectForAllocation
Event: 12.882 Executing VM operation: G1CollectForAllocation done

Events (20 events):
Event: 10.097 loading class java/util/stream/ReferencePipeline$4$1
Event: 10.097 loading class java/util/stream/ReferencePipeline$4$1 done
Event: 10.170 loading class java/util/regex/Pattern$1
Event: 10.170 loading class java/util/regex/Pattern$1 done
Event: 10.203 loading class java/util/stream/ReduceOps$5
Event: 10.203 loading class java/util/stream/ReduceOps$5 done
Event: 10.203 loading class java/util/stream/ReduceOps$CountingSink$OfRef
Event: 10.203 loading class java/util/stream/ReduceOps$CountingSink$OfRef done
Event: 10.556 loading class java/io/DeleteOnExitHook
Event: 10.556 loading class java/io/DeleteOnExitHook done
Event: 10.556 loading class java/io/DeleteOnExitHook$1
Event: 10.556 loading class java/io/DeleteOnExitHook$1 done
Event: 10.653 loading class java/security/Key
Event: 10.653 loading class java/security/Key done
Event: 12.087 loading class jdk/internal/access/foreign/MemorySegmentProxy
Event: 12.087 loading class jdk/internal/access/foreign/MemorySegmentProxy done
Event: 12.185 loading class java/util/concurrent/LinkedBlockingDeque$Itr
Event: 12.186 loading class java/util/concurrent/LinkedBlockingDeque$AbstractItr
Event: 12.186 loading class java/util/concurrent/LinkedBlockingDeque$AbstractItr done
Event: 12.186 loading class java/util/concurrent/LinkedBlockingDeque$Itr done


Dynamic libraries:
0x00007ff652520000 - 0x00007ff65252a000 	C:\Users\sttung\.jdks\jbr-17.0.7\bin\java.exe
0x00007ff978b90000 - 0x00007ff978d87000 	C:\Windows\SYSTEM32\ntdll.dll
0x00007ff9770f0000 - 0x00007ff9771ad000 	C:\Windows\System32\KERNEL32.DLL
0x00007ff976610000 - 0x00007ff976906000 	C:\Windows\System32\KERNELBASE.dll
0x00007ff976510000 - 0x00007ff976610000 	C:\Windows\System32\ucrtbase.dll
0x00007ff956640000 - 0x00007ff956657000 	C:\Users\sttung\.jdks\jbr-17.0.7\bin\jli.dll
0x00007ff955d40000 - 0x00007ff955d5b000 	C:\Users\sttung\.jdks\jbr-17.0.7\bin\VCRUNTIME140.dll
0x00007ff978210000 - 0x00007ff9783ae000 	C:\Windows\System32\USER32.dll
0x00007ff976440000 - 0x00007ff976462000 	C:\Windows\System32\win32u.dll
0x00007ff9770c0000 - 0x00007ff9770ec000 	C:\Windows\System32\GDI32.dll
0x00007ff976320000 - 0x00007ff97643a000 	C:\Windows\System32\gdi32full.dll
0x00007ff976470000 - 0x00007ff97650d000 	C:\Windows\System32\msvcp_win.dll
0x00007ff95c0f0000 - 0x00007ff95c38a000 	C:\Windows\WinSxS\amd64_microsoft.windows.common-controls_6595b64144ccf1df_6.0.19041.3570_none_60bb2a3971f3e41a\COMCTL32.dll
0x00007ff9784f0000 - 0x00007ff97858e000 	C:\Windows\System32\msvcrt.dll
0x00007ff978590000 - 0x00007ff9785c0000 	C:\Windows\System32\IMM32.DLL
0x00007ff970ff0000 - 0x00007ff970ffc000 	C:\Users\sttung\.jdks\jbr-17.0.7\bin\vcruntime140_1.dll
0x00007ff950ce0000 - 0x00007ff950d6d000 	C:\Users\sttung\.jdks\jbr-17.0.7\bin\msvcp140.dll
0x00007ff92c170000 - 0x00007ff92cdf0000 	C:\Users\sttung\.jdks\jbr-17.0.7\bin\server\jvm.dll
0x00007ff978aa0000 - 0x00007ff978b4e000 	C:\Windows\System32\ADVAPI32.dll
0x00007ff977020000 - 0x00007ff9770bc000 	C:\Windows\System32\sechost.dll
0x00007ff9783b0000 - 0x00007ff9784d6000 	C:\Windows\System32\RPCRT4.dll
0x00007ff92cdf0000 - 0x00007ff92cdf9000 	C:\Windows\SYSTEM32\WSOCK32.dll
0x00007ff965740000 - 0x00007ff965767000 	C:\Windows\SYSTEM32\WINMM.dll
0x00007ff96d430000 - 0x00007ff96d43a000 	C:\Windows\SYSTEM32\VERSION.dll
0x00007ff977470000 - 0x00007ff9774db000 	C:\Windows\System32\WS2_32.dll
0x00007ff9742f0000 - 0x00007ff974302000 	C:\Windows\SYSTEM32\kernel.appcore.dll
0x00007ff96fc40000 - 0x00007ff96fc4a000 	C:\Users\sttung\.jdks\jbr-17.0.7\bin\jimage.dll
0x00007ff973f20000 - 0x00007ff974104000 	C:\Windows\SYSTEM32\DBGHELP.DLL
0x00007ff973700000 - 0x00007ff973734000 	C:\Windows\SYSTEM32\dbgcore.DLL
0x00007ff976b60000 - 0x00007ff976be2000 	C:\Windows\System32\bcryptPrimitives.dll
0x00007ff953660000 - 0x00007ff953685000 	C:\Users\sttung\.jdks\jbr-17.0.7\bin\java.dll
0x00007ff955470000 - 0x00007ff955488000 	C:\Users\sttung\.jdks\jbr-17.0.7\bin\zip.dll
0x00007ff949870000 - 0x00007ff949947000 	C:\Users\sttung\.jdks\jbr-17.0.7\bin\jsvml.dll
0x00007ff977a00000 - 0x00007ff978144000 	C:\Windows\System32\SHELL32.dll
0x00007ff974310000 - 0x00007ff974aab000 	C:\Windows\SYSTEM32\windows.storage.dll
0x00007ff9785c0000 - 0x00007ff978914000 	C:\Windows\System32\combase.dll
0x00007ff975cb0000 - 0x00007ff975cdd000 	C:\Windows\SYSTEM32\Wldp.dll
0x00007ff977950000 - 0x00007ff9779fd000 	C:\Windows\System32\SHCORE.dll
0x00007ff978930000 - 0x00007ff978985000 	C:\Windows\System32\shlwapi.dll
0x00007ff9761a0000 - 0x00007ff9761c5000 	C:\Windows\SYSTEM32\profapi.dll
0x00007ff9533c0000 - 0x00007ff9533d9000 	C:\Users\sttung\.jdks\jbr-17.0.7\bin\net.dll
0x00007ff973580000 - 0x00007ff97368a000 	C:\Windows\SYSTEM32\WINHTTP.dll
0x00007ff975a10000 - 0x00007ff975a7a000 	C:\Windows\system32\mswsock.dll
0x00007ff9533a0000 - 0x00007ff9533b6000 	C:\Users\sttung\.jdks\jbr-17.0.7\bin\nio.dll
0x00007ff96e820000 - 0x00007ff96e830000 	C:\Users\sttung\.jdks\jbr-17.0.7\bin\verify.dll
0x00007ff9552e0000 - 0x00007ff955307000 	C:\Users\sttung\.gradle\native\68d5fa5c4cc2d200863cafc0d521ce42e7d3e7ee720ec0a83991735586a16f82\windows-amd64\native-platform.dll
0x00007ff948910000 - 0x00007ff948a54000 	C:\Users\sttung\.gradle\native\e376f236ea51e6404a007f0833ffe2c6e607c4080706a723a18a27aeea778392\windows-amd64\native-platform-file-events.dll
0x00007ff96c920000 - 0x00007ff96c929000 	C:\Users\sttung\.jdks\jbr-17.0.7\bin\management.dll
0x00007ff96c870000 - 0x00007ff96c87b000 	C:\Users\sttung\.jdks\jbr-17.0.7\bin\management_ext.dll
0x00007ff9784e0000 - 0x00007ff9784e8000 	C:\Windows\System32\PSAPI.DLL
0x00007ff975c10000 - 0x00007ff975c28000 	C:\Windows\SYSTEM32\CRYPTSP.dll
0x00007ff9752b0000 - 0x00007ff9752e4000 	C:\Windows\system32\rsaenh.dll
0x00007ff976960000 - 0x00007ff976987000 	C:\Windows\System32\bcrypt.dll
0x00007ff976160000 - 0x00007ff97618e000 	C:\Windows\SYSTEM32\USERENV.dll
0x00007ff975c00000 - 0x00007ff975c0c000 	C:\Windows\SYSTEM32\CRYPTBASE.dll
0x00007ff9756b0000 - 0x00007ff9756eb000 	C:\Windows\SYSTEM32\IPHLPAPI.DLL
0x00007ff978920000 - 0x00007ff978928000 	C:\Windows\System32\NSI.dll
0x00007ff96d710000 - 0x00007ff96d727000 	C:\Windows\SYSTEM32\dhcpcsvc6.DLL
0x00007ff96e670000 - 0x00007ff96e68d000 	C:\Windows\SYSTEM32\dhcpcsvc.DLL
0x00007ff9756f0000 - 0x00007ff9757ba000 	C:\Windows\SYSTEM32\DNSAPI.dll
0x00007ff96c7c0000 - 0x00007ff96c7ce000 	C:\Users\sttung\.jdks\jbr-17.0.7\bin\sunmscapi.dll
0x00007ff976990000 - 0x00007ff976aed000 	C:\Windows\System32\CRYPT32.dll
0x00007ff975d20000 - 0x00007ff975d47000 	C:\Windows\SYSTEM32\ncrypt.dll
0x00007ff975ce0000 - 0x00007ff975d1b000 	C:\Windows\SYSTEM32\NTASN1.dll
0x00007ff96c0e0000 - 0x00007ff96c0e7000 	C:\Windows\system32\wshunix.dll
0x00007ff9753d0000 - 0x00007ff975403000 	C:\Windows\SYSTEM32\ntmarta.dll

dbghelp: loaded successfully - version: 4.0.5 - missing functions: none
symbol engine: initialized successfully - sym options: 0x614 - pdb path: .;C:\Users\sttung\.jdks\jbr-17.0.7\bin;C:\Windows\SYSTEM32;C:\Windows\WinSxS\amd64_microsoft.windows.common-controls_6595b64144ccf1df_6.0.19041.3570_none_60bb2a3971f3e41a;C:\Users\sttung\.jdks\jbr-17.0.7\bin\server;C:\Users\sttung\.gradle\native\68d5fa5c4cc2d200863cafc0d521ce42e7d3e7ee720ec0a83991735586a16f82\windows-amd64;C:\Users\sttung\.gradle\native\e376f236ea51e6404a007f0833ffe2c6e607c4080706a723a18a27aeea778392\windows-amd64

VM Arguments:
jvm_args: --add-opens=java.base/java.util=ALL-UNNAMED --add-opens=java.base/java.lang=ALL-UNNAMED --add-opens=java.base/java.lang.invoke=ALL-UNNAMED --add-opens=java.prefs/java.util.prefs=ALL-UNNAMED --add-opens=java.base/java.nio.charset=ALL-UNNAMED --add-opens=java.base/java.net=ALL-UNNAMED --add-opens=java.base/java.util.concurrent.atomic=ALL-UNNAMED -Xmx2048m -Dfile.encoding=UTF-8 -Duser.country=KR -Duser.language=ko -Duser.variant 
java_command: org.gradle.launcher.daemon.bootstrap.GradleDaemon 8.0
java_class_path (initial): C:\Users\sttung\.gradle\wrapper\dists\gradle-8.0-bin\ca5e32bp14vu59qr306oxotwh\gradle-8.0\lib\gradle-launcher-8.0.jar
Launcher Type: SUN_STANDARD

[Global flags]
     intx CICompilerCount                          = 4                                         {product} {ergonomic}
     uint ConcGCThreads                            = 2                                         {product} {ergonomic}
     uint G1ConcRefinementThreads                  = 8                                         {product} {ergonomic}
   size_t G1HeapRegionSize                         = 1048576                                   {product} {ergonomic}
    uintx GCDrainStackTargetSize                   = 64                                        {product} {ergonomic}
   size_t InitialHeapSize                          = 132120576                                 {product} {ergonomic}
   size_t MarkStackSize                            = 4194304                                   {product} {ergonomic}
   size_t MaxHeapSize                              = 2147483648                                {product} {command line}
   size_t MaxNewSize                               = 1287651328                                {product} {ergonomic}
   size_t MinHeapDeltaBytes                        = 1048576                                   {product} {ergonomic}
   size_t MinHeapSize                              = 8388608                                   {product} {ergonomic}
    uintx NonNMethodCodeHeapSize                   = 5839372                                {pd product} {ergonomic}
    uintx NonProfiledCodeHeapSize                  = 122909434                              {pd product} {ergonomic}
    uintx ProfiledCodeHeapSize                     = 122909434                              {pd product} {ergonomic}
    uintx ReservedCodeCacheSize                    = 251658240                              {pd product} {ergonomic}
     bool SegmentedCodeCache                       = true                                      {product} {ergonomic}
   size_t SoftMaxHeapSize                          = 2147483648                             {manageable} {ergonomic}
     bool UseCompressedClassPointers               = true                           {product lp64_product} {ergonomic}
     bool UseCompressedOops                        = true                           {product lp64_product} {ergonomic}
     bool UseG1GC                                  = true                                      {product} {ergonomic}
     bool UseLargePagesIndividualAllocation        = false                                  {pd product} {ergonomic}

Logging:
Log output configuration:
 #0: stdout all=warning uptime,level,tags
 #1: stderr all=off uptime,level,tags

Environment Variables:
PATH=C:\Program Files\Common Files\Oracle\Java\javapath;C:\Python310\Scripts\;C:\Python310\;C:\Windows\system32;C:\Windows;C:\Windows\System32\Wbem;C:\Windows\System32\WindowsPowerShell\v1.0\;C:\Windows\System32\OpenSSH\;C:\Program Files\Git\cmd;C:\Program Files\nodejs\;C:\ProgramData\chocolatey\bin;C:\Program Files\PuTTY\;C:\Users\sttung\Downloads\opencv\build\x64\vc16\bin;C:\Users\sttung\AppData\Local\Microsoft\WindowsApps;;C:\Users\sttung\AppData\Local\Programs\Microsoft VS Code\bin;C:\Users\sttung\AppData\Roaming\npm
USERNAME=sttung
OS=Windows_NT
PROCESSOR_IDENTIFIER=Intel64 Family 6 Model 142 Stepping 12, GenuineIntel
TMP=C:\Users\sttung\AppData\Local\Temp
TEMP=C:\Users\sttung\AppData\Local\Temp


JNI global refs:
JNI global refs: 26, weak refs: 80

JNI global refs memory usage: 843, weak refs: 1473

OOME stack traces (most recent first):
Classloader memory used:
Loader org.gradle.internal.classloader.VisitableURLClassLoader                         : 3340K
Loader bootstrap                                                                       : 2393K
Loader org.gradle.initialization.MixInLegacyTypesClassLoader                           : 644K
Loader jdk.internal.loader.ClassLoaders$PlatformClassLoader                            : 70438B
Loader org.gradle.internal.classloader.VisitableURLClassLoader                         : 46364B
Loader jdk.internal.loader.ClassLoaders$AppClassLoader                                 : 26051B
Loader jdk.internal.reflect.DelegatingClassLoader                                      : 22036B
Loader org.gradle.groovy.scripts.internal.DefaultScriptCompilationHandler$ScriptClassLoader: 3722B
Loader org.codehaus.groovy.runtime.callsite.CallSiteClassLoader                        : 876B

Classes loaded by more than one classloader:
Class org.gradle.api.GradleException                                                  : loaded 3 times (x 80B)
Class org.gradle.util.GradleVersion                                                   : loaded 2 times (x 81B)
Class org.gradle.internal.classpath.ClassPath                                         : loaded 2 times (x 68B)
Class org.gradle.api.internal.classpath.DefaultModuleRegistry                         : loaded 2 times (x 84B)
Class org.gradle.api.Action                                                           : loaded 2 times (x 68B)
Class org.gradle.api.internal.DefaultClassPathProvider                                : loaded 2 times (x 74B)
Class org.gradle.internal.installation.GradleInstallation$1                           : loaded 2 times (x 73B)
Class org.gradle.internal.exceptions.DefaultMultiCauseException                       : loaded 2 times (x 85B)
Class org.gradle.internal.time.MonotonicClock                                         : loaded 2 times (x 75B)
Class org.gradle.internal.classloader.FilteringClassLoader                            : loaded 2 times (x 102B)
Class org.gradle.internal.classpath.DefaultClassPath$ImmutableUniqueList$Builder      : loaded 2 times (x 73B)
Class org.gradle.internal.classloader.ClassLoaderVisitor                              : loaded 2 times (x 74B)
Class org.gradle.internal.time.DefaultCountdownTimer                                  : loaded 2 times (x 86B)
Class org.gradle.internal.service.DefaultServiceLocator                               : loaded 2 times (x 81B)
Class org.gradle.internal.service.UnknownServiceException                             : loaded 2 times (x 81B)
Class org.gradle.internal.classloader.DefaultClassLoaderFactory                       : loaded 2 times (x 80B)
Class org.gradle.internal.classloader.VisitableURLClassLoader$Spec                    : loaded 2 times (x 72B)
Class org.gradle.tooling.model.ProjectModel                                           : loaded 2 times (x 68B)
Class org.gradle.internal.installation.GradleInstallation                             : loaded 2 times (x 73B)
Class org.gradle.api.internal.classpath.ModuleRegistry                                : loaded 2 times (x 68B)
Class org.gradle.api.internal.ClassPathProvider                                       : loaded 2 times (x 68B)
Class org.gradle.internal.classloader.ClasspathUtil$1                                 : loaded 2 times (x 74B)
Class org.gradle.internal.classloader.ClassLoaderFactory                              : loaded 2 times (x 68B)
Class org.gradle.api.internal.classpath.ManifestUtil                                  : loaded 2 times (x 69B)
Class org.gradle.api.specs.Spec                                                       : loaded 2 times (x 68B)
Class org.gradle.internal.IoActions                                                   : loaded 2 times (x 69B)
Class org.gradle.api.internal.classpath.EffectiveClassPath                            : loaded 2 times (x 88B)
Class org.gradle.internal.installation.CurrentGradleInstallation                      : loaded 2 times (x 71B)
Class org.gradle.internal.installation.CurrentGradleInstallationLocator               : loaded 2 times (x 69B)
Class org.gradle.api.internal.classpath.Module                                        : loaded 2 times (x 68B)
Class org.gradle.internal.service.CachingServiceLocator                               : loaded 2 times (x 80B)
Class org.gradle.internal.time.Timer                                                  : loaded 2 times (x 68B)
Class org.gradle.internal.classpath.DefaultClassPath                                  : loaded 2 times (x 88B)
Class org.gradle.internal.time.Time                                                   : loaded 2 times (x 69B)
Class org.gradle.internal.time.TimeSource$1                                           : loaded 2 times (x 75B)
Class org.gradle.internal.classloader.SystemClassLoaderSpec                           : loaded 2 times (x 69B)
Class org.gradle.api.UncheckedIOException                                             : loaded 2 times (x 80B)
Class org.gradle.internal.time.CountdownTimer                                         : loaded 2 times (x 68B)
Class org.gradle.internal.time.Clock                                                  : loaded 2 times (x 68B)
Class org.gradle.internal.classloader.ClasspathUtil                                   : loaded 2 times (x 69B)
Class org.gradle.api.internal.DefaultClassPathRegistry                                : loaded 2 times (x 74B)
Class org.gradle.api.internal.classpath.DefaultModuleRegistry$DefaultModule           : loaded 2 times (x 84B)
Class org.gradle.internal.time.TimeSource                                             : loaded 2 times (x 68B)
Class org.gradle.api.internal.classpath.UnknownModuleException                        : loaded 2 times (x 80B)
Class org.gradle.internal.service.ServiceLookupException                              : loaded 2 times (x 80B)
Class org.gradle.cache.GlobalCache                                                    : loaded 2 times (x 68B)
Class [Lorg.gradle.api.internal.ClassPathProvider;                                    : loaded 2 times (x 67B)
Class org.gradle.internal.operations.MultipleBuildOperationFailures                   : loaded 2 times (x 85B)
Class org.gradle.util.internal.GUtil                                                  : loaded 2 times (x 69B)
Class org.gradle.internal.classloader.ClassLoaderSpec                                 : loaded 2 times (x 69B)
Class org.gradle.internal.classloader.VisitableURLClassLoader                         : loaded 2 times (x 114B)
Class org.gradle.internal.Cast                                                        : loaded 2 times (x 69B)
Class org.gradle.api.internal.ClassPathRegistry                                       : loaded 2 times (x 68B)
Class org.gradle.internal.classloader.ClassLoaderHierarchy                            : loaded 2 times (x 68B)
Class org.gradle.internal.exceptions.MultiCauseException                              : loaded 2 times (x 68B)
Class org.gradle.internal.InternalTransformer                                         : loaded 2 times (x 68B)
Class org.gradle.internal.service.ServiceLocator                                      : loaded 2 times (x 68B)
Class org.gradle.internal.classpath.DefaultClassPath$ImmutableUniqueList              : loaded 2 times (x 159B)
Class org.gradle.internal.time.DefaultTimer                                           : loaded 2 times (x 78B)


---------------  S Y S T E M  ---------------

OS:
 Windows 10 , 64 bit Build 19041 (10.0.19041.3570)
OS uptime: 9 days 23:10 hours

CPU: total 8 (initial active 8) (4 cores per cpu, 2 threads per core) family 6 model 142 stepping 12 microcode 0xc0, cx8, cmov, fxsr, ht, mmx, 3dnowpref, sse, sse2, sse3, ssse3, sse4.1, sse4.2, popcnt, lzcnt, tsc, tscinvbit, avx, avx2, aes, erms, clmul, bmi1, bmi2, adx, fma, vzeroupper, clflush, clflushopt

Memory: 4k page, system-wide physical 7971M (251M free)
TotalPageFile size 32547M (AvailPageFile size 5M)
current process WorkingSet (physical memory assigned to process): 383M, peak: 383M
current process commit charge ("private bytes"): 420M, peak: 422M

vm_info: OpenJDK 64-Bit Server VM (17.0.7+7-b1000.2) for windows-amd64 JRE (17.0.7+7-b1000.2), built on 2023-06-16 by "builduser" with MS VC++ 16.10 / 16.11 (VS2019)

END.
