#
# There is insufficient memory for the Java Runtime Environment to continue.
# Native memory allocation (mmap) failed to map 132120576 bytes for G1 virtual space
# Possible reasons:
#   The system is out of physical RAM or swap space
#   The process is running with CompressedOops enabled, and the Java Heap may be blocking the growth of the native heap
# Possible solutions:
#   Reduce memory load on the system
#   Increase physical memory or swap space
#   Check if swap backing store is full
#   Decrease Java heap size (-Xmx/-Xms)
#   Decrease number of Java threads
#   Decrease Java thread stack sizes (-Xss)
#   Set larger code cache with -XX:ReservedCodeCacheSize=
#   JVM is running with Unscaled Compressed Oops mode in which the Java heap is
#     placed in the first 4GB address space. The Java Heap base address is the
#     maximum limit for the native heap growth. Please use -XX:HeapBaseMinAddress
#     to set the Java Heap base and to place the Java Heap above 4GB virtual address.
# This output file may be truncated or incomplete.
#
#  Out of Memory Error (os_windows.cpp:3769), pid=21072, tid=21356
#
# JRE version:  (17.0.6) (build )
# Java VM: OpenJDK 64-Bit Server VM (17.0.6+0-b2043.56-10027231, mixed mode, sharing, tiered, compressed oops, compressed class ptrs, g1 gc, windows-amd64)
# No core dump will be written. Minidumps are not enabled by default on client versions of Windows
#

---------------  S U M M A R Y ------------

Command Line: git4idea.http.GitAskPassApp Username for 'https://github.com': 

Host: Intel(R) Core(TM) i5-10210U CPU @ 1.60GHz, 8 cores, 7G,  Windows 10 , 64 bit Build 19041 (10.0.19041.3570)
Time: Sun Oct 22 17:04:26 2023  Windows 10 , 64 bit Build 19041 (10.0.19041.3570) elapsed time: 0.038898 seconds (0d 0h 0m 0s)

---------------  T H R E A D  ---------------

Current thread (0x0000022909faebc0):  JavaThread "Unknown thread" [_thread_in_vm, id=21356, stack(0x0000004509c00000,0x0000004509d00000)]

Stack: [0x0000004509c00000,0x0000004509d00000]
Native frames: (J=compiled Java code, j=interpreted, Vv=VM code, C=native code)
V  [jvm.dll+0x683c9a]
V  [jvm.dll+0x8427a4]
V  [jvm.dll+0x843f9e]
V  [jvm.dll+0x844603]
V  [jvm.dll+0x249b75]
V  [jvm.dll+0x680b69]
V  [jvm.dll+0x67505a]
V  [jvm.dll+0x309acb]
V  [jvm.dll+0x310f86]
V  [jvm.dll+0x3608ee]
V  [jvm.dll+0x360b1f]
V  [jvm.dll+0x2dfbf8]
V  [jvm.dll+0x2e0b64]
V  [jvm.dll+0x814091]
V  [jvm.dll+0x36e6a1]
V  [jvm.dll+0x7f35cc]
V  [jvm.dll+0x3f0e8f]
V  [jvm.dll+0x3f29d1]
C  [jli.dll+0x526b]
C  [ucrtbase.dll+0x21bb2]
C  [KERNEL32.DLL+0x17344]
C  [ntdll.dll+0x526b1]


---------------  P R O C E S S  ---------------

Threads class SMR info:
_java_thread_list=0x00007ff92ccbc058, length=0, elements={
}

Java Threads: ( => current thread )

Other Threads:
  0x000002290a006610 GCTaskThread "GC Thread#0" [stack: 0x0000004509d00000,0x0000004509e00000] [id=15676]
  0x000002290a017630 ConcurrentGCThread "G1 Main Marker" [stack: 0x0000004509e00000,0x0000004509f00000] [id=11456]
  0x000002290a018040 ConcurrentGCThread "G1 Conc#0" [stack: 0x0000004509f00000,0x000000450a000000] [id=17684]

[error occurred during error reporting (printing all threads), id 0xc0000005, EXCEPTION_ACCESS_VIOLATION (0xc0000005) at pc=0x00007ff92c470797]

VM state: not at safepoint (not fully initialized)

VM Mutex/Monitor currently owned by a thread:  ([mutex/lock_event])
[0x0000022909fa8fa0] Heap_lock - owner thread: 0x0000022909faebc0

Heap address: 0x0000000083600000, size: 1994 MB, Compressed Oops mode: 32-bit

CDS archive(s) mapped at: [0x0000000000000000-0x0000000000000000-0x0000000000000000), size 0, SharedBaseAddress: 0x0000000800000000, ArchiveRelocationMode: 0.
Narrow klass base: 0x0000000000000000, Narrow klass shift: 0, Narrow klass range: 0x0

GC Precious Log:
<Empty>

Heap:
 garbage-first heap   total 0K, used 0K [0x0000000083600000, 0x0000000100000000)
  region size 1024K, 0 young (0K), 0 survivors (0K)

[error occurred during error reporting (printing heap information), id 0xc0000005, EXCEPTION_ACCESS_VIOLATION (0xc0000005) at pc=0x00007ff92c85da89]

GC Heap History (0 events):
No events

Dll operation events (1 events):
Event: 0.022 Loaded shared library C:\Program Files\Android\Android Studio1\jbr\bin\java.dll

Deoptimization events (0 events):
No events

Classes unloaded (0 events):
No events

Classes redefined (0 events):
No events

Internal exceptions (0 events):
No events

VM Operations (0 events):
No events

Events (0 events):
No events


Dynamic libraries:
0x00007ff6f0ad0000 - 0x00007ff6f0ada000 	C:\Program Files\Android\Android Studio1\jbr\bin\java.exe
0x00007ff978b90000 - 0x00007ff978d87000 	C:\Windows\SYSTEM32\ntdll.dll
0x00007ff9770f0000 - 0x00007ff9771ad000 	C:\Windows\System32\KERNEL32.DLL
0x00007ff976610000 - 0x00007ff976906000 	C:\Windows\System32\KERNELBASE.dll
0x00007ff970750000 - 0x00007ff9707e0000 	C:\Windows\SYSTEM32\apphelp.dll
0x00007ff976510000 - 0x00007ff976610000 	C:\Windows\System32\ucrtbase.dll
0x00007ff957d20000 - 0x00007ff957d37000 	C:\Program Files\Android\Android Studio1\jbr\bin\jli.dll
0x00007ff952740000 - 0x00007ff95275b000 	C:\Program Files\Android\Android Studio1\jbr\bin\VCRUNTIME140.dll
0x00007ff978210000 - 0x00007ff9783ae000 	C:\Windows\System32\USER32.dll
0x00007ff976440000 - 0x00007ff976462000 	C:\Windows\System32\win32u.dll
0x00007ff9770c0000 - 0x00007ff9770ec000 	C:\Windows\System32\GDI32.dll
0x00007ff976320000 - 0x00007ff97643a000 	C:\Windows\System32\gdi32full.dll
0x00007ff976470000 - 0x00007ff97650d000 	C:\Windows\System32\msvcp_win.dll
0x00007ff95c0f0000 - 0x00007ff95c38a000 	C:\Windows\WinSxS\amd64_microsoft.windows.common-controls_6595b64144ccf1df_6.0.19041.3570_none_60bb2a3971f3e41a\COMCTL32.dll
0x00007ff9784f0000 - 0x00007ff97858e000 	C:\Windows\System32\msvcrt.dll
0x00007ff978590000 - 0x00007ff9785c0000 	C:\Windows\System32\IMM32.DLL
0x00007ff96c600000 - 0x00007ff96c60c000 	C:\Program Files\Android\Android Studio1\jbr\bin\vcruntime140_1.dll
0x00007ff948ad0000 - 0x00007ff948b5d000 	C:\Program Files\Android\Android Studio1\jbr\bin\msvcp140.dll
0x00007ff92c180000 - 0x00007ff92cdee000 	C:\Program Files\Android\Android Studio1\jbr\bin\server\jvm.dll
0x00007ff978aa0000 - 0x00007ff978b4e000 	C:\Windows\System32\ADVAPI32.dll
0x00007ff977020000 - 0x00007ff9770bc000 	C:\Windows\System32\sechost.dll
0x00007ff9783b0000 - 0x00007ff9784d6000 	C:\Windows\System32\RPCRT4.dll
0x00007ff96d430000 - 0x00007ff96d43a000 	C:\Windows\SYSTEM32\VERSION.dll
0x00007ff965740000 - 0x00007ff965767000 	C:\Windows\SYSTEM32\WINMM.dll
0x00007ff92cdf0000 - 0x00007ff92cdf9000 	C:\Windows\SYSTEM32\WSOCK32.dll
0x00007ff977470000 - 0x00007ff9774db000 	C:\Windows\System32\WS2_32.dll
0x00007ff9742f0000 - 0x00007ff974302000 	C:\Windows\SYSTEM32\kernel.appcore.dll
0x00007ff9716e0000 - 0x00007ff9716ea000 	C:\Program Files\Android\Android Studio1\jbr\bin\jimage.dll
0x00007ff973f20000 - 0x00007ff974104000 	C:\Windows\SYSTEM32\DBGHELP.DLL
0x00007ff973700000 - 0x00007ff973734000 	C:\Windows\SYSTEM32\dbgcore.DLL
0x00007ff976b60000 - 0x00007ff976be2000 	C:\Windows\System32\bcryptPrimitives.dll
0x00007ff96c710000 - 0x00007ff96c735000 	C:\Program Files\Android\Android Studio1\jbr\bin\java.dll

dbghelp: loaded successfully - version: 4.0.5 - missing functions: none
symbol engine: initialized successfully - sym options: 0x614 - pdb path: .;C:\Program Files\Android\Android Studio1\jbr\bin;C:\Windows\SYSTEM32;C:\Windows\WinSxS\amd64_microsoft.windows.common-controls_6595b64144ccf1df_6.0.19041.3570_none_60bb2a3971f3e41a;C:\Program Files\Android\Android Studio1\jbr\bin\server

VM Arguments:
java_command: git4idea.http.GitAskPassApp Username for 'https://github.com': 
java_class_path (initial): C:/Program Files/Android/Android Studio1/plugins/vcs-git/lib/git4idea-rt.jar;C:/Program Files/Android/Android Studio1/lib/externalProcess-rt.jar;C:/Program Files/Android/Android Studio1/lib/app.jar;C:/Program Files/Android/Android Studio1/lib/3rd-party-rt.jar
Launcher Type: SUN_STANDARD

[Global flags]
     intx CICompilerCount                          = 4                                         {product} {ergonomic}
     uint ConcGCThreads                            = 2                                         {product} {ergonomic}
     uint G1ConcRefinementThreads                  = 8                                         {product} {ergonomic}
   size_t G1HeapRegionSize                         = 1048576                                   {product} {ergonomic}
    uintx GCDrainStackTargetSize                   = 64                                        {product} {ergonomic}
   size_t InitialHeapSize                          = 132120576                                 {product} {ergonomic}
   size_t MarkStackSize                            = 4194304                                   {product} {ergonomic}
   size_t MaxHeapSize                              = 2090860544                                {product} {ergonomic}
   size_t MinHeapDeltaBytes                        = 1048576                                   {product} {ergonomic}
   size_t MinHeapSize                              = 8388608                                   {product} {ergonomic}
    uintx NonNMethodCodeHeapSize                   = 5839372                                {pd product} {ergonomic}
    uintx NonProfiledCodeHeapSize                  = 122909434                              {pd product} {ergonomic}
    uintx ProfiledCodeHeapSize                     = 122909434                              {pd product} {ergonomic}
    uintx ReservedCodeCacheSize                    = 251658240                              {pd product} {ergonomic}
     bool SegmentedCodeCache                       = true                                      {product} {ergonomic}
   size_t SoftMaxHeapSize                          = 2090860544                             {manageable} {ergonomic}
     bool UseCompressedClassPointers               = true                           {product lp64_product} {ergonomic}
     bool UseCompressedOops                        = true                           {product lp64_product} {ergonomic}
     bool UseG1GC                                  = true                                      {product} {ergonomic}
     bool UseLargePagesIndividualAllocation        = false                                  {pd product} {ergonomic}

Logging:
Log output configuration:
 #0: stdout all=warning uptime,level,tags
 #1: stderr all=off uptime,level,tags

Environment Variables:
PATH=C:\Program Files\Git\mingw64\libexec\git-core;C:\Program Files\Git\mingw64\libexec\git-core;C:\Program Files\Git\mingw64\bin;C:\Program Files\Git\usr\bin;C:\Users\sttung\bin;C:\Program Files\Google\Chrome\Application;C:\Program Files\Common Files\Oracle\Java\javapath;C:\Python310\Scripts;C:\Python310;C:\Windows\system32;C:\Windows;C:\Windows\System32\Wbem;C:\Windows\System32\WindowsPowerShell\v1.0;C:\Windows\System32\OpenSSH;C:\Program Files\Git\cmd;C:\Program Files\nodejs;C:\ProgramData\chocolatey\bin;C:\Program Files\PuTTY;C:\Users\sttung\Downloads\opencv\build\x64\vc16\bin;C:\Users\sttung\AppData\Local\Microsoft\WindowsApps;C:\Users\sttung\AppData\Local\Programs\Microsoft VS Code\bin;C:\Users\sttung\AppData\Roaming\npm
USERNAME=sttung
DISPLAY=:0.0
LC_ALL=en_US.UTF-8
TERM=cygwin
TMPDIR=C:\Users\sttung\AppData\Local\Temp
OS=Windows_NT
PROCESSOR_IDENTIFIER=Intel64 Family 6 Model 142 Stepping 12, GenuineIntel
TMP=C:\Users\sttung\AppData\Local\Temp
TEMP=C:\Users\sttung\AppData\Local\Temp


JNI global refs:

[error occurred during error reporting (JNI global references), id 0xc0000005, EXCEPTION_ACCESS_VIOLATION (0xc0000005) at pc=0x00007ff92c237a10]


---------------  S Y S T E M  ---------------

OS:
 Windows 10 , 64 bit Build 19041 (10.0.19041.3570)
OS uptime: 10 days 16:09 hours

CPU: total 8 (initial active 8) (4 cores per cpu, 2 threads per core) family 6 model 142 stepping 12 microcode 0xc0, cx8, cmov, fxsr, ht, mmx, 3dnowpref, sse, sse2, sse3, ssse3, sse4.1, sse4.2, popcnt, lzcnt, tsc, tscinvbit, avx, avx2, aes, erms, clmul, bmi1, bmi2, adx, fma, vzeroupper, clflush, clflushopt

Memory: 4k page, system-wide physical 7971M (575M free)
TotalPageFile size 32547M (AvailPageFile size 115M)
current process WorkingSet (physical memory assigned to process): 11M, peak: 11M
current process commit charge ("private bytes"): 60M, peak: 186M

vm_info: OpenJDK 64-Bit Server VM (17.0.6+0-b2043.56-10027231) for windows-amd64 JRE (17.0.6+0-b2043.56-10027231), built on Apr 28 2023 00:43:19 by "androidbuild" with MS VC++ 16.10 / 16.11 (VS2019)

END.
