#
# There is insufficient memory for the Java Runtime Environment to continue.
# Native memory allocation (malloc) failed to allocate 890400 bytes for Chunk::new
# Possible reasons:
#   The system is out of physical RAM or swap space
#   The process is running with CompressedOops enabled, and the Java Heap may be blocking the growth of the native heap
# Possible solutions:
#   Reduce memory load on the system
#   Increase physical memory or swap space
#   Check if swap backing store is full
#   Decrease Java heap size (-Xmx/-Xms)
#   Decrease number of Java threads
#   Decrease Java thread stack sizes (-Xss)
#   Set larger code cache with -XX:ReservedCodeCacheSize=
#   JVM is running with Unscaled Compressed Oops mode in which the Java heap is
#     placed in the first 4GB address space. The Java Heap base address is the
#     maximum limit for the native heap growth. Please use -XX:HeapBaseMinAddress
#     to set the Java Heap base and to place the Java Heap above 4GB virtual address.
# This output file may be truncated or incomplete.
#
#  Out of Memory Error (arena.cpp:189), pid=22532, tid=22152
#
# JRE version: OpenJDK Runtime Environment JBR-17.0.7+7-1000.2-nomod (17.0.7+7) (build 17.0.7+7-b1000.2)
# Java VM: OpenJDK 64-Bit Server VM JBR-17.0.7+7-1000.2-nomod (17.0.7+7-b1000.2, mixed mode, tiered, compressed oops, compressed class ptrs, g1 gc, windows-amd64)
# No core dump will be written. Minidumps are not enabled by default on client versions of Windows
#

---------------  S U M M A R Y ------------

Command Line: --add-opens=java.base/java.util=ALL-UNNAMED --add-opens=java.base/java.lang=ALL-UNNAMED --add-opens=java.base/java.lang.invoke=ALL-UNNAMED --add-opens=java.prefs/java.util.prefs=ALL-UNNAMED --add-opens=java.base/java.nio.charset=ALL-UNNAMED --add-opens=java.base/java.net=ALL-UNNAMED --add-opens=java.base/java.util.concurrent.atomic=ALL-UNNAMED -Xmx2048m -Dfile.encoding=UTF-8 -Duser.country=KR -Duser.language=ko -Duser.variant org.gradle.launcher.daemon.bootstrap.GradleDaemon 8.0

Host: Intel(R) Core(TM) i5-10210U CPU @ 1.60GHz, 8 cores, 7G,  Windows 10 , 64 bit Build 19041 (10.0.19041.3570)
Time: Sun Oct 22 00:14:30 2023  Windows 10 , 64 bit Build 19041 (10.0.19041.3570) elapsed time: 2.469598 seconds (0d 0h 0m 2s)

---------------  T H R E A D  ---------------

Current thread (0x000002dc3b67f610):  JavaThread "C2 CompilerThread0" daemon [_thread_in_native, id=22152, stack(0x000000ff3b200000,0x000000ff3b300000)]


Current CompileTask:
C2:   2469 1847       4       org.gradle.internal.logging.text.AbstractLineChoppingStyledTextOutput::doAppend (43 bytes)

Stack: [0x000000ff3b200000,0x000000ff3b300000]
Native frames: (J=compiled Java code, j=interpreted, Vv=VM code, C=native code)
V  [jvm.dll+0x683b4a]


---------------  P R O C E S S  ---------------

Threads class SMR info:
_java_thread_list=0x000002dc41e56730, length=22, elements={
0x000002dc212d9b50, 0x000002dc3b441460, 0x000002dc3b4421e0, 0x000002dc3b639080,
0x000002dc3b63b950, 0x000002dc3b63c610, 0x000002dc3b63ced0, 0x000002dc3b67f610,
0x000002dc3b689fe0, 0x000002dc3b68a8e0, 0x000002dc3b7ee3d0, 0x000002dc3b7f03e0,
0x000002dc402e9a20, 0x000002dc402e9ef0, 0x000002dc402ea3c0, 0x000002dc402ea890,
0x000002dc402ec0a0, 0x000002dc402eca40, 0x000002dc402eb700, 0x000002dc402e9550,
0x000002dc402ebbd0, 0x000002dc402ec570
}

Java Threads: ( => current thread )
  0x000002dc212d9b50 JavaThread "main" [_thread_blocked, id=16108, stack(0x000000ff3a500000,0x000000ff3a600000)]
  0x000002dc3b441460 JavaThread "Reference Handler" daemon [_thread_blocked, id=20292, stack(0x000000ff3ac00000,0x000000ff3ad00000)]
  0x000002dc3b4421e0 JavaThread "Finalizer" daemon [_thread_blocked, id=11548, stack(0x000000ff3ad00000,0x000000ff3ae00000)]
  0x000002dc3b639080 JavaThread "Signal Dispatcher" daemon [_thread_blocked, id=12948, stack(0x000000ff3ae00000,0x000000ff3af00000)]
  0x000002dc3b63b950 JavaThread "Attach Listener" daemon [_thread_blocked, id=7460, stack(0x000000ff3af00000,0x000000ff3b000000)]
  0x000002dc3b63c610 JavaThread "Service Thread" daemon [_thread_blocked, id=18900, stack(0x000000ff3b000000,0x000000ff3b100000)]
  0x000002dc3b63ced0 JavaThread "Monitor Deflation Thread" daemon [_thread_blocked, id=11840, stack(0x000000ff3b100000,0x000000ff3b200000)]
=>0x000002dc3b67f610 JavaThread "C2 CompilerThread0" daemon [_thread_in_native, id=22152, stack(0x000000ff3b200000,0x000000ff3b300000)]
  0x000002dc3b689fe0 JavaThread "C1 CompilerThread0" daemon [_thread_blocked, id=4972, stack(0x000000ff3b300000,0x000000ff3b400000)]
  0x000002dc3b68a8e0 JavaThread "Sweeper thread" daemon [_thread_blocked, id=7904, stack(0x000000ff3b400000,0x000000ff3b500000)]
  0x000002dc3b7ee3d0 JavaThread "Common-Cleaner" daemon [_thread_blocked, id=416, stack(0x000000ff3b500000,0x000000ff3b600000)]
  0x000002dc3b7f03e0 JavaThread "Notification Thread" daemon [_thread_blocked, id=1092, stack(0x000000ff3b600000,0x000000ff3b700000)]
  0x000002dc402e9a20 JavaThread "Daemon health stats" [_thread_blocked, id=17708, stack(0x000000ff3be00000,0x000000ff3bf00000)]
  0x000002dc402e9ef0 JavaThread "Incoming local TCP Connector on port 52233" [_thread_in_native, id=8240, stack(0x000000ff3b800000,0x000000ff3b900000)]
  0x000002dc402ea3c0 JavaThread "Daemon periodic checks" [_thread_blocked, id=14240, stack(0x000000ff3b900000,0x000000ff3ba00000)]
  0x000002dc402ea890 JavaThread "Daemon" [_thread_blocked, id=19376, stack(0x000000ff3bf00000,0x000000ff3c000000)]
  0x000002dc402ec0a0 JavaThread "Handler for socket connection from /127.0.0.1:52233 to /127.0.0.1:52234" [_thread_in_native, id=11712, stack(0x000000ff3c000000,0x000000ff3c100000)]
  0x000002dc402eca40 JavaThread "Cancel handler" [_thread_blocked, id=20644, stack(0x000000ff3c100000,0x000000ff3c200000)]
  0x000002dc402eb700 JavaThread "Daemon worker" [_thread_in_vm, id=21228, stack(0x000000ff3c200000,0x000000ff3c300000)]
  0x000002dc402e9550 JavaThread "Asynchronous log dispatcher for DefaultDaemonConnection: socket connection from /127.0.0.1:52233 to /127.0.0.1:52234" [_thread_blocked, id=20664, stack(0x000000ff3c300000,0x000000ff3c400000)]
  0x000002dc402ebbd0 JavaThread "Stdin handler" [_thread_blocked, id=17264, stack(0x000000ff3c400000,0x000000ff3c500000)]
  0x000002dc402ec570 JavaThread "Daemon client event forwarder" [_thread_blocked, id=1088, stack(0x000000ff3c500000,0x000000ff3c600000)]

Other Threads:
  0x000002dc3b43e940 VMThread "VM Thread" [stack: 0x000000ff3ab00000,0x000000ff3ac00000] [id=5560]
  0x000002dc3b7f08b0 WatcherThread [stack: 0x000000ff3b700000,0x000000ff3b800000] [id=13620]
  0x000002dc21336d30 GCTaskThread "GC Thread#0" [stack: 0x000000ff3a600000,0x000000ff3a700000] [id=6196]
  0x000002dc41653c00 GCTaskThread "GC Thread#1" [stack: 0x000000ff3ba00000,0x000000ff3bb00000] [id=16220]
  0x000002dc4083c5d0 GCTaskThread "GC Thread#2" [stack: 0x000000ff3bb00000,0x000000ff3bc00000] [id=20432]
  0x000002dc4017d700 GCTaskThread "GC Thread#3" [stack: 0x000000ff3bc00000,0x000000ff3bd00000] [id=18908]
  0x000002dc40150770 GCTaskThread "GC Thread#4" [stack: 0x000000ff3bd00000,0x000000ff3be00000] [id=18520]
  0x000002dc21347b80 ConcurrentGCThread "G1 Main Marker" [stack: 0x000000ff3a700000,0x000000ff3a800000] [id=16372]
  0x000002dc21348c40 ConcurrentGCThread "G1 Conc#0" [stack: 0x000000ff3a800000,0x000000ff3a900000] [id=5624]
  0x000002dc213ae120 ConcurrentGCThread "G1 Refine#0" [stack: 0x000000ff3a900000,0x000000ff3aa00000] [id=13444]
  0x000002dc213aea50 ConcurrentGCThread "G1 Service" [stack: 0x000000ff3aa00000,0x000000ff3ab00000] [id=16772]

Threads with active compile tasks:
C2 CompilerThread0     2531 1847       4       org.gradle.internal.logging.text.AbstractLineChoppingStyledTextOutput::doAppend (43 bytes)

VM state: not at safepoint (normal execution)

VM Mutex/Monitor currently owned by a thread:  ([mutex/lock_event])
[0x000002dc212d2f30] Metaspace_lock - owner thread: 0x000002dc402eb700

Heap address: 0x0000000080000000, size: 2048 MB, Compressed Oops mode: 32-bit

CDS archive(s) not mapped
Compressed class space mapped at: 0x0000000100000000-0x0000000140000000, reserved size: 1073741824
Narrow klass base: 0x0000000000000000, Narrow klass shift: 3, Narrow klass range: 0x140000000

GC Precious Log:
 CPUs: 8 total, 8 available
 Memory: 7971M
 Large Page Support: Disabled
 NUMA Support: Disabled
 Compressed Oops: Enabled (32-bit)
 Heap Region Size: 1M
 Heap Min Capacity: 8M
 Heap Initial Capacity: 126M
 Heap Max Capacity: 2G
 Pre-touch: Disabled
 Parallel Workers: 8
 Concurrent Workers: 2
 Concurrent Refinement Workers: 8
 Periodic GC: Disabled

Heap:
 garbage-first heap   total 129024K, used 44549K [0x0000000080000000, 0x0000000100000000)
  region size 1024K, 35 young (35840K), 3 survivors (3072K)
 Metaspace       used 19283K, committed 19520K, reserved 1114112K
  class space    used 2273K, committed 2432K, reserved 1048576K

Heap Regions: E=young(eden), S=young(survivor), O=old, HS=humongous(starts), HC=humongous(continues), CS=collection set, F=free, OA=open archive, CA=closed archive, TAMS=top-at-mark-start (previous, next)
|   0|0x0000000080000000, 0x0000000080100000, 0x0000000080100000|100%|HS|  |TAMS 0x0000000080000000, 0x0000000080000000| Complete 
|   1|0x0000000080100000, 0x0000000080200000, 0x0000000080200000|100%|HC|  |TAMS 0x0000000080100000, 0x0000000080100000| Complete 
|   2|0x0000000080200000, 0x0000000080300000, 0x0000000080300000|100%|HC|  |TAMS 0x0000000080200000, 0x0000000080200000| Complete 
|   3|0x0000000080300000, 0x0000000080400000, 0x0000000080400000|100%|HC|  |TAMS 0x0000000080300000, 0x0000000080300000| Complete 
|   4|0x0000000080400000, 0x0000000080500000, 0x0000000080500000|100%| O|  |TAMS 0x0000000080400000, 0x0000000080400000| Untracked 
|   5|0x0000000080500000, 0x0000000080600000, 0x0000000080600000|100%| O|  |TAMS 0x0000000080500000, 0x0000000080500000| Untracked 
|   6|0x0000000080600000, 0x0000000080700000, 0x0000000080700000|100%| O|  |TAMS 0x0000000080600000, 0x0000000080600000| Untracked 
|   7|0x0000000080700000, 0x0000000080800000, 0x0000000080800000|100%| O|  |TAMS 0x0000000080700000, 0x0000000080700000| Untracked 
|   8|0x0000000080800000, 0x0000000080800000, 0x0000000080900000|  0%| F|  |TAMS 0x0000000080800000, 0x0000000080800000| Untracked 
|   9|0x0000000080900000, 0x0000000080a00000, 0x0000000080a00000|100%| O|  |TAMS 0x0000000080900000, 0x0000000080900000| Untracked 
|  10|0x0000000080a00000, 0x0000000080b00000, 0x0000000080b00000|100%| O|  |TAMS 0x0000000080a00000, 0x0000000080a00000| Untracked 
|  11|0x0000000080b00000, 0x0000000080b48600, 0x0000000080c00000| 28%| O|  |TAMS 0x0000000080b00000, 0x0000000080b00000| Untracked 
|  12|0x0000000080c00000, 0x0000000080c00000, 0x0000000080d00000|  0%| F|  |TAMS 0x0000000080c00000, 0x0000000080c00000| Untracked 
|  13|0x0000000080d00000, 0x0000000080d00000, 0x0000000080e00000|  0%| F|  |TAMS 0x0000000080d00000, 0x0000000080d00000| Untracked 
|  14|0x0000000080e00000, 0x0000000080e00000, 0x0000000080f00000|  0%| F|  |TAMS 0x0000000080e00000, 0x0000000080e00000| Untracked 
|  15|0x0000000080f00000, 0x0000000080f00000, 0x0000000081000000|  0%| F|  |TAMS 0x0000000080f00000, 0x0000000080f00000| Untracked 
|  16|0x0000000081000000, 0x0000000081000000, 0x0000000081100000|  0%| F|  |TAMS 0x0000000081000000, 0x0000000081000000| Untracked 
|  17|0x0000000081100000, 0x0000000081100000, 0x0000000081200000|  0%| F|  |TAMS 0x0000000081100000, 0x0000000081100000| Untracked 
|  18|0x0000000081200000, 0x0000000081200000, 0x0000000081300000|  0%| F|  |TAMS 0x0000000081200000, 0x0000000081200000| Untracked 
|  19|0x0000000081300000, 0x0000000081300000, 0x0000000081400000|  0%| F|  |TAMS 0x0000000081300000, 0x0000000081300000| Untracked 
|  20|0x0000000081400000, 0x0000000081400000, 0x0000000081500000|  0%| F|  |TAMS 0x0000000081400000, 0x0000000081400000| Untracked 
|  21|0x0000000081500000, 0x0000000081500000, 0x0000000081600000|  0%| F|  |TAMS 0x0000000081500000, 0x0000000081500000| Untracked 
|  22|0x0000000081600000, 0x0000000081600000, 0x0000000081700000|  0%| F|  |TAMS 0x0000000081600000, 0x0000000081600000| Untracked 
|  23|0x0000000081700000, 0x0000000081700000, 0x0000000081800000|  0%| F|  |TAMS 0x0000000081700000, 0x0000000081700000| Untracked 
|  24|0x0000000081800000, 0x0000000081800000, 0x0000000081900000|  0%| F|  |TAMS 0x0000000081800000, 0x0000000081800000| Untracked 
|  25|0x0000000081900000, 0x0000000081900000, 0x0000000081a00000|  0%| F|  |TAMS 0x0000000081900000, 0x0000000081900000| Untracked 
|  26|0x0000000081a00000, 0x0000000081a00000, 0x0000000081b00000|  0%| F|  |TAMS 0x0000000081a00000, 0x0000000081a00000| Untracked 
|  27|0x0000000081b00000, 0x0000000081b00000, 0x0000000081c00000|  0%| F|  |TAMS 0x0000000081b00000, 0x0000000081b00000| Untracked 
|  28|0x0000000081c00000, 0x0000000081c00000, 0x0000000081d00000|  0%| F|  |TAMS 0x0000000081c00000, 0x0000000081c00000| Untracked 
|  29|0x0000000081d00000, 0x0000000081d00000, 0x0000000081e00000|  0%| F|  |TAMS 0x0000000081d00000, 0x0000000081d00000| Untracked 
|  30|0x0000000081e00000, 0x0000000081e00000, 0x0000000081f00000|  0%| F|  |TAMS 0x0000000081e00000, 0x0000000081e00000| Untracked 
|  31|0x0000000081f00000, 0x0000000081f00000, 0x0000000082000000|  0%| F|  |TAMS 0x0000000081f00000, 0x0000000081f00000| Untracked 
|  32|0x0000000082000000, 0x0000000082000000, 0x0000000082100000|  0%| F|  |TAMS 0x0000000082000000, 0x0000000082000000| Untracked 
|  33|0x0000000082100000, 0x0000000082100000, 0x0000000082200000|  0%| F|  |TAMS 0x0000000082100000, 0x0000000082100000| Untracked 
|  34|0x0000000082200000, 0x0000000082200000, 0x0000000082300000|  0%| F|  |TAMS 0x0000000082200000, 0x0000000082200000| Untracked 
|  35|0x0000000082300000, 0x0000000082300000, 0x0000000082400000|  0%| F|  |TAMS 0x0000000082300000, 0x0000000082300000| Untracked 
|  36|0x0000000082400000, 0x0000000082400000, 0x0000000082500000|  0%| F|  |TAMS 0x0000000082400000, 0x0000000082400000| Untracked 
|  37|0x0000000082500000, 0x0000000082500000, 0x0000000082600000|  0%| F|  |TAMS 0x0000000082500000, 0x0000000082500000| Untracked 
|  38|0x0000000082600000, 0x0000000082600000, 0x0000000082700000|  0%| F|  |TAMS 0x0000000082600000, 0x0000000082600000| Untracked 
|  39|0x0000000082700000, 0x0000000082700000, 0x0000000082800000|  0%| F|  |TAMS 0x0000000082700000, 0x0000000082700000| Untracked 
|  40|0x0000000082800000, 0x0000000082800000, 0x0000000082900000|  0%| F|  |TAMS 0x0000000082800000, 0x0000000082800000| Untracked 
|  41|0x0000000082900000, 0x0000000082900000, 0x0000000082a00000|  0%| F|  |TAMS 0x0000000082900000, 0x0000000082900000| Untracked 
|  42|0x0000000082a00000, 0x0000000082a00000, 0x0000000082b00000|  0%| F|  |TAMS 0x0000000082a00000, 0x0000000082a00000| Untracked 
|  43|0x0000000082b00000, 0x0000000082b00000, 0x0000000082c00000|  0%| F|  |TAMS 0x0000000082b00000, 0x0000000082b00000| Untracked 
|  44|0x0000000082c00000, 0x0000000082c00000, 0x0000000082d00000|  0%| F|  |TAMS 0x0000000082c00000, 0x0000000082c00000| Untracked 
|  45|0x0000000082d00000, 0x0000000082d00000, 0x0000000082e00000|  0%| F|  |TAMS 0x0000000082d00000, 0x0000000082d00000| Untracked 
|  46|0x0000000082e00000, 0x0000000082e00000, 0x0000000082f00000|  0%| F|  |TAMS 0x0000000082e00000, 0x0000000082e00000| Untracked 
|  47|0x0000000082f00000, 0x0000000082f00000, 0x0000000083000000|  0%| F|  |TAMS 0x0000000082f00000, 0x0000000082f00000| Untracked 
|  48|0x0000000083000000, 0x0000000083000000, 0x0000000083100000|  0%| F|  |TAMS 0x0000000083000000, 0x0000000083000000| Untracked 
|  49|0x0000000083100000, 0x0000000083100000, 0x0000000083200000|  0%| F|  |TAMS 0x0000000083100000, 0x0000000083100000| Untracked 
|  50|0x0000000083200000, 0x0000000083200000, 0x0000000083300000|  0%| F|  |TAMS 0x0000000083200000, 0x0000000083200000| Untracked 
|  51|0x0000000083300000, 0x0000000083300000, 0x0000000083400000|  0%| F|  |TAMS 0x0000000083300000, 0x0000000083300000| Untracked 
|  52|0x0000000083400000, 0x0000000083400000, 0x0000000083500000|  0%| F|  |TAMS 0x0000000083400000, 0x0000000083400000| Untracked 
|  53|0x0000000083500000, 0x0000000083500000, 0x0000000083600000|  0%| F|  |TAMS 0x0000000083500000, 0x0000000083500000| Untracked 
|  54|0x0000000083600000, 0x0000000083600000, 0x0000000083700000|  0%| F|  |TAMS 0x0000000083600000, 0x0000000083600000| Untracked 
|  55|0x0000000083700000, 0x0000000083700000, 0x0000000083800000|  0%| F|  |TAMS 0x0000000083700000, 0x0000000083700000| Untracked 
|  56|0x0000000083800000, 0x0000000083800000, 0x0000000083900000|  0%| F|  |TAMS 0x0000000083800000, 0x0000000083800000| Untracked 
|  57|0x0000000083900000, 0x0000000083900000, 0x0000000083a00000|  0%| F|  |TAMS 0x0000000083900000, 0x0000000083900000| Untracked 
|  58|0x0000000083a00000, 0x0000000083a00000, 0x0000000083b00000|  0%| F|  |TAMS 0x0000000083a00000, 0x0000000083a00000| Untracked 
|  59|0x0000000083b00000, 0x0000000083b00000, 0x0000000083c00000|  0%| F|  |TAMS 0x0000000083b00000, 0x0000000083b00000| Untracked 
|  60|0x0000000083c00000, 0x0000000083c00000, 0x0000000083d00000|  0%| F|  |TAMS 0x0000000083c00000, 0x0000000083c00000| Untracked 
|  61|0x0000000083d00000, 0x0000000083d00000, 0x0000000083e00000|  0%| F|  |TAMS 0x0000000083d00000, 0x0000000083d00000| Untracked 
|  62|0x0000000083e00000, 0x0000000083e00000, 0x0000000083f00000|  0%| F|  |TAMS 0x0000000083e00000, 0x0000000083e00000| Untracked 
|  63|0x0000000083f00000, 0x0000000083f00000, 0x0000000084000000|  0%| F|  |TAMS 0x0000000083f00000, 0x0000000083f00000| Untracked 
|  64|0x0000000084000000, 0x0000000084000000, 0x0000000084100000|  0%| F|  |TAMS 0x0000000084000000, 0x0000000084000000| Untracked 
|  65|0x0000000084100000, 0x0000000084100000, 0x0000000084200000|  0%| F|  |TAMS 0x0000000084100000, 0x0000000084100000| Untracked 
|  66|0x0000000084200000, 0x0000000084200000, 0x0000000084300000|  0%| F|  |TAMS 0x0000000084200000, 0x0000000084200000| Untracked 
|  67|0x0000000084300000, 0x0000000084300000, 0x0000000084400000|  0%| F|  |TAMS 0x0000000084300000, 0x0000000084300000| Untracked 
|  68|0x0000000084400000, 0x0000000084400000, 0x0000000084500000|  0%| F|  |TAMS 0x0000000084400000, 0x0000000084400000| Untracked 
|  69|0x0000000084500000, 0x0000000084500000, 0x0000000084600000|  0%| F|  |TAMS 0x0000000084500000, 0x0000000084500000| Untracked 
|  70|0x0000000084600000, 0x0000000084600000, 0x0000000084700000|  0%| F|  |TAMS 0x0000000084600000, 0x0000000084600000| Untracked 
|  71|0x0000000084700000, 0x0000000084700000, 0x0000000084800000|  0%| F|  |TAMS 0x0000000084700000, 0x0000000084700000| Untracked 
|  72|0x0000000084800000, 0x0000000084800000, 0x0000000084900000|  0%| F|  |TAMS 0x0000000084800000, 0x0000000084800000| Untracked 
|  73|0x0000000084900000, 0x0000000084900000, 0x0000000084a00000|  0%| F|  |TAMS 0x0000000084900000, 0x0000000084900000| Untracked 
|  74|0x0000000084a00000, 0x0000000084a00000, 0x0000000084b00000|  0%| F|  |TAMS 0x0000000084a00000, 0x0000000084a00000| Untracked 
|  75|0x0000000084b00000, 0x0000000084b00000, 0x0000000084c00000|  0%| F|  |TAMS 0x0000000084b00000, 0x0000000084b00000| Untracked 
|  76|0x0000000084c00000, 0x0000000084c00000, 0x0000000084d00000|  0%| F|  |TAMS 0x0000000084c00000, 0x0000000084c00000| Untracked 
|  77|0x0000000084d00000, 0x0000000084d00000, 0x0000000084e00000|  0%| F|  |TAMS 0x0000000084d00000, 0x0000000084d00000| Untracked 
|  78|0x0000000084e00000, 0x0000000084e00000, 0x0000000084f00000|  0%| F|  |TAMS 0x0000000084e00000, 0x0000000084e00000| Untracked 
|  79|0x0000000084f00000, 0x0000000084f00000, 0x0000000085000000|  0%| F|  |TAMS 0x0000000084f00000, 0x0000000084f00000| Untracked 
|  80|0x0000000085000000, 0x0000000085000000, 0x0000000085100000|  0%| F|  |TAMS 0x0000000085000000, 0x0000000085000000| Untracked 
|  81|0x0000000085100000, 0x0000000085100000, 0x0000000085200000|  0%| F|  |TAMS 0x0000000085100000, 0x0000000085100000| Untracked 
|  82|0x0000000085200000, 0x0000000085200000, 0x0000000085300000|  0%| F|  |TAMS 0x0000000085200000, 0x0000000085200000| Untracked 
|  83|0x0000000085300000, 0x0000000085300000, 0x0000000085400000|  0%| F|  |TAMS 0x0000000085300000, 0x0000000085300000| Untracked 
|  84|0x0000000085400000, 0x0000000085400000, 0x0000000085500000|  0%| F|  |TAMS 0x0000000085400000, 0x0000000085400000| Untracked 
|  85|0x0000000085500000, 0x0000000085500000, 0x0000000085600000|  0%| F|  |TAMS 0x0000000085500000, 0x0000000085500000| Untracked 
|  86|0x0000000085600000, 0x0000000085600000, 0x0000000085700000|  0%| F|  |TAMS 0x0000000085600000, 0x0000000085600000| Untracked 
|  87|0x0000000085700000, 0x0000000085700000, 0x0000000085800000|  0%| F|  |TAMS 0x0000000085700000, 0x0000000085700000| Untracked 
|  88|0x0000000085800000, 0x0000000085800000, 0x0000000085900000|  0%| F|  |TAMS 0x0000000085800000, 0x0000000085800000| Untracked 
|  89|0x0000000085900000, 0x0000000085900000, 0x0000000085a00000|  0%| F|  |TAMS 0x0000000085900000, 0x0000000085900000| Untracked 
|  90|0x0000000085a00000, 0x0000000085a00000, 0x0000000085b00000|  0%| F|  |TAMS 0x0000000085a00000, 0x0000000085a00000| Untracked 
|  91|0x0000000085b00000, 0x0000000085c00000, 0x0000000085c00000|100%| E|  |TAMS 0x0000000085b00000, 0x0000000085b00000| Complete 
|  92|0x0000000085c00000, 0x0000000085d00000, 0x0000000085d00000|100%| E|CS|TAMS 0x0000000085c00000, 0x0000000085c00000| Complete 
|  93|0x0000000085d00000, 0x0000000085e00000, 0x0000000085e00000|100%| E|CS|TAMS 0x0000000085d00000, 0x0000000085d00000| Complete 
|  94|0x0000000085e00000, 0x0000000085e39150, 0x0000000085f00000| 22%| S|CS|TAMS 0x0000000085e00000, 0x0000000085e00000| Complete 
|  95|0x0000000085f00000, 0x0000000086000000, 0x0000000086000000|100%| S|CS|TAMS 0x0000000085f00000, 0x0000000085f00000| Complete 
|  96|0x0000000086000000, 0x0000000086100000, 0x0000000086100000|100%| S|CS|TAMS 0x0000000086000000, 0x0000000086000000| Complete 
|  97|0x0000000086100000, 0x0000000086200000, 0x0000000086200000|100%| E|CS|TAMS 0x0000000086100000, 0x0000000086100000| Complete 
|  98|0x0000000086200000, 0x0000000086300000, 0x0000000086300000|100%| E|CS|TAMS 0x0000000086200000, 0x0000000086200000| Complete 
|  99|0x0000000086300000, 0x0000000086400000, 0x0000000086400000|100%| E|CS|TAMS 0x0000000086300000, 0x0000000086300000| Complete 
| 100|0x0000000086400000, 0x0000000086500000, 0x0000000086500000|100%| E|CS|TAMS 0x0000000086400000, 0x0000000086400000| Complete 
| 101|0x0000000086500000, 0x0000000086600000, 0x0000000086600000|100%| E|CS|TAMS 0x0000000086500000, 0x0000000086500000| Complete 
| 102|0x0000000086600000, 0x0000000086700000, 0x0000000086700000|100%| E|CS|TAMS 0x0000000086600000, 0x0000000086600000| Complete 
| 103|0x0000000086700000, 0x0000000086800000, 0x0000000086800000|100%| E|CS|TAMS 0x0000000086700000, 0x0000000086700000| Complete 
| 104|0x0000000086800000, 0x0000000086900000, 0x0000000086900000|100%| E|CS|TAMS 0x0000000086800000, 0x0000000086800000| Complete 
| 105|0x0000000086900000, 0x0000000086a00000, 0x0000000086a00000|100%| E|CS|TAMS 0x0000000086900000, 0x0000000086900000| Complete 
| 106|0x0000000086a00000, 0x0000000086b00000, 0x0000000086b00000|100%| E|CS|TAMS 0x0000000086a00000, 0x0000000086a00000| Complete 
| 107|0x0000000086b00000, 0x0000000086c00000, 0x0000000086c00000|100%| E|CS|TAMS 0x0000000086b00000, 0x0000000086b00000| Complete 
| 108|0x0000000086c00000, 0x0000000086d00000, 0x0000000086d00000|100%| E|CS|TAMS 0x0000000086c00000, 0x0000000086c00000| Complete 
| 109|0x0000000086d00000, 0x0000000086e00000, 0x0000000086e00000|100%| E|CS|TAMS 0x0000000086d00000, 0x0000000086d00000| Complete 
| 110|0x0000000086e00000, 0x0000000086f00000, 0x0000000086f00000|100%| E|CS|TAMS 0x0000000086e00000, 0x0000000086e00000| Complete 
| 111|0x0000000086f00000, 0x0000000087000000, 0x0000000087000000|100%| E|CS|TAMS 0x0000000086f00000, 0x0000000086f00000| Complete 
| 112|0x0000000087000000, 0x0000000087100000, 0x0000000087100000|100%| E|CS|TAMS 0x0000000087000000, 0x0000000087000000| Complete 
| 113|0x0000000087100000, 0x0000000087200000, 0x0000000087200000|100%| E|CS|TAMS 0x0000000087100000, 0x0000000087100000| Complete 
| 114|0x0000000087200000, 0x0000000087300000, 0x0000000087300000|100%| E|CS|TAMS 0x0000000087200000, 0x0000000087200000| Complete 
| 115|0x0000000087300000, 0x0000000087400000, 0x0000000087400000|100%| E|CS|TAMS 0x0000000087300000, 0x0000000087300000| Complete 
| 116|0x0000000087400000, 0x0000000087500000, 0x0000000087500000|100%| E|CS|TAMS 0x0000000087400000, 0x0000000087400000| Complete 
| 117|0x0000000087500000, 0x0000000087600000, 0x0000000087600000|100%| E|CS|TAMS 0x0000000087500000, 0x0000000087500000| Complete 
| 118|0x0000000087600000, 0x0000000087700000, 0x0000000087700000|100%| E|CS|TAMS 0x0000000087600000, 0x0000000087600000| Complete 
| 119|0x0000000087700000, 0x0000000087800000, 0x0000000087800000|100%| E|CS|TAMS 0x0000000087700000, 0x0000000087700000| Complete 
| 120|0x0000000087800000, 0x0000000087900000, 0x0000000087900000|100%| E|CS|TAMS 0x0000000087800000, 0x0000000087800000| Complete 
| 121|0x0000000087900000, 0x0000000087a00000, 0x0000000087a00000|100%| E|CS|TAMS 0x0000000087900000, 0x0000000087900000| Complete 
| 122|0x0000000087a00000, 0x0000000087b00000, 0x0000000087b00000|100%| E|CS|TAMS 0x0000000087a00000, 0x0000000087a00000| Complete 
| 123|0x0000000087b00000, 0x0000000087c00000, 0x0000000087c00000|100%| E|CS|TAMS 0x0000000087b00000, 0x0000000087b00000| Complete 
| 124|0x0000000087c00000, 0x0000000087d00000, 0x0000000087d00000|100%| E|CS|TAMS 0x0000000087c00000, 0x0000000087c00000| Complete 
| 125|0x0000000087d00000, 0x0000000087e00000, 0x0000000087e00000|100%| E|CS|TAMS 0x0000000087d00000, 0x0000000087d00000| Complete 

Card table byte_map: [0x000002dc341e0000,0x000002dc345e0000] _byte_map_base: 0x000002dc33de0000

Marking Bits (Prev, Next): (CMBitMap*) 0x000002dc21337250, (CMBitMap*) 0x000002dc21337290
 Prev Bits: [0x000002dc349e0000, 0x000002dc369e0000)
 Next Bits: [0x000002dc369e0000, 0x000002dc389e0000)

Polling page: 0x000002dc20ab0000

Metaspace:

Usage:
  Non-class:     16.61 MB used.
      Class:      2.22 MB used.
       Both:     18.83 MB used.

Virtual space:
  Non-class space:       64.00 MB reserved,      16.69 MB ( 26%) committed,  1 nodes.
      Class space:        1.00 GB reserved,       2.38 MB ( <1%) committed,  1 nodes.
             Both:        1.06 GB reserved,      19.06 MB (  2%) committed. 

Chunk freelists:
   Non-Class:  14.36 MB
       Class:  13.48 MB
        Both:  27.84 MB

MaxMetaspaceSize: unlimited
CompressedClassSpaceSize: 1.00 GB
Initial GC threshold: 21.00 MB
Current GC threshold: 21.00 MB
CDS: off
MetaspaceReclaimPolicy: balanced
 - commit_granule_bytes: 65536.
 - commit_granule_words: 8192.
 - virtual_space_node_default_size: 8388608.
 - enlarge_chunks_in_place: 1.
 - new_chunks_are_fully_committed: 0.
 - uncommit_free_chunks: 1.
 - use_allocation_guard: 0.
 - handle_deallocations: 1.


Internal statistics:

num_allocs_failed_limit: 0.
num_arena_births: 130.
num_arena_deaths: 0.
num_vsnodes_births: 2.
num_vsnodes_deaths: 0.
num_space_committed: 305.
num_space_uncommitted: 0.
num_chunks_returned_to_freelist: 0.
num_chunks_taken_from_freelist: 430.
num_chunk_merges: 0.
num_chunk_splits: 274.
num_chunks_enlarged: 190.
num_inconsistent_stats: 0.

CodeHeap 'non-profiled nmethods': size=120000Kb used=996Kb max_used=996Kb free=119003Kb
 bounds [0x000002dc2c580000, 0x000002dc2c7f0000, 0x000002dc33ab0000]
CodeHeap 'profiled nmethods': size=120000Kb used=3717Kb max_used=3717Kb free=116282Kb
 bounds [0x000002dc24ab0000, 0x000002dc24e60000, 0x000002dc2bfe0000]
CodeHeap 'non-nmethods': size=5760Kb used=1195Kb max_used=1241Kb free=4564Kb
 bounds [0x000002dc2bfe0000, 0x000002dc2c250000, 0x000002dc2c580000]
 total_blobs=2393 nmethods=1893 adapters=413
 compilation: enabled
              stopped_count=0, restarted_count=0
 full_count=0

Compilation events (20 events):
Event: 2.444 Thread 0x000002dc3b689fe0 1868       3       org.gradle.internal.logging.sink.OutputEventRenderer$LazyListener::onOutput (95 bytes)
Event: 2.444 Thread 0x000002dc3b689fe0 nmethod 1868 0x000002dc24e46890 code [0x000002dc24e46aa0, 0x000002dc24e47568]
Event: 2.444 Thread 0x000002dc3b689fe0 1869       3       org.gradle.internal.event.BroadcastDispatch$SingletonDispatch::dispatch (9 bytes)
Event: 2.444 Thread 0x000002dc3b689fe0 nmethod 1869 0x000002dc24e47710 code [0x000002dc24e478c0, 0x000002dc24e47be8]
Event: 2.444 Thread 0x000002dc3b689fe0 1870       3       org.gradle.internal.event.BroadcastDispatch$SingletonDispatch::dispatch (10 bytes)
Event: 2.444 Thread 0x000002dc3b689fe0 nmethod 1870 0x000002dc24e47d10 code [0x000002dc24e47ea0, 0x000002dc24e48068]
Event: 2.449 Thread 0x000002dc3b689fe0 1871       3       java.util.AbstractQueue::<init> (5 bytes)
Event: 2.450 Thread 0x000002dc3b689fe0 nmethod 1871 0x000002dc24e48110 code [0x000002dc24e482c0, 0x000002dc24e48478]
Event: 2.456 Thread 0x000002dc3b689fe0 1872       3       java.lang.Package$VersionInfo::<init> (44 bytes)
Event: 2.457 Thread 0x000002dc3b689fe0 nmethod 1872 0x000002dc24e48590 code [0x000002dc24e48740, 0x000002dc24e48b38]
Event: 2.463 Thread 0x000002dc3b689fe0 1873  s    3       org.gradle.internal.concurrent.CompositeStoppable::add (16 bytes)
Event: 2.463 Thread 0x000002dc3b689fe0 nmethod 1873 0x000002dc24e48c10 code [0x000002dc24e48dc0, 0x000002dc24e49078]
Event: 2.463 Thread 0x000002dc3b689fe0 1874       3       org.gradle.internal.concurrent.CompositeStoppable::toStoppable (37 bytes)
Event: 2.463 Thread 0x000002dc3b689fe0 nmethod 1874 0x000002dc24e49190 code [0x000002dc24e49380, 0x000002dc24e499c8]
Event: 2.463 Thread 0x000002dc3b689fe0 1875       3       java.util.concurrent.ConcurrentLinkedQueue::<init> (21 bytes)
Event: 2.463 Thread 0x000002dc3b689fe0 nmethod 1875 0x000002dc24e49b10 code [0x000002dc24e49ce0, 0x000002dc24e4a0d8]
Event: 2.465 Thread 0x000002dc3b689fe0 1877       3       java.lang.invoke.MethodHandleNatives::findMethodHandleType (7 bytes)
Event: 2.465 Thread 0x000002dc3b689fe0 nmethod 1877 0x000002dc24e4a290 code [0x000002dc24e4a420, 0x000002dc24e4a548]
Event: 2.465 Thread 0x000002dc3b689fe0 1878       3       sun.invoke.util.VerifyAccess::isTypeVisible (47 bytes)
Event: 2.465 Thread 0x000002dc3b689fe0 nmethod 1878 0x000002dc24e4a610 code [0x000002dc24e4a800, 0x000002dc24e4ac18]

GC Heap History (4 events):
Event: 0.913 GC heap before
{Heap before GC invocations=0 (full 0):
 garbage-first heap   total 129024K, used 26624K [0x0000000080000000, 0x0000000100000000)
  region size 1024K, 23 young (23552K), 0 survivors (0K)
 Metaspace       used 10274K, committed 10432K, reserved 1114112K
  class space    used 1062K, committed 1152K, reserved 1048576K
}
Event: 0.919 GC heap after
{Heap after GC invocations=1 (full 0):
 garbage-first heap   total 129024K, used 10607K [0x0000000080000000, 0x0000000100000000)
  region size 1024K, 3 young (3072K), 3 survivors (3072K)
 Metaspace       used 10274K, committed 10432K, reserved 1114112K
  class space    used 1062K, committed 1152K, reserved 1048576K
}
Event: 1.310 GC heap before
{Heap before GC invocations=1 (full 0):
 garbage-first heap   total 129024K, used 37231K [0x0000000080000000, 0x0000000100000000)
  region size 1024K, 29 young (29696K), 3 survivors (3072K)
 Metaspace       used 11202K, committed 11456K, reserved 1114112K
  class space    used 1165K, committed 1280K, reserved 1048576K
}
Event: 1.317 GC heap after
{Heap after GC invocations=2 (full 0):
 garbage-first heap   total 129024K, used 12805K [0x0000000080000000, 0x0000000100000000)
  region size 1024K, 3 young (3072K), 3 survivors (3072K)
 Metaspace       used 11202K, committed 11456K, reserved 1114112K
  class space    used 1165K, committed 1280K, reserved 1048576K
}

Dll operation events (3 events):
Event: 0.010 Loaded shared library C:\Users\sttung\.jdks\jbr-17.0.7\bin\java.dll
Event: 0.038 Loaded shared library C:\Users\sttung\.jdks\jbr-17.0.7\bin\jsvml.dll
Event: 0.470 Loaded shared library C:\Users\sttung\.jdks\jbr-17.0.7\bin\verify.dll

Deoptimization events (20 events):
Event: 2.314 Thread 0x000002dc402e9ef0 Uncommon trap: trap_request=0xffffff45 fr.pc=0x000002dc2c5d41d4 relative=0x0000000000000234
Event: 2.314 Thread 0x000002dc402e9ef0 Uncommon trap: reason=unstable_if action=reinterpret pc=0x000002dc2c5d41d4 method=java.util.HashMap.putVal(ILjava/lang/Object;Ljava/lang/Object;ZZ)Ljava/lang/Object; @ 162 c2
Event: 2.314 Thread 0x000002dc402e9ef0 DEOPT PACKING pc=0x000002dc2c5d41d4 sp=0x000000ff3b8fcfa0
Event: 2.314 Thread 0x000002dc402e9ef0 DEOPT UNPACKING pc=0x000002dc2c0369a3 sp=0x000000ff3b8fced8 mode 2
Event: 2.338 Thread 0x000002dc402e9ef0 Uncommon trap: trap_request=0xffffffc6 fr.pc=0x000002dc2c606bb0 relative=0x0000000000000090
Event: 2.338 Thread 0x000002dc402e9ef0 Uncommon trap: reason=bimorphic_or_optimized_type_check action=maybe_recompile pc=0x000002dc2c606bb0 method=java.util.AbstractList$Itr.hasNext()Z @ 8 c2
Event: 2.338 Thread 0x000002dc402e9ef0 DEOPT PACKING pc=0x000002dc2c606bb0 sp=0x000000ff3b8fe130
Event: 2.338 Thread 0x000002dc402e9ef0 DEOPT UNPACKING pc=0x000002dc2c0369a3 sp=0x000000ff3b8fe0c8 mode 2
Event: 2.338 Thread 0x000002dc402e9ef0 Uncommon trap: trap_request=0xffffffc6 fr.pc=0x000002dc2c606fcc relative=0x000000000000012c
Event: 2.338 Thread 0x000002dc402e9ef0 Uncommon trap: reason=bimorphic_or_optimized_type_check action=maybe_recompile pc=0x000002dc2c606fcc method=java.util.AbstractList$Itr.next()Ljava/lang/Object; @ 14 c2
Event: 2.338 Thread 0x000002dc402e9ef0 DEOPT PACKING pc=0x000002dc2c606fcc sp=0x000000ff3b8fe120
Event: 2.338 Thread 0x000002dc402e9ef0 DEOPT UNPACKING pc=0x000002dc2c0369a3 sp=0x000000ff3b8fe0b8 mode 2
Event: 2.345 Thread 0x000002dc402e9ef0 Uncommon trap: trap_request=0xffffff45 fr.pc=0x000002dc2c614a0c relative=0x0000000000001c2c
Event: 2.345 Thread 0x000002dc402e9ef0 Uncommon trap: reason=unstable_if action=reinterpret pc=0x000002dc2c614a0c method=sun.nio.fs.WindowsPathParser.normalize(Ljava/lang/StringBuilder;Ljava/lang/String;I)Ljava/lang/String; @ 121 c2
Event: 2.345 Thread 0x000002dc402e9ef0 DEOPT PACKING pc=0x000002dc2c614a0c sp=0x000000ff3b8fe800
Event: 2.345 Thread 0x000002dc402e9ef0 DEOPT UNPACKING pc=0x000002dc2c0369a3 sp=0x000000ff3b8fe7f8 mode 2
Event: 2.420 Thread 0x000002dc402eb700 Uncommon trap: trap_request=0xffffff45 fr.pc=0x000002dc2c63adc0 relative=0x0000000000001320
Event: 2.420 Thread 0x000002dc402eb700 Uncommon trap: reason=unstable_if action=reinterpret pc=0x000002dc2c63adc0 method=java.util.concurrent.ConcurrentHashMap.putVal(Ljava/lang/Object;Ljava/lang/Object;Z)Ljava/lang/Object; @ 256 c2
Event: 2.420 Thread 0x000002dc402eb700 DEOPT PACKING pc=0x000002dc2c63adc0 sp=0x000000ff3c2ff090
Event: 2.420 Thread 0x000002dc402eb700 DEOPT UNPACKING pc=0x000002dc2c0369a3 sp=0x000000ff3c2ff008 mode 2

Classes unloaded (0 events):
No events

Classes redefined (0 events):
No events

Internal exceptions (19 events):
Event: 0.199 Thread 0x000002dc212d9b50 Exception <a 'java/lang/NoSuchMethodError'{0x0000000087ba5028}: 'int java.lang.invoke.DirectMethodHandle$Holder.invokeStaticInit(java.lang.Object, java.lang.Object)'> (0x0000000087ba5028) 
thrown [s\src\hotspot\share\interpreter\linkResolver.cpp, line 771]
Event: 0.537 Thread 0x000002dc212d9b50 Exception <a 'java/lang/NoClassDefFoundError'{0x0000000086e69260}: org/slf4j/impl/StaticMarkerBinder> (0x0000000086e69260) 
thrown [s\src\hotspot\share\classfile\systemDictionary.cpp, line 245]
Event: 0.630 Thread 0x000002dc212d9b50 Exception <a 'java/lang/NoSuchMethodError'{0x0000000086cbb180}: 'java.lang.Object java.lang.invoke.DirectMethodHandle$Holder.invokeVirtual(java.lang.Object, java.lang.Object, java.lang.Object, java.lang.Object, java.lang.Object, java.lang.Object, java.lang.Object)'> (0x0000000086cbb180) 
thrown [s\src\hotspot\share\interpreter\linkResolver.cpp, line 771]
Event: 0.634 Thread 0x000002dc212d9b50 Exception <a 'java/lang/NoSuchMethodError'{0x0000000086ccd2d0}: 'java.lang.Object java.lang.invoke.Invokers$Holder.invoker(java.lang.Object, java.lang.Object, java.lang.Object)'> (0x0000000086ccd2d0) 
thrown [s\src\hotspot\share\interpreter\linkResolver.cpp, line 771]
Event: 0.638 Thread 0x000002dc212d9b50 Exception <a 'java/lang/NoSuchMethodError'{0x0000000086cd64c8}: 'java.lang.Object java.lang.invoke.DirectMethodHandle$Holder.invokeStatic(java.lang.Object, java.lang.Object, int)'> (0x0000000086cd64c8) 
thrown [s\src\hotspot\share\interpreter\linkResolver.cpp, line 771]
Event: 0.641 Thread 0x000002dc212d9b50 Exception <a 'java/lang/NoSuchMethodError'{0x0000000086ce22b0}: 'void java.lang.invoke.DelegatingMethodHandle$Holder.delegate(java.lang.Object, java.lang.Object, int, java.lang.Object)'> (0x0000000086ce22b0) 
thrown [s\src\hotspot\share\interpreter\linkResolver.cpp, line 771]
Event: 0.641 Thread 0x000002dc212d9b50 Exception <a 'java/lang/NoSuchMethodError'{0x0000000086ce63f8}: 'int java.lang.invoke.DirectMethodHandle$Holder.invokeSpecial(java.lang.Object, java.lang.Object, java.lang.Object)'> (0x0000000086ce63f8) 
thrown [s\src\hotspot\share\interpreter\linkResolver.cpp, line 771]
Event: 0.646 Thread 0x000002dc212d9b50 Exception <a 'java/lang/NoSuchMethodError'{0x0000000086cf9f38}: 'java.lang.Object java.lang.invoke.Invokers$Holder.invokeExact_MT(java.lang.Object, java.lang.Object, java.lang.Object, java.lang.Object)'> (0x0000000086cf9f38) 
thrown [s\src\hotspot\share\interpreter\linkResolver.cpp, line 771]
Event: 1.011 Thread 0x000002dc212d9b50 Exception <a 'java/lang/NoSuchMethodError'{0x0000000087a763d8}: 'void java.lang.invoke.DirectMethodHandle$Holder.invokeInterface(java.lang.Object, java.lang.Object, java.lang.Object)'> (0x0000000087a763d8) 
thrown [s\src\hotspot\share\interpreter\linkResolver.cpp, line 771]
Event: 1.640 Thread 0x000002dc212d9b50 Exception <a 'java/lang/NoSuchMethodError'{0x0000000086e27648}: 'java.lang.Object java.lang.invoke.DirectMethodHandle$Holder.invokeStaticInit(java.lang.Object)'> (0x0000000086e27648) 
thrown [s\src\hotspot\share\interpreter\linkResolver.cpp, line 771]
Event: 1.673 Thread 0x000002dc212d9b50 Exception <a 'java/lang/NoSuchMethodError'{0x0000000086e891d8}: 'java.lang.Object java.lang.invoke.DirectMethodHandle$Holder.invokeInterface(java.lang.Object, java.lang.Object)'> (0x0000000086e891d8) 
thrown [s\src\hotspot\share\interpreter\linkResolver.cpp, line 771]
Event: 1.804 Thread 0x000002dc212d9b50 Exception <a 'java/lang/NoSuchMethodError'{0x0000000086985ae0}: 'java.lang.Object java.lang.invoke.DirectMethodHandle$Holder.invokeStaticInit(java.lang.Object, int, int, int, int)'> (0x0000000086985ae0) 
thrown [s\src\hotspot\share\interpreter\linkResolver.cpp, line 771]
Event: 1.937 Thread 0x000002dc212d9b50 Exception <a 'java/lang/NoSuchMethodError'{0x000000008684ec50}: 'java.lang.Object java.lang.invoke.DirectMethodHandle$Holder.invokeStaticInit(java.lang.Object, java.lang.Object, int, int, int, int)'> (0x000000008684ec50) 
thrown [s\src\hotspot\share\interpreter\linkResolver.cpp, line 771]
Event: 2.235 Thread 0x000002dc212d9b50 Exception <a 'java/lang/NoSuchMethodError'{0x000000008675f960}: 'void java.lang.invoke.DirectMethodHandle$Holder.invokeStatic(java.lang.Object, java.lang.Object, java.lang.Object)'> (0x000000008675f960) 
thrown [s\src\hotspot\share\interpreter\linkResolver.cpp, line 771]
Event: 2.258 Thread 0x000002dc212d9b50 Exception <a 'java/io/IOException'{0x00000000867fa868}> (0x00000000867fa868) 
thrown [s\src\hotspot\share\prims\jni.cpp, line 517]
Event: 2.389 Thread 0x000002dc402ec0a0 Exception <a 'java/lang/NoSuchMethodError'{0x0000000086263e78}: static Lorg/gradle/tooling/internal/provider/serialization/ClassLoaderDetails;.<clinit>()V> (0x0000000086263e78) 
thrown [s\src\hotspot\share\prims\jni.cpp, line 1108]
Event: 2.390 Thread 0x000002dc402ec0a0 Exception <a 'java/lang/NoSuchMethodError'{0x000000008627a9f0}: static Lorg/gradle/internal/classloader/ClassLoaderSpec;.<clinit>()V> (0x000000008627a9f0) 
thrown [s\src\hotspot\share\prims\jni.cpp, line 1108]
Event: 2.391 Thread 0x000002dc402ec0a0 Exception <a 'java/lang/NoSuchMethodError'{0x0000000086283e18}: static Lorg/gradle/tooling/internal/provider/serialization/WellKnownClassLoaderRegistry$KnownClassLoaderSpec;.<clinit>()V> (0x0000000086283e18) 
thrown [s\src\hotspot\share\prims\jni.cpp, line 1108]
Event: 2.392 Thread 0x000002dc402ec0a0 Exception <a 'java/lang/NoSuchMethodError'{0x0000000086298810}: static Lorg/gradle/tooling/internal/provider/serialization/ClientOwnedClassLoaderSpec;.<clinit>()V> (0x0000000086298810) 
thrown [s\src\hotspot\share\prims\jni.cpp, line 1108]

VM Operations (20 events):
Event: 1.310 Executing VM operation: G1CollectForAllocation
Event: 1.317 Executing VM operation: G1CollectForAllocation done
Event: 1.573 Executing VM operation: HandshakeAllThreads
Event: 1.573 Executing VM operation: HandshakeAllThreads done
Event: 1.631 Executing VM operation: HandshakeAllThreads
Event: 1.631 Executing VM operation: HandshakeAllThreads done
Event: 1.669 Executing VM operation: HandshakeAllThreads
Event: 1.669 Executing VM operation: HandshakeAllThreads done
Event: 1.736 Executing VM operation: HandshakeAllThreads
Event: 1.736 Executing VM operation: HandshakeAllThreads done
Event: 1.790 Executing VM operation: HandshakeAllThreads
Event: 1.790 Executing VM operation: HandshakeAllThreads done
Event: 1.921 Executing VM operation: HandshakeAllThreads
Event: 1.921 Executing VM operation: HandshakeAllThreads done
Event: 2.234 Executing VM operation: HandshakeAllThreads
Event: 2.234 Executing VM operation: HandshakeAllThreads done
Event: 2.321 Executing VM operation: HandshakeAllThreads
Event: 2.321 Executing VM operation: HandshakeAllThreads done
Event: 2.321 Executing VM operation: Cleanup
Event: 2.322 Executing VM operation: Cleanup done

Events (20 events):
Event: 2.419 loading class java/util/Collections$UnmodifiableMap$UnmodifiableEntrySet$UnmodifiableEntry done
Event: 2.422 loading class jdk/internal/reflect/UnsafeQualifiedObjectFieldAccessorImpl
Event: 2.423 loading class jdk/internal/reflect/UnsafeQualifiedFieldAccessorImpl
Event: 2.423 loading class jdk/internal/reflect/UnsafeQualifiedFieldAccessorImpl done
Event: 2.423 loading class jdk/internal/reflect/UnsafeQualifiedObjectFieldAccessorImpl done
Event: 2.427 loading class java/util/concurrent/CountDownLatch
Event: 2.427 loading class java/util/concurrent/CountDownLatch done
Event: 2.428 loading class java/util/concurrent/CountDownLatch$Sync
Event: 2.428 loading class java/util/concurrent/CountDownLatch$Sync done
Event: 2.429 Thread 0x000002dc402e9550 Thread added: 0x000002dc402e9550
Event: 2.430 loading class java/math/MathContext
Event: 2.430 loading class java/math/MathContext done
Event: 2.430 loading class java/math/BigDecimal
Event: 2.431 loading class java/math/BigDecimal done
Event: 2.432 loading class java/io/PipedOutputStream
Event: 2.432 loading class java/io/PipedOutputStream done
Event: 2.432 loading class java/io/PipedInputStream
Event: 2.432 loading class java/io/PipedInputStream done
Event: 2.433 Thread 0x000002dc402ebbd0 Thread added: 0x000002dc402ebbd0
Event: 2.440 Thread 0x000002dc402ec570 Thread added: 0x000002dc402ec570


Dynamic libraries:
0x00007ff75d430000 - 0x00007ff75d43a000 	C:\Users\sttung\.jdks\jbr-17.0.7\bin\java.exe
0x00007ff978b90000 - 0x00007ff978d87000 	C:\Windows\SYSTEM32\ntdll.dll
0x00007ff9770f0000 - 0x00007ff9771ad000 	C:\Windows\System32\KERNEL32.DLL
0x00007ff976610000 - 0x00007ff976906000 	C:\Windows\System32\KERNELBASE.dll
0x00007ff976510000 - 0x00007ff976610000 	C:\Windows\System32\ucrtbase.dll
0x00007ff96c700000 - 0x00007ff96c71b000 	C:\Users\sttung\.jdks\jbr-17.0.7\bin\VCRUNTIME140.dll
0x00007ff968ed0000 - 0x00007ff968ee7000 	C:\Users\sttung\.jdks\jbr-17.0.7\bin\jli.dll
0x00007ff978210000 - 0x00007ff9783ae000 	C:\Windows\System32\USER32.dll
0x00007ff976440000 - 0x00007ff976462000 	C:\Windows\System32\win32u.dll
0x00007ff9770c0000 - 0x00007ff9770ec000 	C:\Windows\System32\GDI32.dll
0x00007ff95c0f0000 - 0x00007ff95c38a000 	C:\Windows\WinSxS\amd64_microsoft.windows.common-controls_6595b64144ccf1df_6.0.19041.3570_none_60bb2a3971f3e41a\COMCTL32.dll
0x00007ff976320000 - 0x00007ff97643a000 	C:\Windows\System32\gdi32full.dll
0x00007ff9784f0000 - 0x00007ff97858e000 	C:\Windows\System32\msvcrt.dll
0x00007ff976470000 - 0x00007ff97650d000 	C:\Windows\System32\msvcp_win.dll
0x00007ff978590000 - 0x00007ff9785c0000 	C:\Windows\System32\IMM32.DLL
0x00007ff971b10000 - 0x00007ff971b1c000 	C:\Users\sttung\.jdks\jbr-17.0.7\bin\vcruntime140_1.dll
0x00007ff951300000 - 0x00007ff95138d000 	C:\Users\sttung\.jdks\jbr-17.0.7\bin\msvcp140.dll
0x00007ff92c170000 - 0x00007ff92cdf0000 	C:\Users\sttung\.jdks\jbr-17.0.7\bin\server\jvm.dll
0x00007ff978aa0000 - 0x00007ff978b4e000 	C:\Windows\System32\ADVAPI32.dll
0x00007ff977020000 - 0x00007ff9770bc000 	C:\Windows\System32\sechost.dll
0x00007ff9783b0000 - 0x00007ff9784d6000 	C:\Windows\System32\RPCRT4.dll
0x00007ff92cdf0000 - 0x00007ff92cdf9000 	C:\Windows\SYSTEM32\WSOCK32.dll
0x00007ff96d430000 - 0x00007ff96d43a000 	C:\Windows\SYSTEM32\VERSION.dll
0x00007ff965740000 - 0x00007ff965767000 	C:\Windows\SYSTEM32\WINMM.dll
0x00007ff977470000 - 0x00007ff9774db000 	C:\Windows\System32\WS2_32.dll
0x00007ff9742f0000 - 0x00007ff974302000 	C:\Windows\SYSTEM32\kernel.appcore.dll
0x00007ff96fc40000 - 0x00007ff96fc4a000 	C:\Users\sttung\.jdks\jbr-17.0.7\bin\jimage.dll
0x00007ff973f20000 - 0x00007ff974104000 	C:\Windows\SYSTEM32\DBGHELP.DLL
0x00007ff973700000 - 0x00007ff973734000 	C:\Windows\SYSTEM32\dbgcore.DLL
0x00007ff976b60000 - 0x00007ff976be2000 	C:\Windows\System32\bcryptPrimitives.dll
0x00007ff957860000 - 0x00007ff957885000 	C:\Users\sttung\.jdks\jbr-17.0.7\bin\java.dll
0x00007ff9567c0000 - 0x00007ff9567d8000 	C:\Users\sttung\.jdks\jbr-17.0.7\bin\zip.dll
0x00007ff949870000 - 0x00007ff949947000 	C:\Users\sttung\.jdks\jbr-17.0.7\bin\jsvml.dll
0x00007ff977a00000 - 0x00007ff978144000 	C:\Windows\System32\SHELL32.dll
0x00007ff974310000 - 0x00007ff974aab000 	C:\Windows\SYSTEM32\windows.storage.dll
0x00007ff9785c0000 - 0x00007ff978914000 	C:\Windows\System32\combase.dll
0x00007ff975cb0000 - 0x00007ff975cdd000 	C:\Windows\SYSTEM32\Wldp.dll
0x00007ff977950000 - 0x00007ff9779fd000 	C:\Windows\System32\SHCORE.dll
0x00007ff978930000 - 0x00007ff978985000 	C:\Windows\System32\shlwapi.dll
0x00007ff9761a0000 - 0x00007ff9761c5000 	C:\Windows\SYSTEM32\profapi.dll
0x00007ff956640000 - 0x00007ff956659000 	C:\Users\sttung\.jdks\jbr-17.0.7\bin\net.dll
0x00007ff973580000 - 0x00007ff97368a000 	C:\Windows\SYSTEM32\WINHTTP.dll
0x00007ff975a10000 - 0x00007ff975a7a000 	C:\Windows\system32\mswsock.dll
0x00007ff955470000 - 0x00007ff955486000 	C:\Users\sttung\.jdks\jbr-17.0.7\bin\nio.dll
0x00007ff96e820000 - 0x00007ff96e830000 	C:\Users\sttung\.jdks\jbr-17.0.7\bin\verify.dll
0x00007ff956a70000 - 0x00007ff956a97000 	C:\Users\sttung\.gradle\native\68d5fa5c4cc2d200863cafc0d521ce42e7d3e7ee720ec0a83991735586a16f82\windows-amd64\native-platform.dll
0x00007ff948b40000 - 0x00007ff948c84000 	C:\Users\sttung\.gradle\native\e376f236ea51e6404a007f0833ffe2c6e607c4080706a723a18a27aeea778392\windows-amd64\native-platform-file-events.dll
0x00007ff96c920000 - 0x00007ff96c929000 	C:\Users\sttung\.jdks\jbr-17.0.7\bin\management.dll
0x00007ff96c870000 - 0x00007ff96c87b000 	C:\Users\sttung\.jdks\jbr-17.0.7\bin\management_ext.dll
0x00007ff9784e0000 - 0x00007ff9784e8000 	C:\Windows\System32\PSAPI.DLL
0x00007ff975c10000 - 0x00007ff975c28000 	C:\Windows\SYSTEM32\CRYPTSP.dll
0x00007ff9752b0000 - 0x00007ff9752e4000 	C:\Windows\system32\rsaenh.dll
0x00007ff976960000 - 0x00007ff976987000 	C:\Windows\System32\bcrypt.dll
0x00007ff976160000 - 0x00007ff97618e000 	C:\Windows\SYSTEM32\USERENV.dll
0x00007ff975c00000 - 0x00007ff975c0c000 	C:\Windows\SYSTEM32\CRYPTBASE.dll
0x00007ff9756b0000 - 0x00007ff9756eb000 	C:\Windows\SYSTEM32\IPHLPAPI.DLL
0x00007ff978920000 - 0x00007ff978928000 	C:\Windows\System32\NSI.dll
0x00007ff96d710000 - 0x00007ff96d727000 	C:\Windows\SYSTEM32\dhcpcsvc6.DLL
0x00007ff96e670000 - 0x00007ff96e68d000 	C:\Windows\SYSTEM32\dhcpcsvc.DLL
0x00007ff9756f0000 - 0x00007ff9757ba000 	C:\Windows\SYSTEM32\DNSAPI.dll
0x00007ff96c7c0000 - 0x00007ff96c7ce000 	C:\Users\sttung\.jdks\jbr-17.0.7\bin\sunmscapi.dll
0x00007ff976990000 - 0x00007ff976aed000 	C:\Windows\System32\CRYPT32.dll
0x00007ff975d20000 - 0x00007ff975d47000 	C:\Windows\SYSTEM32\ncrypt.dll
0x00007ff975ce0000 - 0x00007ff975d1b000 	C:\Windows\SYSTEM32\NTASN1.dll
0x00007ff96c0e0000 - 0x00007ff96c0e7000 	C:\Windows\system32\wshunix.dll

dbghelp: loaded successfully - version: 4.0.5 - missing functions: none
symbol engine: initialized successfully - sym options: 0x614 - pdb path: .;C:\Users\sttung\.jdks\jbr-17.0.7\bin;C:\Windows\SYSTEM32;C:\Windows\WinSxS\amd64_microsoft.windows.common-controls_6595b64144ccf1df_6.0.19041.3570_none_60bb2a3971f3e41a;C:\Users\sttung\.jdks\jbr-17.0.7\bin\server;C:\Users\sttung\.gradle\native\68d5fa5c4cc2d200863cafc0d521ce42e7d3e7ee720ec0a83991735586a16f82\windows-amd64;C:\Users\sttung\.gradle\native\e376f236ea51e6404a007f0833ffe2c6e607c4080706a723a18a27aeea778392\windows-amd64

VM Arguments:
jvm_args: --add-opens=java.base/java.util=ALL-UNNAMED --add-opens=java.base/java.lang=ALL-UNNAMED --add-opens=java.base/java.lang.invoke=ALL-UNNAMED --add-opens=java.prefs/java.util.prefs=ALL-UNNAMED --add-opens=java.base/java.nio.charset=ALL-UNNAMED --add-opens=java.base/java.net=ALL-UNNAMED --add-opens=java.base/java.util.concurrent.atomic=ALL-UNNAMED -Xmx2048m -Dfile.encoding=UTF-8 -Duser.country=KR -Duser.language=ko -Duser.variant 
java_command: org.gradle.launcher.daemon.bootstrap.GradleDaemon 8.0
java_class_path (initial): C:\Users\sttung\.gradle\wrapper\dists\gradle-8.0-bin\ca5e32bp14vu59qr306oxotwh\gradle-8.0\lib\gradle-launcher-8.0.jar
Launcher Type: SUN_STANDARD

[Global flags]
     intx CICompilerCount                          = 4                                         {product} {ergonomic}
     uint ConcGCThreads                            = 2                                         {product} {ergonomic}
     uint G1ConcRefinementThreads                  = 8                                         {product} {ergonomic}
   size_t G1HeapRegionSize                         = 1048576                                   {product} {ergonomic}
    uintx GCDrainStackTargetSize                   = 64                                        {product} {ergonomic}
   size_t InitialHeapSize                          = 132120576                                 {product} {ergonomic}
   size_t MarkStackSize                            = 4194304                                   {product} {ergonomic}
   size_t MaxHeapSize                              = 2147483648                                {product} {command line}
   size_t MaxNewSize                               = 1287651328                                {product} {ergonomic}
   size_t MinHeapDeltaBytes                        = 1048576                                   {product} {ergonomic}
   size_t MinHeapSize                              = 8388608                                   {product} {ergonomic}
    uintx NonNMethodCodeHeapSize                   = 5839372                                {pd product} {ergonomic}
    uintx NonProfiledCodeHeapSize                  = 122909434                              {pd product} {ergonomic}
    uintx ProfiledCodeHeapSize                     = 122909434                              {pd product} {ergonomic}
    uintx ReservedCodeCacheSize                    = 251658240                              {pd product} {ergonomic}
     bool SegmentedCodeCache                       = true                                      {product} {ergonomic}
   size_t SoftMaxHeapSize                          = 2147483648                             {manageable} {ergonomic}
     bool UseCompressedClassPointers               = true                           {product lp64_product} {ergonomic}
     bool UseCompressedOops                        = true                           {product lp64_product} {ergonomic}
     bool UseG1GC                                  = true                                      {product} {ergonomic}
     bool UseLargePagesIndividualAllocation        = false                                  {pd product} {ergonomic}

Logging:
Log output configuration:
 #0: stdout all=warning uptime,level,tags
 #1: stderr all=off uptime,level,tags

Environment Variables:
PATH=C:\Program Files\Common Files\Oracle\Java\javapath;C:\Python310\Scripts\;C:\Python310\;C:\Windows\system32;C:\Windows;C:\Windows\System32\Wbem;C:\Windows\System32\WindowsPowerShell\v1.0\;C:\Windows\System32\OpenSSH\;C:\Program Files\Git\cmd;C:\Program Files\nodejs\;C:\ProgramData\chocolatey\bin;C:\Program Files\PuTTY\;C:\Users\sttung\Downloads\opencv\build\x64\vc16\bin;C:\Users\sttung\AppData\Local\Microsoft\WindowsApps;;C:\Users\sttung\AppData\Local\Programs\Microsoft VS Code\bin;C:\Users\sttung\AppData\Roaming\npm
USERNAME=sttung
OS=Windows_NT
PROCESSOR_IDENTIFIER=Intel64 Family 6 Model 142 Stepping 12, GenuineIntel
TMP=C:\Users\sttung\AppData\Local\Temp
TEMP=C:\Users\sttung\AppData\Local\Temp


JNI global refs:
JNI global refs: 25, weak refs: 0

JNI global refs memory usage: 843, weak refs: 841

OOME stack traces (most recent first):
Classloader memory used:
